[0.634s] Invoking command in '/home/ryokozuka/ros2_ws/src/mypkg': PYTHONPATH=/home/ryokozuka/ros2_ws/build/mypkg/prefix_override:/home/ryokozuka/ros2_ws/install/mypkg/lib/python3.10/site-packages:${PYTHONPATH} /usr/bin/python3 setup.py egg_info --egg-base ../../build/mypkg build --build-base /home/ryokozuka/ros2_ws/build/mypkg/build install --record /home/ryokozuka/ros2_ws/build/mypkg/install.log --single-version-externally-managed
[0.829s] running egg_info
[0.830s] writing ../../build/mypkg/mypkg.egg-info/PKG-INFO
[0.830s] writing dependency_links to ../../build/mypkg/mypkg.egg-info/dependency_links.txt
[0.830s] writing entry points to ../../build/mypkg/mypkg.egg-info/entry_points.txt
[0.830s] writing requirements to ../../build/mypkg/mypkg.egg-info/requires.txt
[0.831s] writing top-level names to ../../build/mypkg/mypkg.egg-info/top_level.txt
[0.831s] reading manifest file '../../build/mypkg/mypkg.egg-info/SOURCES.txt'
[0.833s] writing manifest file '../../build/mypkg/mypkg.egg-info/SOURCES.txt'
[0.833s] /usr/lib/python3/dist-packages/setuptools/command/install.py:34: SetuptoolsDeprecationWarning: setup.py install is deprecated. Use build and pip and other standards-based tools.
[0.833s]   warnings.warn(
[0.834s] running build
[0.834s] running build_py
[0.834s] copying mypkg/talker.py -> /home/ryokozuka/ros2_ws/build/mypkg/build/lib/mypkg
[0.834s] running install
[0.835s] running install_lib
[0.835s] copying /home/ryokozuka/ros2_ws/build/mypkg/build/lib/mypkg/talker.py -> /home/ryokozuka/ros2_ws/install/mypkg/lib/python3.10/site-packages/mypkg
[0.835s] byte-compiling /home/ryokozuka/ros2_ws/install/mypkg/lib/python3.10/site-packages/mypkg/talker.py to talker.cpython-310.pyc
[0.835s] running install_data
[0.836s] running install_egg_info
[0.836s]   File "/home/ryokozuka/ros2_ws/install/mypkg/lib/python3.10/site-packages/mypkg/talker.py", line 9
[0.836s]     responce.age  255
[0.837s]                   ^^^
[0.837s] SyntaxError: invalid syntax
[0.837s] 
[0.838s] removing '/home/ryokozuka/ros2_ws/install/mypkg/lib/python3.10/site-packages/mypkg-0.0.0-py3.10.egg-info' (and everything under it)
[0.838s] Copying ../../build/mypkg/mypkg.egg-info to /home/ryokozuka/ros2_ws/install/mypkg/lib/python3.10/site-packages/mypkg-0.0.0-py3.10.egg-info
[0.840s] running install_scripts
[0.866s] Installing listener script to /home/ryokozuka/ros2_ws/install/mypkg/lib/mypkg
[0.866s] Installing talker script to /home/ryokozuka/ros2_ws/install/mypkg/lib/mypkg
[0.867s] writing list of installed files to '/home/ryokozuka/ros2_ws/build/mypkg/install.log'
[0.891s] Invoked command in '/home/ryokozuka/ros2_ws/src/mypkg' returned '0': PYTHONPATH=/home/ryokozuka/ros2_ws/build/mypkg/prefix_override:/home/ryokozuka/ros2_ws/install/mypkg/lib/python3.10/site-packages:${PYTHONPATH} /usr/bin/python3 setup.py egg_info --egg-base ../../build/mypkg build --build-base /home/ryokozuka/ros2_ws/build/mypkg/build install --record /home/ryokozuka/ros2_ws/build/mypkg/install.log --single-version-externally-managed
