[0.306s] Invoking command in '/home/ryokozuka/ros2_ws/build/person_msgs': CMAKE_PREFIX_PATH=${CMAKE_PREFIX_PATH}:/opt/ros/humble /usr/bin/cmake --build /home/ryokozuka/ros2_ws/build/person_msgs -- -j8 -l8
[0.355s] [  2%] Built target person_msgs__cpp
[0.358s] [ 12%] Built target person_msgs__rosidl_generator_c
[0.378s] [ 12%] Built target ament_cmake_python_copy_person_msgs
[0.385s] [ 23%] Built target person_msgs__rosidl_typesupport_c
[0.386s] [ 33%] Built target person_msgs__rosidl_typesupport_cpp
[0.387s] [ 43%] Built target person_msgs__rosidl_typesupport_introspection_c
[0.388s] [ 53%] Built target person_msgs__rosidl_typesupport_fastrtps_cpp
[0.390s] [ 64%] Built target person_msgs__rosidl_typesupport_introspection_cpp
[0.400s] [ 74%] Built target person_msgs__rosidl_typesupport_fastrtps_c
[0.420s] [ 74%] Built target person_msgs
[0.440s] [ 76%] Built target person_msgs__py
[0.464s] [ 84%] Built target person_msgs__rosidl_generator_py
[0.490s] [ 94%] Built target person_msgs__rosidl_typesupport_c__pyext
[0.491s] [ 94%] Built target person_msgs__rosidl_typesupport_fastrtps_c__pyext
[0.491s] [100%] Built target person_msgs__rosidl_typesupport_introspection_c__pyext
[0.589s] running egg_info
[0.590s] writing person_msgs.egg-info/PKG-INFO
[0.591s] writing dependency_links to person_msgs.egg-info/dependency_links.txt
[0.591s] writing top-level names to person_msgs.egg-info/top_level.txt
[0.597s] reading manifest file 'person_msgs.egg-info/SOURCES.txt'
[0.597s] writing manifest file 'person_msgs.egg-info/SOURCES.txt'
[0.621s] [100%] Built target ament_cmake_python_build_person_msgs_egg
[0.630s] Invoked command in '/home/ryokozuka/ros2_ws/build/person_msgs' returned '0': CMAKE_PREFIX_PATH=${CMAKE_PREFIX_PATH}:/opt/ros/humble /usr/bin/cmake --build /home/ryokozuka/ros2_ws/build/person_msgs -- -j8 -l8
[0.702s] Invoking command in '/home/ryokozuka/ros2_ws/build/person_msgs': CMAKE_PREFIX_PATH=${CMAKE_PREFIX_PATH}:/opt/ros/humble /usr/bin/cmake --install /home/ryokozuka/ros2_ws/build/person_msgs
[0.709s] -- Install configuration: ""
[0.709s] -- Up-to-date: /home/ryokozuka/ros2_ws/install/person_msgs/share/ament_index/resource_index/rosidl_interfaces/person_msgs
[0.709s] -- Up-to-date: /home/ryokozuka/ros2_ws/install/person_msgs/include/person_msgs/person_msgs
[0.710s] -- Up-to-date: /home/ryokozuka/ros2_ws/install/person_msgs/include/person_msgs/person_msgs/srv
[0.710s] -- Up-to-date: /home/ryokozuka/ros2_ws/install/person_msgs/include/person_msgs/person_msgs/srv/query.h
[0.710s] -- Up-to-date: /home/ryokozuka/ros2_ws/install/person_msgs/include/person_msgs/person_msgs/srv/detail
[0.710s] -- Up-to-date: /home/ryokozuka/ros2_ws/install/person_msgs/include/person_msgs/person_msgs/srv/detail/query__functions.c
[0.710s] -- Up-to-date: /home/ryokozuka/ros2_ws/install/person_msgs/include/person_msgs/person_msgs/srv/detail/query__type_support.h
[0.711s] -- Up-to-date: /home/ryokozuka/ros2_ws/install/person_msgs/include/person_msgs/person_msgs/srv/detail/query__functions.h
[0.711s] -- Up-to-date: /home/ryokozuka/ros2_ws/install/person_msgs/include/person_msgs/person_msgs/srv/detail/query__struct.h
[0.711s] -- Up-to-date: /home/ryokozuka/ros2_ws/install/person_msgs/include/person_msgs/person_msgs/msg
[0.711s] -- Up-to-date: /home/ryokozuka/ros2_ws/install/person_msgs/include/person_msgs/person_msgs/msg/person.h
[0.711s] -- Up-to-date: /home/ryokozuka/ros2_ws/install/person_msgs/include/person_msgs/person_msgs/msg/rosidl_generator_c__visibility_control.h
[0.711s] -- Up-to-date: /home/ryokozuka/ros2_ws/install/person_msgs/include/person_msgs/person_msgs/msg/detail
[0.711s] -- Up-to-date: /home/ryokozuka/ros2_ws/install/person_msgs/include/person_msgs/person_msgs/msg/detail/person__functions.c
[0.711s] -- Up-to-date: /home/ryokozuka/ros2_ws/install/person_msgs/include/person_msgs/person_msgs/msg/detail/person__type_support.h
[0.711s] -- Up-to-date: /home/ryokozuka/ros2_ws/install/person_msgs/include/person_msgs/person_msgs/msg/detail/person__functions.h
[0.711s] -- Up-to-date: /home/ryokozuka/ros2_ws/install/person_msgs/include/person_msgs/person_msgs/msg/detail/person__struct.h
[0.712s] -- Up-to-date: /home/ryokozuka/ros2_ws/install/person_msgs/share/person_msgs/environment/library_path.sh
[0.712s] -- Up-to-date: /home/ryokozuka/ros2_ws/install/person_msgs/share/person_msgs/environment/library_path.dsv
[0.712s] -- Up-to-date: /home/ryokozuka/ros2_ws/install/person_msgs/lib/libperson_msgs__rosidl_generator_c.so
[0.712s] -- Up-to-date: /home/ryokozuka/ros2_ws/install/person_msgs/include/person_msgs/person_msgs
[0.712s] -- Up-to-date: /home/ryokozuka/ros2_ws/install/person_msgs/include/person_msgs/person_msgs/srv
[0.712s] -- Up-to-date: /home/ryokozuka/ros2_ws/install/person_msgs/include/person_msgs/person_msgs/srv/detail
[0.712s] -- Up-to-date: /home/ryokozuka/ros2_ws/install/person_msgs/include/person_msgs/person_msgs/srv/detail/query__rosidl_typesupport_fastrtps_c.h
[0.712s] -- Up-to-date: /home/ryokozuka/ros2_ws/install/person_msgs/include/person_msgs/person_msgs/msg
[0.712s] -- Up-to-date: /home/ryokozuka/ros2_ws/install/person_msgs/include/person_msgs/person_msgs/msg/rosidl_typesupport_fastrtps_c__visibility_control.h
[0.712s] -- Up-to-date: /home/ryokozuka/ros2_ws/install/person_msgs/include/person_msgs/person_msgs/msg/detail
[0.712s] -- Up-to-date: /home/ryokozuka/ros2_ws/install/person_msgs/include/person_msgs/person_msgs/msg/detail/person__rosidl_typesupport_fastrtps_c.h
[0.712s] -- Up-to-date: /home/ryokozuka/ros2_ws/install/person_msgs/lib/libperson_msgs__rosidl_typesupport_fastrtps_c.so
[0.713s] -- Up-to-date: /home/ryokozuka/ros2_ws/install/person_msgs/include/person_msgs/person_msgs
[0.713s] -- Up-to-date: /home/ryokozuka/ros2_ws/install/person_msgs/include/person_msgs/person_msgs/srv
[0.713s] -- Up-to-date: /home/ryokozuka/ros2_ws/install/person_msgs/include/person_msgs/person_msgs/srv/detail
[0.713s] -- Up-to-date: /home/ryokozuka/ros2_ws/install/person_msgs/include/person_msgs/person_msgs/srv/detail/query__type_support.c
[0.713s] -- Up-to-date: /home/ryokozuka/ros2_ws/install/person_msgs/include/person_msgs/person_msgs/srv/detail/query__rosidl_typesupport_introspection_c.h
[0.713s] -- Up-to-date: /home/ryokozuka/ros2_ws/install/person_msgs/include/person_msgs/person_msgs/msg
[0.714s] -- Up-to-date: /home/ryokozuka/ros2_ws/install/person_msgs/include/person_msgs/person_msgs/msg/rosidl_typesupport_introspection_c__visibility_control.h
[0.714s] -- Up-to-date: /home/ryokozuka/ros2_ws/install/person_msgs/include/person_msgs/person_msgs/msg/detail
[0.714s] -- Up-to-date: /home/ryokozuka/ros2_ws/install/person_msgs/include/person_msgs/person_msgs/msg/detail/person__type_support.c
[0.714s] -- Up-to-date: /home/ryokozuka/ros2_ws/install/person_msgs/include/person_msgs/person_msgs/msg/detail/person__rosidl_typesupport_introspection_c.h
[0.714s] -- Up-to-date: /home/ryokozuka/ros2_ws/install/person_msgs/lib/libperson_msgs__rosidl_typesupport_introspection_c.so
[0.715s] -- Up-to-date: /home/ryokozuka/ros2_ws/install/person_msgs/lib/libperson_msgs__rosidl_typesupport_c.so
[0.715s] -- Up-to-date: /home/ryokozuka/ros2_ws/install/person_msgs/include/person_msgs/person_msgs
[0.715s] -- Up-to-date: /home/ryokozuka/ros2_ws/install/person_msgs/include/person_msgs/person_msgs/srv
[0.715s] -- Up-to-date: /home/ryokozuka/ros2_ws/install/person_msgs/include/person_msgs/person_msgs/srv/query.hpp
[0.716s] -- Up-to-date: /home/ryokozuka/ros2_ws/install/person_msgs/include/person_msgs/person_msgs/srv/detail
[0.716s] -- Up-to-date: /home/ryokozuka/ros2_ws/install/person_msgs/include/person_msgs/person_msgs/srv/detail/query__builder.hpp
[0.716s] -- Up-to-date: /home/ryokozuka/ros2_ws/install/person_msgs/include/person_msgs/person_msgs/srv/detail/query__struct.hpp
[0.716s] -- Up-to-date: /home/ryokozuka/ros2_ws/install/person_msgs/include/person_msgs/person_msgs/srv/detail/query__traits.hpp
[0.716s] -- Up-to-date: /home/ryokozuka/ros2_ws/install/person_msgs/include/person_msgs/person_msgs/msg
[0.716s] -- Up-to-date: /home/ryokozuka/ros2_ws/install/person_msgs/include/person_msgs/person_msgs/msg/person.hpp
[0.716s] -- Up-to-date: /home/ryokozuka/ros2_ws/install/person_msgs/include/person_msgs/person_msgs/msg/detail
[0.716s] -- Up-to-date: /home/ryokozuka/ros2_ws/install/person_msgs/include/person_msgs/person_msgs/msg/detail/person__builder.hpp
[0.717s] -- Up-to-date: /home/ryokozuka/ros2_ws/install/person_msgs/include/person_msgs/person_msgs/msg/detail/person__traits.hpp
[0.717s] -- Up-to-date: /home/ryokozuka/ros2_ws/install/person_msgs/include/person_msgs/person_msgs/msg/detail/person__struct.hpp
[0.717s] -- Up-to-date: /home/ryokozuka/ros2_ws/install/person_msgs/include/person_msgs/person_msgs
[0.717s] -- Up-to-date: /home/ryokozuka/ros2_ws/install/person_msgs/include/person_msgs/person_msgs/srv
[0.717s] -- Up-to-date: /home/ryokozuka/ros2_ws/install/person_msgs/include/person_msgs/person_msgs/srv/detail
[0.717s] -- Up-to-date: /home/ryokozuka/ros2_ws/install/person_msgs/include/person_msgs/person_msgs/srv/detail/dds_fastrtps
[0.718s] -- Up-to-date: /home/ryokozuka/ros2_ws/install/person_msgs/include/person_msgs/person_msgs/srv/detail/query__rosidl_typesupport_fastrtps_cpp.hpp
[0.718s] -- Up-to-date: /home/ryokozuka/ros2_ws/install/person_msgs/include/person_msgs/person_msgs/msg
[0.718s] -- Up-to-date: /home/ryokozuka/ros2_ws/install/person_msgs/include/person_msgs/person_msgs/msg/rosidl_typesupport_fastrtps_cpp__visibility_control.h
[0.718s] -- Up-to-date: /home/ryokozuka/ros2_ws/install/person_msgs/include/person_msgs/person_msgs/msg/detail
[0.718s] -- Up-to-date: /home/ryokozuka/ros2_ws/install/person_msgs/include/person_msgs/person_msgs/msg/detail/dds_fastrtps
[0.718s] -- Up-to-date: /home/ryokozuka/ros2_ws/install/person_msgs/include/person_msgs/person_msgs/msg/detail/person__rosidl_typesupport_fastrtps_cpp.hpp
[0.718s] -- Up-to-date: /home/ryokozuka/ros2_ws/install/person_msgs/lib/libperson_msgs__rosidl_typesupport_fastrtps_cpp.so
[0.718s] -- Up-to-date: /home/ryokozuka/ros2_ws/install/person_msgs/include/person_msgs/person_msgs
[0.718s] -- Up-to-date: /home/ryokozuka/ros2_ws/install/person_msgs/include/person_msgs/person_msgs/srv
[0.718s] -- Up-to-date: /home/ryokozuka/ros2_ws/install/person_msgs/include/person_msgs/person_msgs/srv/detail
[0.718s] -- Up-to-date: /home/ryokozuka/ros2_ws/install/person_msgs/include/person_msgs/person_msgs/srv/detail/query__type_support.cpp
[0.718s] -- Up-to-date: /home/ryokozuka/ros2_ws/install/person_msgs/include/person_msgs/person_msgs/srv/detail/query__rosidl_typesupport_introspection_cpp.hpp
[0.718s] -- Up-to-date: /home/ryokozuka/ros2_ws/install/person_msgs/include/person_msgs/person_msgs/msg
[0.718s] -- Up-to-date: /home/ryokozuka/ros2_ws/install/person_msgs/include/person_msgs/person_msgs/msg/detail
[0.719s] -- Up-to-date: /home/ryokozuka/ros2_ws/install/person_msgs/include/person_msgs/person_msgs/msg/detail/person__rosidl_typesupport_introspection_cpp.hpp
[0.719s] -- Up-to-date: /home/ryokozuka/ros2_ws/install/person_msgs/include/person_msgs/person_msgs/msg/detail/person__type_support.cpp
[0.719s] -- Up-to-date: /home/ryokozuka/ros2_ws/install/person_msgs/lib/libperson_msgs__rosidl_typesupport_introspection_cpp.so
[0.719s] -- Up-to-date: /home/ryokozuka/ros2_ws/install/person_msgs/lib/libperson_msgs__rosidl_typesupport_cpp.so
[0.720s] -- Up-to-date: /home/ryokozuka/ros2_ws/install/person_msgs/share/person_msgs/environment/pythonpath.sh
[0.720s] -- Up-to-date: /home/ryokozuka/ros2_ws/install/person_msgs/share/person_msgs/environment/pythonpath.dsv
[0.720s] -- Up-to-date: /home/ryokozuka/ros2_ws/install/person_msgs/local/lib/python3.10/dist-packages/person_msgs-0.0.0-py3.10.egg-info
[0.720s] -- Installing: /home/ryokozuka/ros2_ws/install/person_msgs/local/lib/python3.10/dist-packages/person_msgs-0.0.0-py3.10.egg-info/top_level.txt
[0.721s] -- Installing: /home/ryokozuka/ros2_ws/install/person_msgs/local/lib/python3.10/dist-packages/person_msgs-0.0.0-py3.10.egg-info/dependency_links.txt
[0.721s] -- Installing: /home/ryokozuka/ros2_ws/install/person_msgs/local/lib/python3.10/dist-packages/person_msgs-0.0.0-py3.10.egg-info/SOURCES.txt
[0.721s] -- Installing: /home/ryokozuka/ros2_ws/install/person_msgs/local/lib/python3.10/dist-packages/person_msgs-0.0.0-py3.10.egg-info/PKG-INFO
[0.721s] -- Up-to-date: /home/ryokozuka/ros2_ws/install/person_msgs/local/lib/python3.10/dist-packages/person_msgs
[0.721s] -- Up-to-date: /home/ryokozuka/ros2_ws/install/person_msgs/local/lib/python3.10/dist-packages/person_msgs/srv
[0.721s] -- Up-to-date: /home/ryokozuka/ros2_ws/install/person_msgs/local/lib/python3.10/dist-packages/person_msgs/srv/_query_s.c
[0.722s] -- Up-to-date: /home/ryokozuka/ros2_ws/install/person_msgs/local/lib/python3.10/dist-packages/person_msgs/srv/_query.py
[0.722s] -- Up-to-date: /home/ryokozuka/ros2_ws/install/person_msgs/local/lib/python3.10/dist-packages/person_msgs/srv/__init__.py
[0.722s] -- Up-to-date: /home/ryokozuka/ros2_ws/install/person_msgs/local/lib/python3.10/dist-packages/person_msgs/libperson_msgs__rosidl_generator_py.so
[0.722s] -- Up-to-date: /home/ryokozuka/ros2_ws/install/person_msgs/local/lib/python3.10/dist-packages/person_msgs/_person_msgs_s.ep.rosidl_typesupport_introspection_c.c
[0.722s] -- Up-to-date: /home/ryokozuka/ros2_ws/install/person_msgs/local/lib/python3.10/dist-packages/person_msgs/_person_msgs_s.ep.rosidl_typesupport_c.c
[0.722s] -- Up-to-date: /home/ryokozuka/ros2_ws/install/person_msgs/local/lib/python3.10/dist-packages/person_msgs/person_msgs_s__rosidl_typesupport_fastrtps_c.cpython-310-x86_64-linux-gnu.so
[0.722s] -- Up-to-date: /home/ryokozuka/ros2_ws/install/person_msgs/local/lib/python3.10/dist-packages/person_msgs/msg
[0.722s] -- Up-to-date: /home/ryokozuka/ros2_ws/install/person_msgs/local/lib/python3.10/dist-packages/person_msgs/msg/_person.py
[0.722s] -- Up-to-date: /home/ryokozuka/ros2_ws/install/person_msgs/local/lib/python3.10/dist-packages/person_msgs/msg/_person_s.c
[0.722s] -- Up-to-date: /home/ryokozuka/ros2_ws/install/person_msgs/local/lib/python3.10/dist-packages/person_msgs/msg/__init__.py
[0.722s] -- Up-to-date: /home/ryokozuka/ros2_ws/install/person_msgs/local/lib/python3.10/dist-packages/person_msgs/person_msgs_s__rosidl_typesupport_introspection_c.cpython-310-x86_64-linux-gnu.so
[0.722s] -- Up-to-date: /home/ryokozuka/ros2_ws/install/person_msgs/local/lib/python3.10/dist-packages/person_msgs/person_msgs_s__rosidl_typesupport_c.cpython-310-x86_64-linux-gnu.so
[0.722s] -- Up-to-date: /home/ryokozuka/ros2_ws/install/person_msgs/local/lib/python3.10/dist-packages/person_msgs/_person_msgs_s.ep.rosidl_typesupport_fastrtps_c.c
[0.722s] -- Up-to-date: /home/ryokozuka/ros2_ws/install/person_msgs/local/lib/python3.10/dist-packages/person_msgs/__init__.py
[0.748s] Listing '/home/ryokozuka/ros2_ws/install/person_msgs/local/lib/python3.10/dist-packages/person_msgs'...
[0.748s] Listing '/home/ryokozuka/ros2_ws/install/person_msgs/local/lib/python3.10/dist-packages/person_msgs/msg'...
[0.748s] Listing '/home/ryokozuka/ros2_ws/install/person_msgs/local/lib/python3.10/dist-packages/person_msgs/srv'...
[0.753s] -- Up-to-date: /home/ryokozuka/ros2_ws/install/person_msgs/local/lib/python3.10/dist-packages/person_msgs/person_msgs_s__rosidl_typesupport_fastrtps_c.cpython-310-x86_64-linux-gnu.so
[0.754s] -- Up-to-date: /home/ryokozuka/ros2_ws/install/person_msgs/local/lib/python3.10/dist-packages/person_msgs/person_msgs_s__rosidl_typesupport_introspection_c.cpython-310-x86_64-linux-gnu.so
[0.755s] -- Up-to-date: /home/ryokozuka/ros2_ws/install/person_msgs/local/lib/python3.10/dist-packages/person_msgs/person_msgs_s__rosidl_typesupport_c.cpython-310-x86_64-linux-gnu.so
[0.756s] -- Up-to-date: /home/ryokozuka/ros2_ws/install/person_msgs/lib/libperson_msgs__rosidl_generator_py.so
[0.756s] -- Up-to-date: /home/ryokozuka/ros2_ws/install/person_msgs/share/person_msgs/msg/Person.idl
[0.757s] -- Up-to-date: /home/ryokozuka/ros2_ws/install/person_msgs/share/person_msgs/srv/Query.idl
[0.757s] -- Up-to-date: /home/ryokozuka/ros2_ws/install/person_msgs/share/person_msgs/msg/Person.msg
[0.757s] -- Up-to-date: /home/ryokozuka/ros2_ws/install/person_msgs/share/person_msgs/srv/Query.srv
[0.757s] -- Up-to-date: /home/ryokozuka/ros2_ws/install/person_msgs/share/person_msgs/srv/Query_Request.msg
[0.757s] -- Up-to-date: /home/ryokozuka/ros2_ws/install/person_msgs/share/person_msgs/srv/Query_Response.msg
[0.758s] -- Up-to-date: /home/ryokozuka/ros2_ws/install/person_msgs/share/ament_index/resource_index/package_run_dependencies/person_msgs
[0.758s] -- Up-to-date: /home/ryokozuka/ros2_ws/install/person_msgs/share/ament_index/resource_index/parent_prefix_path/person_msgs
[0.758s] -- Up-to-date: /home/ryokozuka/ros2_ws/install/person_msgs/share/person_msgs/environment/ament_prefix_path.sh
[0.758s] -- Up-to-date: /home/ryokozuka/ros2_ws/install/person_msgs/share/person_msgs/environment/ament_prefix_path.dsv
[0.758s] -- Up-to-date: /home/ryokozuka/ros2_ws/install/person_msgs/share/person_msgs/environment/path.sh
[0.758s] -- Up-to-date: /home/ryokozuka/ros2_ws/install/person_msgs/share/person_msgs/environment/path.dsv
[0.758s] -- Up-to-date: /home/ryokozuka/ros2_ws/install/person_msgs/share/person_msgs/local_setup.bash
[0.758s] -- Up-to-date: /home/ryokozuka/ros2_ws/install/person_msgs/share/person_msgs/local_setup.sh
[0.758s] -- Up-to-date: /home/ryokozuka/ros2_ws/install/person_msgs/share/person_msgs/local_setup.zsh
[0.758s] -- Up-to-date: /home/ryokozuka/ros2_ws/install/person_msgs/share/person_msgs/local_setup.dsv
[0.758s] -- Installing: /home/ryokozuka/ros2_ws/install/person_msgs/share/person_msgs/package.dsv
[0.759s] -- Up-to-date: /home/ryokozuka/ros2_ws/install/person_msgs/share/ament_index/resource_index/packages/person_msgs
[0.759s] -- Up-to-date: /home/ryokozuka/ros2_ws/install/person_msgs/share/person_msgs/cmake/export_person_msgs__rosidl_generator_cExport.cmake
[0.759s] -- Up-to-date: /home/ryokozuka/ros2_ws/install/person_msgs/share/person_msgs/cmake/export_person_msgs__rosidl_generator_cExport-noconfig.cmake
[0.760s] -- Up-to-date: /home/ryokozuka/ros2_ws/install/person_msgs/share/person_msgs/cmake/export_person_msgs__rosidl_typesupport_fastrtps_cExport.cmake
[0.760s] -- Up-to-date: /home/ryokozuka/ros2_ws/install/person_msgs/share/person_msgs/cmake/export_person_msgs__rosidl_typesupport_fastrtps_cExport-noconfig.cmake
[0.760s] -- Up-to-date: /home/ryokozuka/ros2_ws/install/person_msgs/share/person_msgs/cmake/person_msgs__rosidl_typesupport_introspection_cExport.cmake
[0.760s] -- Up-to-date: /home/ryokozuka/ros2_ws/install/person_msgs/share/person_msgs/cmake/person_msgs__rosidl_typesupport_introspection_cExport-noconfig.cmake
[0.761s] -- Up-to-date: /home/ryokozuka/ros2_ws/install/person_msgs/share/person_msgs/cmake/person_msgs__rosidl_typesupport_cExport.cmake
[0.761s] -- Up-to-date: /home/ryokozuka/ros2_ws/install/person_msgs/share/person_msgs/cmake/person_msgs__rosidl_typesupport_cExport-noconfig.cmake
[0.761s] -- Up-to-date: /home/ryokozuka/ros2_ws/install/person_msgs/share/person_msgs/cmake/export_person_msgs__rosidl_generator_cppExport.cmake
[0.762s] -- Up-to-date: /home/ryokozuka/ros2_ws/install/person_msgs/share/person_msgs/cmake/export_person_msgs__rosidl_typesupport_fastrtps_cppExport.cmake
[0.762s] -- Up-to-date: /home/ryokozuka/ros2_ws/install/person_msgs/share/person_msgs/cmake/export_person_msgs__rosidl_typesupport_fastrtps_cppExport-noconfig.cmake
[0.763s] -- Up-to-date: /home/ryokozuka/ros2_ws/install/person_msgs/share/person_msgs/cmake/person_msgs__rosidl_typesupport_introspection_cppExport.cmake
[0.763s] -- Up-to-date: /home/ryokozuka/ros2_ws/install/person_msgs/share/person_msgs/cmake/person_msgs__rosidl_typesupport_introspection_cppExport-noconfig.cmake
[0.764s] -- Up-to-date: /home/ryokozuka/ros2_ws/install/person_msgs/share/person_msgs/cmake/person_msgs__rosidl_typesupport_cppExport.cmake
[0.764s] -- Up-to-date: /home/ryokozuka/ros2_ws/install/person_msgs/share/person_msgs/cmake/person_msgs__rosidl_typesupport_cppExport-noconfig.cmake
[0.765s] -- Up-to-date: /home/ryokozuka/ros2_ws/install/person_msgs/share/person_msgs/cmake/export_person_msgs__rosidl_generator_pyExport.cmake
[0.765s] -- Up-to-date: /home/ryokozuka/ros2_ws/install/person_msgs/share/person_msgs/cmake/export_person_msgs__rosidl_generator_pyExport-noconfig.cmake
[0.765s] -- Up-to-date: /home/ryokozuka/ros2_ws/install/person_msgs/share/person_msgs/cmake/rosidl_cmake-extras.cmake
[0.765s] -- Up-to-date: /home/ryokozuka/ros2_ws/install/person_msgs/share/person_msgs/cmake/ament_cmake_export_include_directories-extras.cmake
[0.766s] -- Up-to-date: /home/ryokozuka/ros2_ws/install/person_msgs/share/person_msgs/cmake/ament_cmake_export_libraries-extras.cmake
[0.766s] -- Up-to-date: /home/ryokozuka/ros2_ws/install/person_msgs/share/person_msgs/cmake/ament_cmake_export_targets-extras.cmake
[0.766s] -- Up-to-date: /home/ryokozuka/ros2_ws/install/person_msgs/share/person_msgs/cmake/rosidl_cmake_export_typesupport_targets-extras.cmake
[0.766s] -- Up-to-date: /home/ryokozuka/ros2_ws/install/person_msgs/share/person_msgs/cmake/ament_cmake_export_dependencies-extras.cmake
[0.766s] -- Up-to-date: /home/ryokozuka/ros2_ws/install/person_msgs/share/person_msgs/cmake/rosidl_cmake_export_typesupport_libraries-extras.cmake
[0.766s] -- Up-to-date: /home/ryokozuka/ros2_ws/install/person_msgs/share/person_msgs/cmake/person_msgsConfig.cmake
[0.766s] -- Up-to-date: /home/ryokozuka/ros2_ws/install/person_msgs/share/person_msgs/cmake/person_msgsConfig-version.cmake
[0.766s] -- Up-to-date: /home/ryokozuka/ros2_ws/install/person_msgs/share/person_msgs/package.xml
[0.768s] Invoked command in '/home/ryokozuka/ros2_ws/build/person_msgs' returned '0': CMAKE_PREFIX_PATH=${CMAKE_PREFIX_PATH}:/opt/ros/humble /usr/bin/cmake --install /home/ryokozuka/ros2_ws/build/person_msgs
