[0.268s] Invoking command in '/home/ryokozuka/ros2_ws/build/person_msgs': CMAKE_PREFIX_PATH=${CMAKE_PREFIX_PATH}:/home/ryokozuka/ros2_ws/install/mypkg:/opt/ros/humble /usr/bin/cmake --build /home/ryokozuka/ros2_ws/build/person_msgs -- -j8 -l8
[0.289s] -- Found ament_cmake: 1.3.6 (/opt/ros/humble/share/ament_cmake/cmake)
[0.416s] -- Found rosidl_default_generators: 1.2.0 (/opt/ros/humble/share/rosidl_default_generators/cmake)
[0.417s] -- Using all available rosidl_typesupport_c: rosidl_typesupport_fastrtps_c;rosidl_typesupport_introspection_c
[0.420s] -- Found rosidl_adapter: 3.1.5 (/opt/ros/humble/share/rosidl_adapter/cmake)
[0.539s] -- Using all available rosidl_typesupport_cpp: rosidl_typesupport_fastrtps_cpp;rosidl_typesupport_introspection_cpp
[0.818s] -- Found ament_cmake_ros: 0.10.0 (/opt/ros/humble/share/ament_cmake_ros/cmake)
[0.987s] -- Using all available rosidl_typesupport_c: rosidl_typesupport_fastrtps_c;rosidl_typesupport_introspection_c
[1.220s] -- Using all available rosidl_typesupport_cpp: rosidl_typesupport_fastrtps_cpp;rosidl_typesupport_introspection_cpp
[1.237s] -- Found python_cmake_module: 0.10.0 (/opt/ros/humble/share/python_cmake_module/cmake)
[1.255s] -- Using PYTHON_EXECUTABLE: /usr/bin/python3
[1.255s] -- Using PYTHON_INCLUDE_DIRS: /usr/include/python3.10
[1.255s] -- Using PYTHON_LIBRARIES: /usr/lib/x86_64-linux-gnu/libpython3.10.so
[1.263s] -- Found ament_lint_auto: 0.12.9 (/opt/ros/humble/share/ament_lint_auto/cmake)
[1.276s] -- Added test 'lint_cmake' to check CMake code style
[1.277s] -- Added test 'xmllint' to check XML markup files
[1.280s] -- Configuring done
[1.310s] -- Generating done
[1.313s] -- Build files have been written to: /home/ryokozuka/ros2_ws/build/person_msgs
[1.334s] [  2%] [34m[1mGenerating C code for ROS interfaces[0m
[1.341s] [  5%] [34m[1mGenerating C++ code for ROS interfaces[0m
[1.350s] [  5%] Built target ament_cmake_python_copy_person_msgs
[1.591s] running egg_info
[1.591s] writing person_msgs.egg-info/PKG-INFO
[1.592s] writing dependency_links to person_msgs.egg-info/dependency_links.txt
[1.592s] writing top-level names to person_msgs.egg-info/top_level.txt
[1.595s] reading manifest file 'person_msgs.egg-info/SOURCES.txt'
[1.595s] writing manifest file 'person_msgs.egg-info/SOURCES.txt'
[1.621s] [  5%] Built target ament_cmake_python_build_person_msgs_egg
[1.685s] [35m[1mConsolidate compiler generated dependencies of target person_msgs__rosidl_generator_c[0m
[1.694s] [  7%] [32mBuilding C object CMakeFiles/person_msgs__rosidl_generator_c.dir/rosidl_generator_c/person_msgs/msg/detail/person__functions.c.o[0m
[1.695s] [ 10%] [32mBuilding C object CMakeFiles/person_msgs__rosidl_generator_c.dir/rosidl_generator_c/person_msgs/srv/detail/query__functions.c.o[0m
[1.716s] [ 10%] Built target person_msgs__cpp
[1.725s] [ 12%] [34m[1mGenerating C++ type support for eProsima Fast-RTPS[0m
[1.727s] [ 17%] [34m[1mGenerating C++ type support dispatch for ROS interfaces[0m
[1.727s] [ 17%] [34m[1mGenerating C++ introspection for ROS interfaces[0m
[1.752s] [ 20%] [32m[1mLinking C shared library libperson_msgs__rosidl_generator_c.so[0m
[1.860s] [ 20%] Built target person_msgs__rosidl_generator_c
[1.871s] [ 23%] [34m[1mGenerating C type support for eProsima Fast-RTPS[0m
[1.871s] [ 28%] [34m[1mGenerating C type support dispatch for ROS interfaces[0m
[1.871s] [ 28%] [34m[1mGenerating C introspection for ROS interfaces[0m
[2.119s] [35m[1mConsolidate compiler generated dependencies of target person_msgs__rosidl_typesupport_cpp[0m
[2.133s] [ 33%] [32mBuilding CXX object CMakeFiles/person_msgs__rosidl_typesupport_cpp.dir/rosidl_typesupport_cpp/person_msgs/srv/query__type_support.cpp.o[0m
[2.134s] [ 33%] [32mBuilding CXX object CMakeFiles/person_msgs__rosidl_typesupport_cpp.dir/rosidl_typesupport_cpp/person_msgs/msg/person__type_support.cpp.o[0m
[2.188s] [35m[1mConsolidate compiler generated dependencies of target person_msgs__rosidl_typesupport_introspection_cpp[0m
[2.206s] [ 38%] [32mBuilding CXX object CMakeFiles/person_msgs__rosidl_typesupport_introspection_cpp.dir/rosidl_typesupport_introspection_cpp/person_msgs/srv/detail/query__type_support.cpp.o[0m
[2.207s] [ 38%] [32mBuilding CXX object CMakeFiles/person_msgs__rosidl_typesupport_introspection_cpp.dir/rosidl_typesupport_introspection_cpp/person_msgs/msg/detail/person__type_support.cpp.o[0m
[2.287s] [35m[1mConsolidate compiler generated dependencies of target person_msgs__rosidl_typesupport_fastrtps_cpp[0m
[2.305s] [ 41%] [32mBuilding CXX object CMakeFiles/person_msgs__rosidl_typesupport_fastrtps_cpp.dir/rosidl_typesupport_fastrtps_cpp/person_msgs/msg/detail/dds_fastrtps/person__type_support.cpp.o[0m
[2.347s] [35m[1mConsolidate compiler generated dependencies of target person_msgs__rosidl_typesupport_c[0m
[2.368s] [ 43%] [32mBuilding CXX object CMakeFiles/person_msgs__rosidl_typesupport_c.dir/rosidl_typesupport_c/person_msgs/msg/person__type_support.cpp.o[0m
[2.417s] [ 46%] [32mBuilding CXX object CMakeFiles/person_msgs__rosidl_typesupport_c.dir/rosidl_typesupport_c/person_msgs/srv/query__type_support.cpp.o[0m
[2.466s] [ 48%] [32m[1mLinking CXX shared library libperson_msgs__rosidl_typesupport_c.so[0m
[2.466s] [35m[1mConsolidate compiler generated dependencies of target person_msgs__rosidl_typesupport_introspection_c[0m
[2.483s] [ 51%] [32mBuilding C object CMakeFiles/person_msgs__rosidl_typesupport_introspection_c.dir/rosidl_typesupport_introspection_c/person_msgs/msg/detail/person__type_support.c.o[0m
[2.531s] [35m[1mConsolidate compiler generated dependencies of target person_msgs__rosidl_typesupport_fastrtps_c[0m
[2.540s] [ 53%] [32mBuilding C object CMakeFiles/person_msgs__rosidl_typesupport_introspection_c.dir/rosidl_typesupport_introspection_c/person_msgs/srv/detail/query__type_support.c.o[0m
[2.554s] [ 56%] [32mBuilding CXX object CMakeFiles/person_msgs__rosidl_typesupport_fastrtps_c.dir/rosidl_typesupport_fastrtps_c/person_msgs/msg/detail/person__type_support_c.cpp.o[0m
[2.608s] [ 56%] Built target person_msgs__rosidl_typesupport_c
[2.609s] [ 58%] [32m[1mLinking C shared library libperson_msgs__rosidl_typesupport_introspection_c.so[0m
[2.624s] [ 61%] [32mBuilding CXX object CMakeFiles/person_msgs__rosidl_typesupport_fastrtps_cpp.dir/rosidl_typesupport_fastrtps_cpp/person_msgs/srv/detail/dds_fastrtps/query__type_support.cpp.o[0m
[2.641s] [ 64%] [32mBuilding CXX object CMakeFiles/person_msgs__rosidl_typesupport_fastrtps_c.dir/rosidl_typesupport_fastrtps_c/person_msgs/srv/detail/query__type_support_c.cpp.o[0m
[2.648s] [ 66%] [32m[1mLinking CXX shared library libperson_msgs__rosidl_typesupport_cpp.so[0m
[2.756s] [ 66%] Built target person_msgs__rosidl_typesupport_introspection_c
[2.823s] [ 66%] Built target person_msgs__rosidl_typesupport_cpp
[2.957s] [ 69%] [32m[1mLinking CXX shared library libperson_msgs__rosidl_typesupport_introspection_cpp.so[0m
[3.080s] [ 69%] Built target person_msgs__rosidl_typesupport_introspection_cpp
[3.148s] [ 71%] [32m[1mLinking CXX shared library libperson_msgs__rosidl_typesupport_fastrtps_c.so[0m
[3.205s] [ 74%] [32m[1mLinking CXX shared library libperson_msgs__rosidl_typesupport_fastrtps_cpp.so[0m
[3.322s] [ 74%] Built target person_msgs__rosidl_typesupport_fastrtps_c
[3.406s] [ 74%] Built target person_msgs__rosidl_typesupport_fastrtps_cpp
[3.420s] [ 74%] Built target person_msgs
[3.433s] [ 76%] [34m[1mGenerating Python code for ROS interfaces[0m
[3.862s] [ 76%] Built target person_msgs__py
[3.869s] [35m[1mConsolidate compiler generated dependencies of target person_msgs__rosidl_generator_py[0m
[3.879s] [ 82%] [32mBuilding C object CMakeFiles/person_msgs__rosidl_generator_py.dir/rosidl_generator_py/person_msgs/srv/_query_s.c.o[0m
[3.879s] [ 82%] [32mBuilding C object CMakeFiles/person_msgs__rosidl_generator_py.dir/rosidl_generator_py/person_msgs/msg/_person_s.c.o[0m
[3.971s] [ 84%] [32m[1mLinking C shared library rosidl_generator_py/person_msgs/libperson_msgs__rosidl_generator_py.so[0m
[4.091s] [ 84%] Built target person_msgs__rosidl_generator_py
[4.101s] [35m[1mConsolidate compiler generated dependencies of target person_msgs__rosidl_typesupport_fastrtps_c__pyext[0m
[4.101s] [35m[1mConsolidate compiler generated dependencies of target person_msgs__rosidl_typesupport_introspection_c__pyext[0m
[4.103s] [35m[1mConsolidate compiler generated dependencies of target person_msgs__rosidl_typesupport_c__pyext[0m
[4.111s] [ 87%] [32mBuilding C object CMakeFiles/person_msgs__rosidl_typesupport_introspection_c__pyext.dir/rosidl_generator_py/person_msgs/_person_msgs_s.ep.rosidl_typesupport_introspection_c.c.o[0m
[4.112s] [ 89%] [32mBuilding C object CMakeFiles/person_msgs__rosidl_typesupport_fastrtps_c__pyext.dir/rosidl_generator_py/person_msgs/_person_msgs_s.ep.rosidl_typesupport_fastrtps_c.c.o[0m
[4.113s] [ 92%] [32mBuilding C object CMakeFiles/person_msgs__rosidl_typesupport_c__pyext.dir/rosidl_generator_py/person_msgs/_person_msgs_s.ep.rosidl_typesupport_c.c.o[0m
[4.215s] [ 94%] [32m[1mLinking C shared library rosidl_generator_py/person_msgs/person_msgs_s__rosidl_typesupport_introspection_c.cpython-310-x86_64-linux-gnu.so[0m
[4.216s] [ 97%] [32m[1mLinking C shared library rosidl_generator_py/person_msgs/person_msgs_s__rosidl_typesupport_c.cpython-310-x86_64-linux-gnu.so[0m
[4.233s] [100%] [32m[1mLinking C shared library rosidl_generator_py/person_msgs/person_msgs_s__rosidl_typesupport_fastrtps_c.cpython-310-x86_64-linux-gnu.so[0m
[4.291s] [100%] Built target person_msgs__rosidl_typesupport_c__pyext
[4.292s] [100%] Built target person_msgs__rosidl_typesupport_introspection_c__pyext
[4.329s] [100%] Built target person_msgs__rosidl_typesupport_fastrtps_c__pyext
[4.343s] Invoked command in '/home/ryokozuka/ros2_ws/build/person_msgs' returned '0': CMAKE_PREFIX_PATH=${CMAKE_PREFIX_PATH}:/home/ryokozuka/ros2_ws/install/mypkg:/opt/ros/humble /usr/bin/cmake --build /home/ryokozuka/ros2_ws/build/person_msgs -- -j8 -l8
[4.414s] Invoking command in '/home/ryokozuka/ros2_ws/build/person_msgs': CMAKE_PREFIX_PATH=${CMAKE_PREFIX_PATH}:/home/ryokozuka/ros2_ws/install/mypkg:/opt/ros/humble /usr/bin/cmake --install /home/ryokozuka/ros2_ws/build/person_msgs
[4.419s] -- Install configuration: ""
[4.419s] -- Installing: /home/ryokozuka/ros2_ws/install/person_msgs/share/ament_index/resource_index/rosidl_interfaces/person_msgs
[4.419s] -- Up-to-date: /home/ryokozuka/ros2_ws/install/person_msgs/include/person_msgs/person_msgs
[4.420s] -- Installing: /home/ryokozuka/ros2_ws/install/person_msgs/include/person_msgs/person_msgs/srv
[4.420s] -- Installing: /home/ryokozuka/ros2_ws/install/person_msgs/include/person_msgs/person_msgs/srv/query.h
[4.420s] -- Installing: /home/ryokozuka/ros2_ws/install/person_msgs/include/person_msgs/person_msgs/srv/detail
[4.420s] -- Installing: /home/ryokozuka/ros2_ws/install/person_msgs/include/person_msgs/person_msgs/srv/detail/query__functions.c
[4.420s] -- Installing: /home/ryokozuka/ros2_ws/install/person_msgs/include/person_msgs/person_msgs/srv/detail/query__type_support.h
[4.421s] -- Installing: /home/ryokozuka/ros2_ws/install/person_msgs/include/person_msgs/person_msgs/srv/detail/query__functions.h
[4.421s] -- Installing: /home/ryokozuka/ros2_ws/install/person_msgs/include/person_msgs/person_msgs/srv/detail/query__struct.h
[4.421s] -- Up-to-date: /home/ryokozuka/ros2_ws/install/person_msgs/include/person_msgs/person_msgs/msg
[4.421s] -- Installing: /home/ryokozuka/ros2_ws/install/person_msgs/include/person_msgs/person_msgs/msg/person.h
[4.421s] -- Up-to-date: /home/ryokozuka/ros2_ws/install/person_msgs/include/person_msgs/person_msgs/msg/rosidl_generator_c__visibility_control.h
[4.422s] -- Up-to-date: /home/ryokozuka/ros2_ws/install/person_msgs/include/person_msgs/person_msgs/msg/detail
[4.422s] -- Installing: /home/ryokozuka/ros2_ws/install/person_msgs/include/person_msgs/person_msgs/msg/detail/person__functions.c
[4.422s] -- Installing: /home/ryokozuka/ros2_ws/install/person_msgs/include/person_msgs/person_msgs/msg/detail/person__type_support.h
[4.422s] -- Installing: /home/ryokozuka/ros2_ws/install/person_msgs/include/person_msgs/person_msgs/msg/detail/person__functions.h
[4.422s] -- Installing: /home/ryokozuka/ros2_ws/install/person_msgs/include/person_msgs/person_msgs/msg/detail/person__struct.h
[4.422s] -- Up-to-date: /home/ryokozuka/ros2_ws/install/person_msgs/share/person_msgs/environment/library_path.sh
[4.422s] -- Installing: /home/ryokozuka/ros2_ws/install/person_msgs/share/person_msgs/environment/library_path.dsv
[4.423s] -- Installing: /home/ryokozuka/ros2_ws/install/person_msgs/lib/libperson_msgs__rosidl_generator_c.so
[4.423s] -- Set runtime path of "/home/ryokozuka/ros2_ws/install/person_msgs/lib/libperson_msgs__rosidl_generator_c.so" to ""
[4.423s] -- Up-to-date: /home/ryokozuka/ros2_ws/install/person_msgs/include/person_msgs/person_msgs
[4.423s] -- Up-to-date: /home/ryokozuka/ros2_ws/install/person_msgs/include/person_msgs/person_msgs/srv
[4.423s] -- Up-to-date: /home/ryokozuka/ros2_ws/install/person_msgs/include/person_msgs/person_msgs/srv/detail
[4.423s] -- Installing: /home/ryokozuka/ros2_ws/install/person_msgs/include/person_msgs/person_msgs/srv/detail/query__rosidl_typesupport_fastrtps_c.h
[4.423s] -- Up-to-date: /home/ryokozuka/ros2_ws/install/person_msgs/include/person_msgs/person_msgs/msg
[4.424s] -- Up-to-date: /home/ryokozuka/ros2_ws/install/person_msgs/include/person_msgs/person_msgs/msg/rosidl_typesupport_fastrtps_c__visibility_control.h
[4.424s] -- Up-to-date: /home/ryokozuka/ros2_ws/install/person_msgs/include/person_msgs/person_msgs/msg/detail
[4.424s] -- Installing: /home/ryokozuka/ros2_ws/install/person_msgs/include/person_msgs/person_msgs/msg/detail/person__rosidl_typesupport_fastrtps_c.h
[4.424s] -- Installing: /home/ryokozuka/ros2_ws/install/person_msgs/lib/libperson_msgs__rosidl_typesupport_fastrtps_c.so
[4.424s] -- Set runtime path of "/home/ryokozuka/ros2_ws/install/person_msgs/lib/libperson_msgs__rosidl_typesupport_fastrtps_c.so" to ""
[4.424s] -- Up-to-date: /home/ryokozuka/ros2_ws/install/person_msgs/include/person_msgs/person_msgs
[4.424s] -- Up-to-date: /home/ryokozuka/ros2_ws/install/person_msgs/include/person_msgs/person_msgs/srv
[4.425s] -- Up-to-date: /home/ryokozuka/ros2_ws/install/person_msgs/include/person_msgs/person_msgs/srv/detail
[4.425s] -- Installing: /home/ryokozuka/ros2_ws/install/person_msgs/include/person_msgs/person_msgs/srv/detail/query__type_support.c
[4.425s] -- Installing: /home/ryokozuka/ros2_ws/install/person_msgs/include/person_msgs/person_msgs/srv/detail/query__rosidl_typesupport_introspection_c.h
[4.425s] -- Up-to-date: /home/ryokozuka/ros2_ws/install/person_msgs/include/person_msgs/person_msgs/msg
[4.425s] -- Up-to-date: /home/ryokozuka/ros2_ws/install/person_msgs/include/person_msgs/person_msgs/msg/rosidl_typesupport_introspection_c__visibility_control.h
[4.426s] -- Up-to-date: /home/ryokozuka/ros2_ws/install/person_msgs/include/person_msgs/person_msgs/msg/detail
[4.426s] -- Installing: /home/ryokozuka/ros2_ws/install/person_msgs/include/person_msgs/person_msgs/msg/detail/person__type_support.c
[4.426s] -- Installing: /home/ryokozuka/ros2_ws/install/person_msgs/include/person_msgs/person_msgs/msg/detail/person__rosidl_typesupport_introspection_c.h
[4.426s] -- Installing: /home/ryokozuka/ros2_ws/install/person_msgs/lib/libperson_msgs__rosidl_typesupport_introspection_c.so
[4.426s] -- Set runtime path of "/home/ryokozuka/ros2_ws/install/person_msgs/lib/libperson_msgs__rosidl_typesupport_introspection_c.so" to ""
[4.426s] -- Installing: /home/ryokozuka/ros2_ws/install/person_msgs/lib/libperson_msgs__rosidl_typesupport_c.so
[4.426s] -- Set runtime path of "/home/ryokozuka/ros2_ws/install/person_msgs/lib/libperson_msgs__rosidl_typesupport_c.so" to ""
[4.427s] -- Up-to-date: /home/ryokozuka/ros2_ws/install/person_msgs/include/person_msgs/person_msgs
[4.427s] -- Up-to-date: /home/ryokozuka/ros2_ws/install/person_msgs/include/person_msgs/person_msgs/srv
[4.427s] -- Installing: /home/ryokozuka/ros2_ws/install/person_msgs/include/person_msgs/person_msgs/srv/query.hpp
[4.427s] -- Up-to-date: /home/ryokozuka/ros2_ws/install/person_msgs/include/person_msgs/person_msgs/srv/detail
[4.427s] -- Installing: /home/ryokozuka/ros2_ws/install/person_msgs/include/person_msgs/person_msgs/srv/detail/query__builder.hpp
[4.428s] -- Installing: /home/ryokozuka/ros2_ws/install/person_msgs/include/person_msgs/person_msgs/srv/detail/query__struct.hpp
[4.428s] -- Installing: /home/ryokozuka/ros2_ws/install/person_msgs/include/person_msgs/person_msgs/srv/detail/query__traits.hpp
[4.428s] -- Up-to-date: /home/ryokozuka/ros2_ws/install/person_msgs/include/person_msgs/person_msgs/msg
[4.428s] -- Installing: /home/ryokozuka/ros2_ws/install/person_msgs/include/person_msgs/person_msgs/msg/person.hpp
[4.428s] -- Up-to-date: /home/ryokozuka/ros2_ws/install/person_msgs/include/person_msgs/person_msgs/msg/detail
[4.429s] -- Installing: /home/ryokozuka/ros2_ws/install/person_msgs/include/person_msgs/person_msgs/msg/detail/person__builder.hpp
[4.429s] -- Installing: /home/ryokozuka/ros2_ws/install/person_msgs/include/person_msgs/person_msgs/msg/detail/person__traits.hpp
[4.429s] -- Installing: /home/ryokozuka/ros2_ws/install/person_msgs/include/person_msgs/person_msgs/msg/detail/person__struct.hpp
[4.429s] -- Up-to-date: /home/ryokozuka/ros2_ws/install/person_msgs/include/person_msgs/person_msgs
[4.429s] -- Up-to-date: /home/ryokozuka/ros2_ws/install/person_msgs/include/person_msgs/person_msgs/srv
[4.430s] -- Up-to-date: /home/ryokozuka/ros2_ws/install/person_msgs/include/person_msgs/person_msgs/srv/detail
[4.430s] -- Installing: /home/ryokozuka/ros2_ws/install/person_msgs/include/person_msgs/person_msgs/srv/detail/dds_fastrtps
[4.430s] -- Installing: /home/ryokozuka/ros2_ws/install/person_msgs/include/person_msgs/person_msgs/srv/detail/query__rosidl_typesupport_fastrtps_cpp.hpp
[4.430s] -- Up-to-date: /home/ryokozuka/ros2_ws/install/person_msgs/include/person_msgs/person_msgs/msg
[4.430s] -- Up-to-date: /home/ryokozuka/ros2_ws/install/person_msgs/include/person_msgs/person_msgs/msg/rosidl_typesupport_fastrtps_cpp__visibility_control.h
[4.430s] -- Up-to-date: /home/ryokozuka/ros2_ws/install/person_msgs/include/person_msgs/person_msgs/msg/detail
[4.431s] -- Up-to-date: /home/ryokozuka/ros2_ws/install/person_msgs/include/person_msgs/person_msgs/msg/detail/dds_fastrtps
[4.431s] -- Installing: /home/ryokozuka/ros2_ws/install/person_msgs/include/person_msgs/person_msgs/msg/detail/person__rosidl_typesupport_fastrtps_cpp.hpp
[4.431s] -- Installing: /home/ryokozuka/ros2_ws/install/person_msgs/lib/libperson_msgs__rosidl_typesupport_fastrtps_cpp.so
[4.431s] -- Set runtime path of "/home/ryokozuka/ros2_ws/install/person_msgs/lib/libperson_msgs__rosidl_typesupport_fastrtps_cpp.so" to ""
[4.431s] -- Up-to-date: /home/ryokozuka/ros2_ws/install/person_msgs/include/person_msgs/person_msgs
[4.431s] -- Up-to-date: /home/ryokozuka/ros2_ws/install/person_msgs/include/person_msgs/person_msgs/srv
[4.432s] -- Up-to-date: /home/ryokozuka/ros2_ws/install/person_msgs/include/person_msgs/person_msgs/srv/detail
[4.432s] -- Installing: /home/ryokozuka/ros2_ws/install/person_msgs/include/person_msgs/person_msgs/srv/detail/query__type_support.cpp
[4.432s] -- Installing: /home/ryokozuka/ros2_ws/install/person_msgs/include/person_msgs/person_msgs/srv/detail/query__rosidl_typesupport_introspection_cpp.hpp
[4.432s] -- Up-to-date: /home/ryokozuka/ros2_ws/install/person_msgs/include/person_msgs/person_msgs/msg
[4.432s] -- Up-to-date: /home/ryokozuka/ros2_ws/install/person_msgs/include/person_msgs/person_msgs/msg/detail
[4.432s] -- Installing: /home/ryokozuka/ros2_ws/install/person_msgs/include/person_msgs/person_msgs/msg/detail/person__rosidl_typesupport_introspection_cpp.hpp
[4.432s] -- Installing: /home/ryokozuka/ros2_ws/install/person_msgs/include/person_msgs/person_msgs/msg/detail/person__type_support.cpp
[4.432s] -- Installing: /home/ryokozuka/ros2_ws/install/person_msgs/lib/libperson_msgs__rosidl_typesupport_introspection_cpp.so
[4.432s] -- Set runtime path of "/home/ryokozuka/ros2_ws/install/person_msgs/lib/libperson_msgs__rosidl_typesupport_introspection_cpp.so" to ""
[4.432s] -- Installing: /home/ryokozuka/ros2_ws/install/person_msgs/lib/libperson_msgs__rosidl_typesupport_cpp.so
[4.432s] -- Set runtime path of "/home/ryokozuka/ros2_ws/install/person_msgs/lib/libperson_msgs__rosidl_typesupport_cpp.so" to ""
[4.433s] -- Up-to-date: /home/ryokozuka/ros2_ws/install/person_msgs/share/person_msgs/environment/pythonpath.sh
[4.433s] -- Installing: /home/ryokozuka/ros2_ws/install/person_msgs/share/person_msgs/environment/pythonpath.dsv
[4.433s] -- Up-to-date: /home/ryokozuka/ros2_ws/install/person_msgs/local/lib/python3.10/dist-packages/person_msgs-0.0.0-py3.10.egg-info
[4.433s] -- Installing: /home/ryokozuka/ros2_ws/install/person_msgs/local/lib/python3.10/dist-packages/person_msgs-0.0.0-py3.10.egg-info/top_level.txt
[4.433s] -- Installing: /home/ryokozuka/ros2_ws/install/person_msgs/local/lib/python3.10/dist-packages/person_msgs-0.0.0-py3.10.egg-info/dependency_links.txt
[4.433s] -- Installing: /home/ryokozuka/ros2_ws/install/person_msgs/local/lib/python3.10/dist-packages/person_msgs-0.0.0-py3.10.egg-info/SOURCES.txt
[4.433s] -- Installing: /home/ryokozuka/ros2_ws/install/person_msgs/local/lib/python3.10/dist-packages/person_msgs-0.0.0-py3.10.egg-info/PKG-INFO
[4.433s] -- Up-to-date: /home/ryokozuka/ros2_ws/install/person_msgs/local/lib/python3.10/dist-packages/person_msgs
[4.433s] -- Installing: /home/ryokozuka/ros2_ws/install/person_msgs/local/lib/python3.10/dist-packages/person_msgs/srv
[4.433s] -- Installing: /home/ryokozuka/ros2_ws/install/person_msgs/local/lib/python3.10/dist-packages/person_msgs/srv/_query_s.c
[4.433s] -- Installing: /home/ryokozuka/ros2_ws/install/person_msgs/local/lib/python3.10/dist-packages/person_msgs/srv/_query.py
[4.433s] -- Installing: /home/ryokozuka/ros2_ws/install/person_msgs/local/lib/python3.10/dist-packages/person_msgs/srv/__init__.py
[4.433s] -- Installing: /home/ryokozuka/ros2_ws/install/person_msgs/local/lib/python3.10/dist-packages/person_msgs/libperson_msgs__rosidl_generator_py.so
[4.433s] -- Installing: /home/ryokozuka/ros2_ws/install/person_msgs/local/lib/python3.10/dist-packages/person_msgs/_person_msgs_s.ep.rosidl_typesupport_introspection_c.c
[4.434s] -- Installing: /home/ryokozuka/ros2_ws/install/person_msgs/local/lib/python3.10/dist-packages/person_msgs/_person_msgs_s.ep.rosidl_typesupport_c.c
[4.434s] -- Installing: /home/ryokozuka/ros2_ws/install/person_msgs/local/lib/python3.10/dist-packages/person_msgs/person_msgs_s__rosidl_typesupport_fastrtps_c.cpython-310-x86_64-linux-gnu.so
[4.434s] -- Up-to-date: /home/ryokozuka/ros2_ws/install/person_msgs/local/lib/python3.10/dist-packages/person_msgs/msg
[4.434s] -- Installing: /home/ryokozuka/ros2_ws/install/person_msgs/local/lib/python3.10/dist-packages/person_msgs/msg/_person.py
[4.434s] -- Installing: /home/ryokozuka/ros2_ws/install/person_msgs/local/lib/python3.10/dist-packages/person_msgs/msg/_person_s.c
[4.434s] -- Installing: /home/ryokozuka/ros2_ws/install/person_msgs/local/lib/python3.10/dist-packages/person_msgs/msg/__init__.py
[4.434s] -- Installing: /home/ryokozuka/ros2_ws/install/person_msgs/local/lib/python3.10/dist-packages/person_msgs/person_msgs_s__rosidl_typesupport_introspection_c.cpython-310-x86_64-linux-gnu.so
[4.434s] -- Installing: /home/ryokozuka/ros2_ws/install/person_msgs/local/lib/python3.10/dist-packages/person_msgs/person_msgs_s__rosidl_typesupport_c.cpython-310-x86_64-linux-gnu.so
[4.434s] -- Installing: /home/ryokozuka/ros2_ws/install/person_msgs/local/lib/python3.10/dist-packages/person_msgs/_person_msgs_s.ep.rosidl_typesupport_fastrtps_c.c
[4.434s] -- Installing: /home/ryokozuka/ros2_ws/install/person_msgs/local/lib/python3.10/dist-packages/person_msgs/__init__.py
[4.463s] Listing '/home/ryokozuka/ros2_ws/install/person_msgs/local/lib/python3.10/dist-packages/person_msgs'...
[4.463s] Compiling '/home/ryokozuka/ros2_ws/install/person_msgs/local/lib/python3.10/dist-packages/person_msgs/__init__.py'...
[4.463s] Listing '/home/ryokozuka/ros2_ws/install/person_msgs/local/lib/python3.10/dist-packages/person_msgs/msg'...
[4.463s] Compiling '/home/ryokozuka/ros2_ws/install/person_msgs/local/lib/python3.10/dist-packages/person_msgs/msg/__init__.py'...
[4.463s] Compiling '/home/ryokozuka/ros2_ws/install/person_msgs/local/lib/python3.10/dist-packages/person_msgs/msg/_person.py'...
[4.463s] Listing '/home/ryokozuka/ros2_ws/install/person_msgs/local/lib/python3.10/dist-packages/person_msgs/srv'...
[4.463s] Compiling '/home/ryokozuka/ros2_ws/install/person_msgs/local/lib/python3.10/dist-packages/person_msgs/srv/__init__.py'...
[4.463s] Compiling '/home/ryokozuka/ros2_ws/install/person_msgs/local/lib/python3.10/dist-packages/person_msgs/srv/_query.py'...
[4.467s] -- Installing: /home/ryokozuka/ros2_ws/install/person_msgs/local/lib/python3.10/dist-packages/person_msgs/person_msgs_s__rosidl_typesupport_fastrtps_c.cpython-310-x86_64-linux-gnu.so
[4.467s] -- Set runtime path of "/home/ryokozuka/ros2_ws/install/person_msgs/local/lib/python3.10/dist-packages/person_msgs/person_msgs_s__rosidl_typesupport_fastrtps_c.cpython-310-x86_64-linux-gnu.so" to ""
[4.467s] -- Installing: /home/ryokozuka/ros2_ws/install/person_msgs/local/lib/python3.10/dist-packages/person_msgs/person_msgs_s__rosidl_typesupport_introspection_c.cpython-310-x86_64-linux-gnu.so
[4.467s] -- Set runtime path of "/home/ryokozuka/ros2_ws/install/person_msgs/local/lib/python3.10/dist-packages/person_msgs/person_msgs_s__rosidl_typesupport_introspection_c.cpython-310-x86_64-linux-gnu.so" to ""
[4.468s] -- Installing: /home/ryokozuka/ros2_ws/install/person_msgs/local/lib/python3.10/dist-packages/person_msgs/person_msgs_s__rosidl_typesupport_c.cpython-310-x86_64-linux-gnu.so
[4.468s] -- Set runtime path of "/home/ryokozuka/ros2_ws/install/person_msgs/local/lib/python3.10/dist-packages/person_msgs/person_msgs_s__rosidl_typesupport_c.cpython-310-x86_64-linux-gnu.so" to ""
[4.468s] -- Installing: /home/ryokozuka/ros2_ws/install/person_msgs/lib/libperson_msgs__rosidl_generator_py.so
[4.469s] -- Set runtime path of "/home/ryokozuka/ros2_ws/install/person_msgs/lib/libperson_msgs__rosidl_generator_py.so" to ""
[4.469s] -- Up-to-date: /home/ryokozuka/ros2_ws/install/person_msgs/share/person_msgs/msg/Person.idl
[4.469s] -- Installing: /home/ryokozuka/ros2_ws/install/person_msgs/share/person_msgs/srv/Query.idl
[4.469s] -- Up-to-date: /home/ryokozuka/ros2_ws/install/person_msgs/share/person_msgs/msg/Person.msg
[4.469s] -- Installing: /home/ryokozuka/ros2_ws/install/person_msgs/share/person_msgs/srv/Query.srv
[4.469s] -- Installing: /home/ryokozuka/ros2_ws/install/person_msgs/share/person_msgs/srv/Query_Request.msg
[4.470s] -- Installing: /home/ryokozuka/ros2_ws/install/person_msgs/share/person_msgs/srv/Query_Response.msg
[4.470s] -- Up-to-date: /home/ryokozuka/ros2_ws/install/person_msgs/share/ament_index/resource_index/package_run_dependencies/person_msgs
[4.470s] -- Installing: /home/ryokozuka/ros2_ws/install/person_msgs/share/ament_index/resource_index/parent_prefix_path/person_msgs
[4.470s] -- Up-to-date: /home/ryokozuka/ros2_ws/install/person_msgs/share/person_msgs/environment/ament_prefix_path.sh
[4.470s] -- Installing: /home/ryokozuka/ros2_ws/install/person_msgs/share/person_msgs/environment/ament_prefix_path.dsv
[4.471s] -- Up-to-date: /home/ryokozuka/ros2_ws/install/person_msgs/share/person_msgs/environment/path.sh
[4.471s] -- Installing: /home/ryokozuka/ros2_ws/install/person_msgs/share/person_msgs/environment/path.dsv
[4.471s] -- Up-to-date: /home/ryokozuka/ros2_ws/install/person_msgs/share/person_msgs/local_setup.bash
[4.471s] -- Up-to-date: /home/ryokozuka/ros2_ws/install/person_msgs/share/person_msgs/local_setup.sh
[4.471s] -- Up-to-date: /home/ryokozuka/ros2_ws/install/person_msgs/share/person_msgs/local_setup.zsh
[4.471s] -- Installing: /home/ryokozuka/ros2_ws/install/person_msgs/share/person_msgs/local_setup.dsv
[4.472s] -- Installing: /home/ryokozuka/ros2_ws/install/person_msgs/share/person_msgs/package.dsv
[4.472s] -- Up-to-date: /home/ryokozuka/ros2_ws/install/person_msgs/share/ament_index/resource_index/packages/person_msgs
[4.472s] -- Up-to-date: /home/ryokozuka/ros2_ws/install/person_msgs/share/person_msgs/cmake/export_person_msgs__rosidl_generator_cExport.cmake
[4.472s] -- Up-to-date: /home/ryokozuka/ros2_ws/install/person_msgs/share/person_msgs/cmake/export_person_msgs__rosidl_generator_cExport-noconfig.cmake
[4.472s] -- Up-to-date: /home/ryokozuka/ros2_ws/install/person_msgs/share/person_msgs/cmake/export_person_msgs__rosidl_typesupport_fastrtps_cExport.cmake
[4.472s] -- Up-to-date: /home/ryokozuka/ros2_ws/install/person_msgs/share/person_msgs/cmake/export_person_msgs__rosidl_typesupport_fastrtps_cExport-noconfig.cmake
[4.473s] -- Up-to-date: /home/ryokozuka/ros2_ws/install/person_msgs/share/person_msgs/cmake/person_msgs__rosidl_typesupport_introspection_cExport.cmake
[4.473s] -- Up-to-date: /home/ryokozuka/ros2_ws/install/person_msgs/share/person_msgs/cmake/person_msgs__rosidl_typesupport_introspection_cExport-noconfig.cmake
[4.473s] -- Up-to-date: /home/ryokozuka/ros2_ws/install/person_msgs/share/person_msgs/cmake/person_msgs__rosidl_typesupport_cExport.cmake
[4.473s] -- Up-to-date: /home/ryokozuka/ros2_ws/install/person_msgs/share/person_msgs/cmake/person_msgs__rosidl_typesupport_cExport-noconfig.cmake
[4.473s] -- Up-to-date: /home/ryokozuka/ros2_ws/install/person_msgs/share/person_msgs/cmake/export_person_msgs__rosidl_generator_cppExport.cmake
[4.473s] -- Up-to-date: /home/ryokozuka/ros2_ws/install/person_msgs/share/person_msgs/cmake/export_person_msgs__rosidl_typesupport_fastrtps_cppExport.cmake
[4.473s] -- Up-to-date: /home/ryokozuka/ros2_ws/install/person_msgs/share/person_msgs/cmake/export_person_msgs__rosidl_typesupport_fastrtps_cppExport-noconfig.cmake
[4.474s] -- Up-to-date: /home/ryokozuka/ros2_ws/install/person_msgs/share/person_msgs/cmake/person_msgs__rosidl_typesupport_introspection_cppExport.cmake
[4.474s] -- Up-to-date: /home/ryokozuka/ros2_ws/install/person_msgs/share/person_msgs/cmake/person_msgs__rosidl_typesupport_introspection_cppExport-noconfig.cmake
[4.474s] -- Up-to-date: /home/ryokozuka/ros2_ws/install/person_msgs/share/person_msgs/cmake/person_msgs__rosidl_typesupport_cppExport.cmake
[4.474s] -- Up-to-date: /home/ryokozuka/ros2_ws/install/person_msgs/share/person_msgs/cmake/person_msgs__rosidl_typesupport_cppExport-noconfig.cmake
[4.474s] -- Up-to-date: /home/ryokozuka/ros2_ws/install/person_msgs/share/person_msgs/cmake/export_person_msgs__rosidl_generator_pyExport.cmake
[4.474s] -- Up-to-date: /home/ryokozuka/ros2_ws/install/person_msgs/share/person_msgs/cmake/export_person_msgs__rosidl_generator_pyExport-noconfig.cmake
[4.474s] -- Installing: /home/ryokozuka/ros2_ws/install/person_msgs/share/person_msgs/cmake/rosidl_cmake-extras.cmake
[4.474s] -- Up-to-date: /home/ryokozuka/ros2_ws/install/person_msgs/share/person_msgs/cmake/ament_cmake_export_include_directories-extras.cmake
[4.474s] -- Up-to-date: /home/ryokozuka/ros2_ws/install/person_msgs/share/person_msgs/cmake/ament_cmake_export_libraries-extras.cmake
[4.475s] -- Up-to-date: /home/ryokozuka/ros2_ws/install/person_msgs/share/person_msgs/cmake/ament_cmake_export_targets-extras.cmake
[4.475s] -- Up-to-date: /home/ryokozuka/ros2_ws/install/person_msgs/share/person_msgs/cmake/rosidl_cmake_export_typesupport_targets-extras.cmake
[4.475s] -- Up-to-date: /home/ryokozuka/ros2_ws/install/person_msgs/share/person_msgs/cmake/ament_cmake_export_dependencies-extras.cmake
[4.476s] -- Up-to-date: /home/ryokozuka/ros2_ws/install/person_msgs/share/person_msgs/cmake/rosidl_cmake_export_typesupport_libraries-extras.cmake
[4.477s] -- Up-to-date: /home/ryokozuka/ros2_ws/install/person_msgs/share/person_msgs/cmake/person_msgsConfig.cmake
[4.477s] -- Up-to-date: /home/ryokozuka/ros2_ws/install/person_msgs/share/person_msgs/cmake/person_msgsConfig-version.cmake
[4.477s] -- Up-to-date: /home/ryokozuka/ros2_ws/install/person_msgs/share/person_msgs/package.xml
[4.479s] Invoked command in '/home/ryokozuka/ros2_ws/build/person_msgs' returned '0': CMAKE_PREFIX_PATH=${CMAKE_PREFIX_PATH}:/home/ryokozuka/ros2_ws/install/mypkg:/opt/ros/humble /usr/bin/cmake --install /home/ryokozuka/ros2_ws/build/person_msgs
