[0.812s] Invoking command in '/home/ryokozuka/ros2_ws/src/mypkg': PYTHONPATH=/home/ryokozuka/ros2_ws/build/mypkg/prefix_override:/home/ryokozuka/ros2_ws/install/mypkg/lib/python3.10/site-packages:${PYTHONPATH} /usr/bin/python3 setup.py egg_info --egg-base ../../build/mypkg build --build-base /home/ryokozuka/ros2_ws/build/mypkg/build install --record /home/ryokozuka/ros2_ws/build/mypkg/install.log --single-version-externally-managed
[1.044s] running egg_info
[1.044s] writing ../../build/mypkg/mypkg.egg-info/PKG-INFO
[1.045s] writing dependency_links to ../../build/mypkg/mypkg.egg-info/dependency_links.txt
[1.045s] writing entry points to ../../build/mypkg/mypkg.egg-info/entry_points.txt
[1.045s] writing requirements to ../../build/mypkg/mypkg.egg-info/requires.txt
[1.045s] writing top-level names to ../../build/mypkg/mypkg.egg-info/top_level.txt
[1.046s] reading manifest file '../../build/mypkg/mypkg.egg-info/SOURCES.txt'
[1.047s] writing manifest file '../../build/mypkg/mypkg.egg-info/SOURCES.txt'
[1.049s] running build
[1.049s] running build_py
[1.049s] copying mypkg/talker.py -> /home/ryokozuka/ros2_ws/build/mypkg/build/lib/mypkg
[1.051s] running install
[1.051s] running install_lib
[1.051s] copying /home/ryokozuka/ros2_ws/build/mypkg/build/lib/mypkg/talker.py -> /home/ryokozuka/ros2_ws/install/mypkg/lib/python3.10/site-packages/mypkg
[1.052s] byte-compiling /home/ryokozuka/ros2_ws/install/mypkg/lib/python3.10/site-packages/mypkg/talker.py to talker.cpython-310.pyc
[1.052s] running install_data
[1.052s] copying package.xml -> /home/ryokozuka/ros2_ws/install/mypkg/share/mypkg
[1.052s] running install_egg_info
[1.053s] removing '/home/ryokozuka/ros2_ws/install/mypkg/lib/python3.10/site-packages/mypkg-0.0.0-py3.10.egg-info' (and everything under it)
[1.054s] Copying ../../build/mypkg/mypkg.egg-info to /home/ryokozuka/ros2_ws/install/mypkg/lib/python3.10/site-packages/mypkg-0.0.0-py3.10.egg-info
[1.054s] running install_scripts
[1.076s] Installing listener script to /home/ryokozuka/ros2_ws/install/mypkg/lib/mypkg
[1.076s] Installing talker script to /home/ryokozuka/ros2_ws/install/mypkg/lib/mypkg
[1.076s] writing list of installed files to '/home/ryokozuka/ros2_ws/build/mypkg/install.log'
[1.110s] Invoked command in '/home/ryokozuka/ros2_ws/src/mypkg' returned '0': PYTHONPATH=/home/ryokozuka/ros2_ws/build/mypkg/prefix_override:/home/ryokozuka/ros2_ws/install/mypkg/lib/python3.10/site-packages:${PYTHONPATH} /usr/bin/python3 setup.py egg_info --egg-base ../../build/mypkg build --build-base /home/ryokozuka/ros2_ws/build/mypkg/build install --record /home/ryokozuka/ros2_ws/build/mypkg/install.log --single-version-externally-managed
