[0.272s] Invoking command in '/home/ryokozuka/ros2_ws/build/person_msgs': CMAKE_PREFIX_PATH=${CMAKE_PREFIX_PATH}:/home/ryokozuka/ros2_ws/install/mypkg:/opt/ros/humble /usr/bin/cmake --build /home/ryokozuka/ros2_ws/build/person_msgs -- -j8 -l8
[0.313s] [35m[1mConsolidate compiler generated dependencies of target person_msgs__rosidl_generator_c[0m
[0.321s] [  2%] Built target person_msgs__cpp
[0.326s] [ 12%] Built target person_msgs__rosidl_generator_c
[0.337s] [35m[1mConsolidate compiler generated dependencies of target person_msgs__rosidl_typesupport_introspection_cpp[0m
[0.337s] [35m[1mConsolidate compiler generated dependencies of target person_msgs__rosidl_typesupport_cpp[0m
[0.338s] [35m[1mConsolidate compiler generated dependencies of target person_msgs__rosidl_typesupport_fastrtps_cpp[0m
[0.338s] [35m[1mConsolidate compiler generated dependencies of target person_msgs__rosidl_typesupport_introspection_c[0m
[0.339s] [35m[1mConsolidate compiler generated dependencies of target person_msgs__rosidl_typesupport_c[0m
[0.340s] [35m[1mConsolidate compiler generated dependencies of target person_msgs__rosidl_typesupport_fastrtps_c[0m
[0.344s] [ 12%] Built target ament_cmake_python_copy_person_msgs
[0.353s] [ 23%] Built target person_msgs__rosidl_typesupport_fastrtps_cpp
[0.353s] [ 48%] Built target person_msgs__rosidl_typesupport_introspection_cpp
[0.353s] [ 51%] Built target person_msgs__rosidl_typesupport_c
[0.353s] [ 53%] Built target person_msgs__rosidl_typesupport_introspection_c
[0.354s] [ 64%] Built target person_msgs__rosidl_typesupport_cpp
[0.359s] [ 74%] Built target person_msgs__rosidl_typesupport_fastrtps_c
[0.375s] [ 74%] Built target person_msgs
[0.399s] [ 76%] Built target person_msgs__py
[0.409s] [35m[1mConsolidate compiler generated dependencies of target person_msgs__rosidl_generator_py[0m
[0.421s] [ 84%] Built target person_msgs__rosidl_generator_py
[0.431s] [35m[1mConsolidate compiler generated dependencies of target person_msgs__rosidl_typesupport_fastrtps_c__pyext[0m
[0.432s] [35m[1mConsolidate compiler generated dependencies of target person_msgs__rosidl_typesupport_introspection_c__pyext[0m
[0.433s] [35m[1mConsolidate compiler generated dependencies of target person_msgs__rosidl_typesupport_c__pyext[0m
[0.443s] [ 89%] Built target person_msgs__rosidl_typesupport_fastrtps_c__pyext
[0.446s] [ 94%] Built target person_msgs__rosidl_typesupport_introspection_c__pyext
[0.446s] [100%] Built target person_msgs__rosidl_typesupport_c__pyext
[0.560s] running egg_info
[0.561s] writing person_msgs.egg-info/PKG-INFO
[0.561s] writing dependency_links to person_msgs.egg-info/dependency_links.txt
[0.561s] writing top-level names to person_msgs.egg-info/top_level.txt
[0.564s] reading manifest file 'person_msgs.egg-info/SOURCES.txt'
[0.564s] writing manifest file 'person_msgs.egg-info/SOURCES.txt'
[0.596s] [100%] Built target ament_cmake_python_build_person_msgs_egg
[0.605s] Invoked command in '/home/ryokozuka/ros2_ws/build/person_msgs' returned '0': CMAKE_PREFIX_PATH=${CMAKE_PREFIX_PATH}:/home/ryokozuka/ros2_ws/install/mypkg:/opt/ros/humble /usr/bin/cmake --build /home/ryokozuka/ros2_ws/build/person_msgs -- -j8 -l8
[0.680s] Invoking command in '/home/ryokozuka/ros2_ws/build/person_msgs': CMAKE_PREFIX_PATH=${CMAKE_PREFIX_PATH}:/home/ryokozuka/ros2_ws/install/mypkg:/opt/ros/humble /usr/bin/cmake --install /home/ryokozuka/ros2_ws/build/person_msgs
[0.690s] -- Install configuration: ""
[0.690s] -- Up-to-date: /home/ryokozuka/ros2_ws/install/person_msgs/share/ament_index/resource_index/rosidl_interfaces/person_msgs
[0.690s] -- Up-to-date: /home/ryokozuka/ros2_ws/install/person_msgs/include/person_msgs/person_msgs
[0.690s] -- Up-to-date: /home/ryokozuka/ros2_ws/install/person_msgs/include/person_msgs/person_msgs/srv
[0.690s] -- Up-to-date: /home/ryokozuka/ros2_ws/install/person_msgs/include/person_msgs/person_msgs/srv/query.h
[0.690s] -- Up-to-date: /home/ryokozuka/ros2_ws/install/person_msgs/include/person_msgs/person_msgs/srv/detail
[0.691s] -- Up-to-date: /home/ryokozuka/ros2_ws/install/person_msgs/include/person_msgs/person_msgs/srv/detail/query__functions.c
[0.691s] -- Up-to-date: /home/ryokozuka/ros2_ws/install/person_msgs/include/person_msgs/person_msgs/srv/detail/query__type_support.h
[0.691s] -- Up-to-date: /home/ryokozuka/ros2_ws/install/person_msgs/include/person_msgs/person_msgs/srv/detail/query__functions.h
[0.691s] -- Up-to-date: /home/ryokozuka/ros2_ws/install/person_msgs/include/person_msgs/person_msgs/srv/detail/query__struct.h
[0.691s] -- Up-to-date: /home/ryokozuka/ros2_ws/install/person_msgs/include/person_msgs/person_msgs/msg
[0.692s] -- Up-to-date: /home/ryokozuka/ros2_ws/install/person_msgs/include/person_msgs/person_msgs/msg/person.h
[0.692s] -- Up-to-date: /home/ryokozuka/ros2_ws/install/person_msgs/include/person_msgs/person_msgs/msg/rosidl_generator_c__visibility_control.h
[0.692s] -- Up-to-date: /home/ryokozuka/ros2_ws/install/person_msgs/include/person_msgs/person_msgs/msg/detail
[0.692s] -- Up-to-date: /home/ryokozuka/ros2_ws/install/person_msgs/include/person_msgs/person_msgs/msg/detail/person__functions.c
[0.692s] -- Up-to-date: /home/ryokozuka/ros2_ws/install/person_msgs/include/person_msgs/person_msgs/msg/detail/person__type_support.h
[0.692s] -- Up-to-date: /home/ryokozuka/ros2_ws/install/person_msgs/include/person_msgs/person_msgs/msg/detail/person__functions.h
[0.693s] -- Up-to-date: /home/ryokozuka/ros2_ws/install/person_msgs/include/person_msgs/person_msgs/msg/detail/person__struct.h
[0.693s] -- Up-to-date: /home/ryokozuka/ros2_ws/install/person_msgs/share/person_msgs/environment/library_path.sh
[0.693s] -- Up-to-date: /home/ryokozuka/ros2_ws/install/person_msgs/share/person_msgs/environment/library_path.dsv
[0.694s] -- Up-to-date: /home/ryokozuka/ros2_ws/install/person_msgs/lib/libperson_msgs__rosidl_generator_c.so
[0.694s] -- Up-to-date: /home/ryokozuka/ros2_ws/install/person_msgs/include/person_msgs/person_msgs
[0.694s] -- Up-to-date: /home/ryokozuka/ros2_ws/install/person_msgs/include/person_msgs/person_msgs/srv
[0.694s] -- Up-to-date: /home/ryokozuka/ros2_ws/install/person_msgs/include/person_msgs/person_msgs/srv/detail
[0.694s] -- Up-to-date: /home/ryokozuka/ros2_ws/install/person_msgs/include/person_msgs/person_msgs/srv/detail/query__rosidl_typesupport_fastrtps_c.h
[0.695s] -- Up-to-date: /home/ryokozuka/ros2_ws/install/person_msgs/include/person_msgs/person_msgs/msg
[0.695s] -- Up-to-date: /home/ryokozuka/ros2_ws/install/person_msgs/include/person_msgs/person_msgs/msg/rosidl_typesupport_fastrtps_c__visibility_control.h
[0.695s] -- Up-to-date: /home/ryokozuka/ros2_ws/install/person_msgs/include/person_msgs/person_msgs/msg/detail
[0.695s] -- Up-to-date: /home/ryokozuka/ros2_ws/install/person_msgs/include/person_msgs/person_msgs/msg/detail/person__rosidl_typesupport_fastrtps_c.h
[0.695s] -- Up-to-date: /home/ryokozuka/ros2_ws/install/person_msgs/lib/libperson_msgs__rosidl_typesupport_fastrtps_c.so
[0.695s] -- Up-to-date: /home/ryokozuka/ros2_ws/install/person_msgs/include/person_msgs/person_msgs
[0.696s] -- Up-to-date: /home/ryokozuka/ros2_ws/install/person_msgs/include/person_msgs/person_msgs/srv
[0.696s] -- Up-to-date: /home/ryokozuka/ros2_ws/install/person_msgs/include/person_msgs/person_msgs/srv/detail
[0.696s] -- Up-to-date: /home/ryokozuka/ros2_ws/install/person_msgs/include/person_msgs/person_msgs/srv/detail/query__type_support.c
[0.696s] -- Up-to-date: /home/ryokozuka/ros2_ws/install/person_msgs/include/person_msgs/person_msgs/srv/detail/query__rosidl_typesupport_introspection_c.h
[0.696s] -- Up-to-date: /home/ryokozuka/ros2_ws/install/person_msgs/include/person_msgs/person_msgs/msg
[0.697s] -- Up-to-date: /home/ryokozuka/ros2_ws/install/person_msgs/include/person_msgs/person_msgs/msg/rosidl_typesupport_introspection_c__visibility_control.h
[0.697s] -- Up-to-date: /home/ryokozuka/ros2_ws/install/person_msgs/include/person_msgs/person_msgs/msg/detail
[0.697s] -- Up-to-date: /home/ryokozuka/ros2_ws/install/person_msgs/include/person_msgs/person_msgs/msg/detail/person__type_support.c
[0.697s] -- Up-to-date: /home/ryokozuka/ros2_ws/install/person_msgs/include/person_msgs/person_msgs/msg/detail/person__rosidl_typesupport_introspection_c.h
[0.697s] -- Up-to-date: /home/ryokozuka/ros2_ws/install/person_msgs/lib/libperson_msgs__rosidl_typesupport_introspection_c.so
[0.698s] -- Up-to-date: /home/ryokozuka/ros2_ws/install/person_msgs/lib/libperson_msgs__rosidl_typesupport_c.so
[0.698s] -- Up-to-date: /home/ryokozuka/ros2_ws/install/person_msgs/include/person_msgs/person_msgs
[0.698s] -- Up-to-date: /home/ryokozuka/ros2_ws/install/person_msgs/include/person_msgs/person_msgs/srv
[0.698s] -- Up-to-date: /home/ryokozuka/ros2_ws/install/person_msgs/include/person_msgs/person_msgs/srv/query.hpp
[0.698s] -- Up-to-date: /home/ryokozuka/ros2_ws/install/person_msgs/include/person_msgs/person_msgs/srv/detail
[0.698s] -- Up-to-date: /home/ryokozuka/ros2_ws/install/person_msgs/include/person_msgs/person_msgs/srv/detail/query__builder.hpp
[0.698s] -- Up-to-date: /home/ryokozuka/ros2_ws/install/person_msgs/include/person_msgs/person_msgs/srv/detail/query__struct.hpp
[0.698s] -- Up-to-date: /home/ryokozuka/ros2_ws/install/person_msgs/include/person_msgs/person_msgs/srv/detail/query__traits.hpp
[0.698s] -- Up-to-date: /home/ryokozuka/ros2_ws/install/person_msgs/include/person_msgs/person_msgs/msg
[0.698s] -- Up-to-date: /home/ryokozuka/ros2_ws/install/person_msgs/include/person_msgs/person_msgs/msg/person.hpp
[0.698s] -- Up-to-date: /home/ryokozuka/ros2_ws/install/person_msgs/include/person_msgs/person_msgs/msg/detail
[0.698s] -- Up-to-date: /home/ryokozuka/ros2_ws/install/person_msgs/include/person_msgs/person_msgs/msg/detail/person__builder.hpp
[0.699s] -- Up-to-date: /home/ryokozuka/ros2_ws/install/person_msgs/include/person_msgs/person_msgs/msg/detail/person__traits.hpp
[0.699s] -- Up-to-date: /home/ryokozuka/ros2_ws/install/person_msgs/include/person_msgs/person_msgs/msg/detail/person__struct.hpp
[0.699s] -- Up-to-date: /home/ryokozuka/ros2_ws/install/person_msgs/include/person_msgs/person_msgs
[0.699s] -- Up-to-date: /home/ryokozuka/ros2_ws/install/person_msgs/include/person_msgs/person_msgs/srv
[0.699s] -- Up-to-date: /home/ryokozuka/ros2_ws/install/person_msgs/include/person_msgs/person_msgs/srv/detail
[0.699s] -- Up-to-date: /home/ryokozuka/ros2_ws/install/person_msgs/include/person_msgs/person_msgs/srv/detail/dds_fastrtps
[0.699s] -- Up-to-date: /home/ryokozuka/ros2_ws/install/person_msgs/include/person_msgs/person_msgs/srv/detail/query__rosidl_typesupport_fastrtps_cpp.hpp
[0.699s] -- Up-to-date: /home/ryokozuka/ros2_ws/install/person_msgs/include/person_msgs/person_msgs/msg
[0.699s] -- Up-to-date: /home/ryokozuka/ros2_ws/install/person_msgs/include/person_msgs/person_msgs/msg/rosidl_typesupport_fastrtps_cpp__visibility_control.h
[0.699s] -- Up-to-date: /home/ryokozuka/ros2_ws/install/person_msgs/include/person_msgs/person_msgs/msg/detail
[0.699s] -- Up-to-date: /home/ryokozuka/ros2_ws/install/person_msgs/include/person_msgs/person_msgs/msg/detail/dds_fastrtps
[0.699s] -- Up-to-date: /home/ryokozuka/ros2_ws/install/person_msgs/include/person_msgs/person_msgs/msg/detail/person__rosidl_typesupport_fastrtps_cpp.hpp
[0.699s] -- Up-to-date: /home/ryokozuka/ros2_ws/install/person_msgs/lib/libperson_msgs__rosidl_typesupport_fastrtps_cpp.so
[0.700s] -- Up-to-date: /home/ryokozuka/ros2_ws/install/person_msgs/include/person_msgs/person_msgs
[0.700s] -- Up-to-date: /home/ryokozuka/ros2_ws/install/person_msgs/include/person_msgs/person_msgs/srv
[0.700s] -- Up-to-date: /home/ryokozuka/ros2_ws/install/person_msgs/include/person_msgs/person_msgs/srv/detail
[0.700s] -- Up-to-date: /home/ryokozuka/ros2_ws/install/person_msgs/include/person_msgs/person_msgs/srv/detail/query__type_support.cpp
[0.700s] -- Up-to-date: /home/ryokozuka/ros2_ws/install/person_msgs/include/person_msgs/person_msgs/srv/detail/query__rosidl_typesupport_introspection_cpp.hpp
[0.700s] -- Up-to-date: /home/ryokozuka/ros2_ws/install/person_msgs/include/person_msgs/person_msgs/msg
[0.700s] -- Up-to-date: /home/ryokozuka/ros2_ws/install/person_msgs/include/person_msgs/person_msgs/msg/detail
[0.700s] -- Up-to-date: /home/ryokozuka/ros2_ws/install/person_msgs/include/person_msgs/person_msgs/msg/detail/person__rosidl_typesupport_introspection_cpp.hpp
[0.700s] -- Up-to-date: /home/ryokozuka/ros2_ws/install/person_msgs/include/person_msgs/person_msgs/msg/detail/person__type_support.cpp
[0.700s] -- Up-to-date: /home/ryokozuka/ros2_ws/install/person_msgs/lib/libperson_msgs__rosidl_typesupport_introspection_cpp.so
[0.700s] -- Up-to-date: /home/ryokozuka/ros2_ws/install/person_msgs/lib/libperson_msgs__rosidl_typesupport_cpp.so
[0.700s] -- Up-to-date: /home/ryokozuka/ros2_ws/install/person_msgs/share/person_msgs/environment/pythonpath.sh
[0.700s] -- Up-to-date: /home/ryokozuka/ros2_ws/install/person_msgs/share/person_msgs/environment/pythonpath.dsv
[0.700s] -- Up-to-date: /home/ryokozuka/ros2_ws/install/person_msgs/local/lib/python3.10/dist-packages/person_msgs-0.0.0-py3.10.egg-info
[0.701s] -- Installing: /home/ryokozuka/ros2_ws/install/person_msgs/local/lib/python3.10/dist-packages/person_msgs-0.0.0-py3.10.egg-info/top_level.txt
[0.701s] -- Installing: /home/ryokozuka/ros2_ws/install/person_msgs/local/lib/python3.10/dist-packages/person_msgs-0.0.0-py3.10.egg-info/dependency_links.txt
[0.701s] -- Installing: /home/ryokozuka/ros2_ws/install/person_msgs/local/lib/python3.10/dist-packages/person_msgs-0.0.0-py3.10.egg-info/SOURCES.txt
[0.701s] -- Installing: /home/ryokozuka/ros2_ws/install/person_msgs/local/lib/python3.10/dist-packages/person_msgs-0.0.0-py3.10.egg-info/PKG-INFO
[0.701s] -- Up-to-date: /home/ryokozuka/ros2_ws/install/person_msgs/local/lib/python3.10/dist-packages/person_msgs
[0.701s] -- Up-to-date: /home/ryokozuka/ros2_ws/install/person_msgs/local/lib/python3.10/dist-packages/person_msgs/srv
[0.701s] -- Up-to-date: /home/ryokozuka/ros2_ws/install/person_msgs/local/lib/python3.10/dist-packages/person_msgs/srv/_query_s.c
[0.701s] -- Up-to-date: /home/ryokozuka/ros2_ws/install/person_msgs/local/lib/python3.10/dist-packages/person_msgs/srv/_query.py
[0.701s] -- Up-to-date: /home/ryokozuka/ros2_ws/install/person_msgs/local/lib/python3.10/dist-packages/person_msgs/srv/__init__.py
[0.701s] -- Up-to-date: /home/ryokozuka/ros2_ws/install/person_msgs/local/lib/python3.10/dist-packages/person_msgs/libperson_msgs__rosidl_generator_py.so
[0.701s] -- Up-to-date: /home/ryokozuka/ros2_ws/install/person_msgs/local/lib/python3.10/dist-packages/person_msgs/_person_msgs_s.ep.rosidl_typesupport_introspection_c.c
[0.701s] -- Up-to-date: /home/ryokozuka/ros2_ws/install/person_msgs/local/lib/python3.10/dist-packages/person_msgs/_person_msgs_s.ep.rosidl_typesupport_c.c
[0.702s] -- Up-to-date: /home/ryokozuka/ros2_ws/install/person_msgs/local/lib/python3.10/dist-packages/person_msgs/person_msgs_s__rosidl_typesupport_fastrtps_c.cpython-310-x86_64-linux-gnu.so
[0.702s] -- Up-to-date: /home/ryokozuka/ros2_ws/install/person_msgs/local/lib/python3.10/dist-packages/person_msgs/msg
[0.702s] -- Up-to-date: /home/ryokozuka/ros2_ws/install/person_msgs/local/lib/python3.10/dist-packages/person_msgs/msg/_person.py
[0.702s] -- Up-to-date: /home/ryokozuka/ros2_ws/install/person_msgs/local/lib/python3.10/dist-packages/person_msgs/msg/_person_s.c
[0.702s] -- Up-to-date: /home/ryokozuka/ros2_ws/install/person_msgs/local/lib/python3.10/dist-packages/person_msgs/msg/__init__.py
[0.702s] -- Up-to-date: /home/ryokozuka/ros2_ws/install/person_msgs/local/lib/python3.10/dist-packages/person_msgs/person_msgs_s__rosidl_typesupport_introspection_c.cpython-310-x86_64-linux-gnu.so
[0.702s] -- Up-to-date: /home/ryokozuka/ros2_ws/install/person_msgs/local/lib/python3.10/dist-packages/person_msgs/person_msgs_s__rosidl_typesupport_c.cpython-310-x86_64-linux-gnu.so
[0.702s] -- Up-to-date: /home/ryokozuka/ros2_ws/install/person_msgs/local/lib/python3.10/dist-packages/person_msgs/_person_msgs_s.ep.rosidl_typesupport_fastrtps_c.c
[0.702s] -- Up-to-date: /home/ryokozuka/ros2_ws/install/person_msgs/local/lib/python3.10/dist-packages/person_msgs/__init__.py
[0.722s] Listing '/home/ryokozuka/ros2_ws/install/person_msgs/local/lib/python3.10/dist-packages/person_msgs'...
[0.722s] Listing '/home/ryokozuka/ros2_ws/install/person_msgs/local/lib/python3.10/dist-packages/person_msgs/msg'...
[0.722s] Listing '/home/ryokozuka/ros2_ws/install/person_msgs/local/lib/python3.10/dist-packages/person_msgs/srv'...
[0.725s] -- Up-to-date: /home/ryokozuka/ros2_ws/install/person_msgs/local/lib/python3.10/dist-packages/person_msgs/person_msgs_s__rosidl_typesupport_fastrtps_c.cpython-310-x86_64-linux-gnu.so
[0.726s] -- Up-to-date: /home/ryokozuka/ros2_ws/install/person_msgs/local/lib/python3.10/dist-packages/person_msgs/person_msgs_s__rosidl_typesupport_introspection_c.cpython-310-x86_64-linux-gnu.so
[0.726s] -- Up-to-date: /home/ryokozuka/ros2_ws/install/person_msgs/local/lib/python3.10/dist-packages/person_msgs/person_msgs_s__rosidl_typesupport_c.cpython-310-x86_64-linux-gnu.so
[0.726s] -- Up-to-date: /home/ryokozuka/ros2_ws/install/person_msgs/lib/libperson_msgs__rosidl_generator_py.so
[0.726s] -- Up-to-date: /home/ryokozuka/ros2_ws/install/person_msgs/share/person_msgs/msg/Person.idl
[0.727s] -- Up-to-date: /home/ryokozuka/ros2_ws/install/person_msgs/share/person_msgs/srv/Query.idl
[0.727s] -- Up-to-date: /home/ryokozuka/ros2_ws/install/person_msgs/share/person_msgs/msg/Person.msg
[0.727s] -- Up-to-date: /home/ryokozuka/ros2_ws/install/person_msgs/share/person_msgs/srv/Query.srv
[0.727s] -- Up-to-date: /home/ryokozuka/ros2_ws/install/person_msgs/share/person_msgs/srv/Query_Request.msg
[0.727s] -- Up-to-date: /home/ryokozuka/ros2_ws/install/person_msgs/share/person_msgs/srv/Query_Response.msg
[0.727s] -- Up-to-date: /home/ryokozuka/ros2_ws/install/person_msgs/share/ament_index/resource_index/package_run_dependencies/person_msgs
[0.728s] -- Up-to-date: /home/ryokozuka/ros2_ws/install/person_msgs/share/ament_index/resource_index/parent_prefix_path/person_msgs
[0.728s] -- Up-to-date: /home/ryokozuka/ros2_ws/install/person_msgs/share/person_msgs/environment/ament_prefix_path.sh
[0.728s] -- Up-to-date: /home/ryokozuka/ros2_ws/install/person_msgs/share/person_msgs/environment/ament_prefix_path.dsv
[0.728s] -- Up-to-date: /home/ryokozuka/ros2_ws/install/person_msgs/share/person_msgs/environment/path.sh
[0.728s] -- Up-to-date: /home/ryokozuka/ros2_ws/install/person_msgs/share/person_msgs/environment/path.dsv
[0.728s] -- Up-to-date: /home/ryokozuka/ros2_ws/install/person_msgs/share/person_msgs/local_setup.bash
[0.729s] -- Up-to-date: /home/ryokozuka/ros2_ws/install/person_msgs/share/person_msgs/local_setup.sh
[0.729s] -- Up-to-date: /home/ryokozuka/ros2_ws/install/person_msgs/share/person_msgs/local_setup.zsh
[0.729s] -- Up-to-date: /home/ryokozuka/ros2_ws/install/person_msgs/share/person_msgs/local_setup.dsv
[0.729s] -- Installing: /home/ryokozuka/ros2_ws/install/person_msgs/share/person_msgs/package.dsv
[0.729s] -- Up-to-date: /home/ryokozuka/ros2_ws/install/person_msgs/share/ament_index/resource_index/packages/person_msgs
[0.729s] -- Up-to-date: /home/ryokozuka/ros2_ws/install/person_msgs/share/person_msgs/cmake/export_person_msgs__rosidl_generator_cExport.cmake
[0.730s] -- Up-to-date: /home/ryokozuka/ros2_ws/install/person_msgs/share/person_msgs/cmake/export_person_msgs__rosidl_generator_cExport-noconfig.cmake
[0.730s] -- Up-to-date: /home/ryokozuka/ros2_ws/install/person_msgs/share/person_msgs/cmake/export_person_msgs__rosidl_typesupport_fastrtps_cExport.cmake
[0.730s] -- Up-to-date: /home/ryokozuka/ros2_ws/install/person_msgs/share/person_msgs/cmake/export_person_msgs__rosidl_typesupport_fastrtps_cExport-noconfig.cmake
[0.730s] -- Up-to-date: /home/ryokozuka/ros2_ws/install/person_msgs/share/person_msgs/cmake/person_msgs__rosidl_typesupport_introspection_cExport.cmake
[0.730s] -- Up-to-date: /home/ryokozuka/ros2_ws/install/person_msgs/share/person_msgs/cmake/person_msgs__rosidl_typesupport_introspection_cExport-noconfig.cmake
[0.730s] -- Up-to-date: /home/ryokozuka/ros2_ws/install/person_msgs/share/person_msgs/cmake/person_msgs__rosidl_typesupport_cExport.cmake
[0.730s] -- Up-to-date: /home/ryokozuka/ros2_ws/install/person_msgs/share/person_msgs/cmake/person_msgs__rosidl_typesupport_cExport-noconfig.cmake
[0.731s] -- Up-to-date: /home/ryokozuka/ros2_ws/install/person_msgs/share/person_msgs/cmake/export_person_msgs__rosidl_generator_cppExport.cmake
[0.731s] -- Up-to-date: /home/ryokozuka/ros2_ws/install/person_msgs/share/person_msgs/cmake/export_person_msgs__rosidl_typesupport_fastrtps_cppExport.cmake
[0.731s] -- Up-to-date: /home/ryokozuka/ros2_ws/install/person_msgs/share/person_msgs/cmake/export_person_msgs__rosidl_typesupport_fastrtps_cppExport-noconfig.cmake
[0.731s] -- Up-to-date: /home/ryokozuka/ros2_ws/install/person_msgs/share/person_msgs/cmake/person_msgs__rosidl_typesupport_introspection_cppExport.cmake
[0.731s] -- Up-to-date: /home/ryokozuka/ros2_ws/install/person_msgs/share/person_msgs/cmake/person_msgs__rosidl_typesupport_introspection_cppExport-noconfig.cmake
[0.731s] -- Up-to-date: /home/ryokozuka/ros2_ws/install/person_msgs/share/person_msgs/cmake/person_msgs__rosidl_typesupport_cppExport.cmake
[0.732s] -- Up-to-date: /home/ryokozuka/ros2_ws/install/person_msgs/share/person_msgs/cmake/person_msgs__rosidl_typesupport_cppExport-noconfig.cmake
[0.733s] -- Up-to-date: /home/ryokozuka/ros2_ws/install/person_msgs/share/person_msgs/cmake/export_person_msgs__rosidl_generator_pyExport.cmake
[0.733s] -- Up-to-date: /home/ryokozuka/ros2_ws/install/person_msgs/share/person_msgs/cmake/export_person_msgs__rosidl_generator_pyExport-noconfig.cmake
[0.733s] -- Up-to-date: /home/ryokozuka/ros2_ws/install/person_msgs/share/person_msgs/cmake/rosidl_cmake-extras.cmake
[0.734s] -- Up-to-date: /home/ryokozuka/ros2_ws/install/person_msgs/share/person_msgs/cmake/ament_cmake_export_include_directories-extras.cmake
[0.734s] -- Up-to-date: /home/ryokozuka/ros2_ws/install/person_msgs/share/person_msgs/cmake/ament_cmake_export_libraries-extras.cmake
[0.734s] -- Up-to-date: /home/ryokozuka/ros2_ws/install/person_msgs/share/person_msgs/cmake/ament_cmake_export_targets-extras.cmake
[0.734s] -- Up-to-date: /home/ryokozuka/ros2_ws/install/person_msgs/share/person_msgs/cmake/rosidl_cmake_export_typesupport_targets-extras.cmake
[0.734s] -- Up-to-date: /home/ryokozuka/ros2_ws/install/person_msgs/share/person_msgs/cmake/ament_cmake_export_dependencies-extras.cmake
[0.734s] -- Up-to-date: /home/ryokozuka/ros2_ws/install/person_msgs/share/person_msgs/cmake/rosidl_cmake_export_typesupport_libraries-extras.cmake
[0.736s] -- Up-to-date: /home/ryokozuka/ros2_ws/install/person_msgs/share/person_msgs/cmake/person_msgsConfig.cmake
[0.736s] -- Up-to-date: /home/ryokozuka/ros2_ws/install/person_msgs/share/person_msgs/cmake/person_msgsConfig-version.cmake
[0.736s] -- Up-to-date: /home/ryokozuka/ros2_ws/install/person_msgs/share/person_msgs/package.xml
[0.737s] Invoked command in '/home/ryokozuka/ros2_ws/build/person_msgs' returned '0': CMAKE_PREFIX_PATH=${CMAKE_PREFIX_PATH}:/home/ryokozuka/ros2_ws/install/mypkg:/opt/ros/humble /usr/bin/cmake --install /home/ryokozuka/ros2_ws/build/person_msgs
