[0.296s] Invoking command in '/home/ryokozuka/ros2_ws/src/build/person_msgs': CMAKE_PREFIX_PATH=${CMAKE_PREFIX_PATH}:/opt/ros/humble /usr/bin/cmake /home/ryokozuka/ros2_ws/src/person_msgs -DCMAKE_INSTALL_PREFIX=/home/ryokozuka/ros2_ws/src/install/person_msgs
[0.685s] -- The C compiler identification is GNU 11.4.0
[1.259s] -- The CXX compiler identification is GNU 11.4.0
[1.660s] -- Detecting C compiler ABI info
[1.807s] -- Detecting C compiler ABI info - done
[1.813s] -- Check for working C compiler: /usr/bin/cc - skipped
[1.863s] -- Detecting C compile features
[1.866s] -- Detecting C compile features - done
[1.882s] -- Detecting CXX compiler ABI info
[2.109s] -- Detecting CXX compiler ABI info - done
[2.116s] -- Check for working CXX compiler: /usr/bin/c++ - skipped
[2.116s] -- Detecting CXX compile features
[2.116s] -- Detecting CXX compile features - done
[2.123s] -- Found ament_cmake: 1.3.6 (/opt/ros/humble/share/ament_cmake/cmake)
[2.292s] -- Found Python3: /usr/bin/python3.10 (found version "3.10.12") found components: Interpreter 
[2.403s] -- Found rosidl_default_generators: 1.2.0 (/opt/ros/humble/share/rosidl_default_generators/cmake)
[2.409s] -- Using all available rosidl_typesupport_c: rosidl_typesupport_fastrtps_c;rosidl_typesupport_introspection_c
[2.418s] -- Found rosidl_adapter: 3.1.5 (/opt/ros/humble/share/rosidl_adapter/cmake)
[2.687s] -- Using all available rosidl_typesupport_cpp: rosidl_typesupport_fastrtps_cpp;rosidl_typesupport_introspection_cpp
[2.979s] -- Found ament_cmake_ros: 0.10.0 (/opt/ros/humble/share/ament_cmake_ros/cmake)
[3.161s] -- Using all available rosidl_typesupport_c: rosidl_typesupport_fastrtps_c;rosidl_typesupport_introspection_c
[3.377s] -- Using all available rosidl_typesupport_cpp: rosidl_typesupport_fastrtps_cpp;rosidl_typesupport_introspection_cpp
[3.522s] -- Found PythonInterp: /usr/bin/python3 (found suitable version "3.10.12", minimum required is "3.6") 
[3.574s] -- Found python_cmake_module: 0.10.0 (/opt/ros/humble/share/python_cmake_module/cmake)
[4.038s] -- Found PythonLibs: /usr/lib/x86_64-linux-gnu/libpython3.10.so (found suitable version "3.10.12", minimum required is "3.5") 
[4.038s] -- Using PYTHON_EXECUTABLE: /usr/bin/python3
[4.038s] -- Using PYTHON_INCLUDE_DIRS: /usr/include/python3.10
[4.039s] -- Using PYTHON_LIBRARIES: /usr/lib/x86_64-linux-gnu/libpython3.10.so
[4.056s] -- Found PythonExtra: .so  
[4.123s] -- Found ament_lint_auto: 0.12.9 (/opt/ros/humble/share/ament_lint_auto/cmake)
[4.151s] -- Added test 'lint_cmake' to check CMake code style
[4.153s] -- Added test 'xmllint' to check XML markup files
[4.155s] -- Configuring done
[4.182s] -- Generating done
[4.184s] -- Build files have been written to: /home/ryokozuka/ros2_ws/src/build/person_msgs
[4.192s] Invoked command in '/home/ryokozuka/ros2_ws/src/build/person_msgs' returned '0': CMAKE_PREFIX_PATH=${CMAKE_PREFIX_PATH}:/opt/ros/humble /usr/bin/cmake /home/ryokozuka/ros2_ws/src/person_msgs -DCMAKE_INSTALL_PREFIX=/home/ryokozuka/ros2_ws/src/install/person_msgs
[4.194s] Invoking command in '/home/ryokozuka/ros2_ws/src/build/person_msgs': CMAKE_PREFIX_PATH=${CMAKE_PREFIX_PATH}:/opt/ros/humble /usr/bin/cmake --build /home/ryokozuka/ros2_ws/src/build/person_msgs -- -j8 -l8
[4.221s] [  2%] [34m[1mGenerating C code for ROS interfaces[0m
[4.231s] [  5%] [34m[1mGenerating C++ code for ROS interfaces[0m
[4.240s] [  5%] Built target ament_cmake_python_copy_person_msgs
[4.468s] running egg_info
[4.469s] creating person_msgs.egg-info
[4.469s] writing person_msgs.egg-info/PKG-INFO
[4.469s] writing dependency_links to person_msgs.egg-info/dependency_links.txt
[4.470s] writing top-level names to person_msgs.egg-info/top_level.txt
[4.470s] writing manifest file 'person_msgs.egg-info/SOURCES.txt'
[4.472s] reading manifest file 'person_msgs.egg-info/SOURCES.txt'
[4.473s] writing manifest file 'person_msgs.egg-info/SOURCES.txt'
[4.501s] [  5%] Built target ament_cmake_python_build_person_msgs_egg
[4.566s] [  5%] Built target person_msgs__cpp
[4.575s] [  7%] [34m[1mGenerating C++ type support dispatch for ROS interfaces[0m
[4.576s] [ 12%] [34m[1mGenerating C++ introspection for ROS interfaces[0m
[4.576s] [ 12%] [34m[1mGenerating C++ type support for eProsima Fast-RTPS[0m
[4.632s] [ 17%] [32mBuilding C object CMakeFiles/person_msgs__rosidl_generator_c.dir/rosidl_generator_c/person_msgs/msg/detail/person__functions.c.o[0m
[4.632s] [ 17%] [32mBuilding C object CMakeFiles/person_msgs__rosidl_generator_c.dir/rosidl_generator_c/person_msgs/srv/detail/query__functions.c.o[0m
[4.734s] [ 20%] [32m[1mLinking C shared library libperson_msgs__rosidl_generator_c.so[0m
[4.833s] [ 20%] Built target person_msgs__rosidl_generator_c
[4.843s] [ 23%] [34m[1mGenerating C type support for eProsima Fast-RTPS[0m
[4.844s] [ 25%] [34m[1mGenerating C type support dispatch for ROS interfaces[0m
[4.845s] [ 28%] [34m[1mGenerating C introspection for ROS interfaces[0m
[4.930s] [ 33%] [32mBuilding CXX object CMakeFiles/person_msgs__rosidl_typesupport_cpp.dir/rosidl_typesupport_cpp/person_msgs/srv/query__type_support.cpp.o[0m
[4.931s] [ 33%] [32mBuilding CXX object CMakeFiles/person_msgs__rosidl_typesupport_cpp.dir/rosidl_typesupport_cpp/person_msgs/msg/person__type_support.cpp.o[0m
[5.021s] [ 38%] [32mBuilding CXX object CMakeFiles/person_msgs__rosidl_typesupport_introspection_cpp.dir/rosidl_typesupport_introspection_cpp/person_msgs/msg/detail/person__type_support.cpp.o[0m
[5.022s] [ 38%] [32mBuilding CXX object CMakeFiles/person_msgs__rosidl_typesupport_introspection_cpp.dir/rosidl_typesupport_introspection_cpp/person_msgs/srv/detail/query__type_support.cpp.o[0m
[5.072s] [ 41%] [32mBuilding CXX object CMakeFiles/person_msgs__rosidl_typesupport_fastrtps_cpp.dir/rosidl_typesupport_fastrtps_cpp/person_msgs/msg/detail/dds_fastrtps/person__type_support.cpp.o[0m
[5.352s] [ 43%] [32mBuilding CXX object CMakeFiles/person_msgs__rosidl_typesupport_c.dir/rosidl_typesupport_c/person_msgs/msg/person__type_support.cpp.o[0m
[5.405s] [ 46%] [32mBuilding CXX object CMakeFiles/person_msgs__rosidl_typesupport_c.dir/rosidl_typesupport_c/person_msgs/srv/query__type_support.cpp.o[0m
[5.458s] [ 48%] [32m[1mLinking CXX shared library libperson_msgs__rosidl_typesupport_c.so[0m
[5.477s] [ 51%] [32mBuilding C object CMakeFiles/person_msgs__rosidl_typesupport_introspection_c.dir/rosidl_typesupport_introspection_c/person_msgs/msg/detail/person__type_support.c.o[0m
[5.505s] [ 53%] [32mBuilding CXX object CMakeFiles/person_msgs__rosidl_typesupport_fastrtps_c.dir/rosidl_typesupport_fastrtps_c/person_msgs/msg/detail/person__type_support_c.cpp.o[0m
[5.507s] [ 56%] [32mBuilding C object CMakeFiles/person_msgs__rosidl_typesupport_introspection_c.dir/rosidl_typesupport_introspection_c/person_msgs/srv/detail/query__type_support.c.o[0m
[5.524s] [ 58%] [32m[1mLinking CXX shared library libperson_msgs__rosidl_typesupport_cpp.so[0m
[5.535s] [ 61%] [32mBuilding CXX object CMakeFiles/person_msgs__rosidl_typesupport_fastrtps_c.dir/rosidl_typesupport_fastrtps_c/person_msgs/srv/detail/query__type_support_c.cpp.o[0m
[5.570s] [ 64%] [32m[1mLinking C shared library libperson_msgs__rosidl_typesupport_introspection_c.so[0m
[5.614s] [ 64%] Built target person_msgs__rosidl_typesupport_c
[5.626s] [ 66%] [32mBuilding CXX object CMakeFiles/person_msgs__rosidl_typesupport_fastrtps_cpp.dir/rosidl_typesupport_fastrtps_cpp/person_msgs/srv/detail/dds_fastrtps/query__type_support.cpp.o[0m
[5.655s] [ 66%] Built target person_msgs__rosidl_typesupport_cpp
[5.671s] [ 66%] Built target person_msgs__rosidl_typesupport_introspection_c
[5.753s] [ 69%] [32m[1mLinking CXX shared library libperson_msgs__rosidl_typesupport_introspection_cpp.so[0m
[5.876s] [ 69%] Built target person_msgs__rosidl_typesupport_introspection_cpp
[6.021s] [ 71%] [32m[1mLinking CXX shared library libperson_msgs__rosidl_typesupport_fastrtps_c.so[0m
[6.097s] [ 74%] [32m[1mLinking CXX shared library libperson_msgs__rosidl_typesupport_fastrtps_cpp.so[0m
[6.215s] [ 74%] Built target person_msgs__rosidl_typesupport_fastrtps_c
[6.269s] [ 74%] Built target person_msgs__rosidl_typesupport_fastrtps_cpp
[6.283s] [ 74%] Built target person_msgs
[6.297s] [ 76%] [34m[1mGenerating Python code for ROS interfaces[0m
[6.785s] [ 76%] Built target person_msgs__py
[6.803s] [ 79%] [32mBuilding C object CMakeFiles/person_msgs__rosidl_generator_py.dir/rosidl_generator_py/person_msgs/msg/_person_s.c.o[0m
[6.803s] [ 82%] [32mBuilding C object CMakeFiles/person_msgs__rosidl_generator_py.dir/rosidl_generator_py/person_msgs/srv/_query_s.c.o[0m
[7.044s] [ 84%] [32m[1mLinking C shared library rosidl_generator_py/person_msgs/libperson_msgs__rosidl_generator_py.so[0m
[7.213s] [ 84%] Built target person_msgs__rosidl_generator_py
[7.229s] [ 87%] [32mBuilding C object CMakeFiles/person_msgs__rosidl_typesupport_introspection_c__pyext.dir/rosidl_generator_py/person_msgs/_person_msgs_s.ep.rosidl_typesupport_introspection_c.c.o[0m
[7.232s] [ 89%] [32mBuilding C object CMakeFiles/person_msgs__rosidl_typesupport_fastrtps_c__pyext.dir/rosidl_generator_py/person_msgs/_person_msgs_s.ep.rosidl_typesupport_fastrtps_c.c.o[0m
[7.232s] [ 92%] [32mBuilding C object CMakeFiles/person_msgs__rosidl_typesupport_c__pyext.dir/rosidl_generator_py/person_msgs/_person_msgs_s.ep.rosidl_typesupport_c.c.o[0m
[7.327s] [ 94%] [32m[1mLinking C shared library rosidl_generator_py/person_msgs/person_msgs_s__rosidl_typesupport_fastrtps_c.cpython-310-x86_64-linux-gnu.so[0m
[7.329s] [ 97%] [32m[1mLinking C shared library rosidl_generator_py/person_msgs/person_msgs_s__rosidl_typesupport_introspection_c.cpython-310-x86_64-linux-gnu.so[0m
[7.339s] [100%] [32m[1mLinking C shared library rosidl_generator_py/person_msgs/person_msgs_s__rosidl_typesupport_c.cpython-310-x86_64-linux-gnu.so[0m
[7.406s] [100%] Built target person_msgs__rosidl_typesupport_fastrtps_c__pyext
[7.422s] [100%] Built target person_msgs__rosidl_typesupport_introspection_c__pyext
[7.427s] [100%] Built target person_msgs__rosidl_typesupport_c__pyext
[7.435s] Invoked command in '/home/ryokozuka/ros2_ws/src/build/person_msgs' returned '0': CMAKE_PREFIX_PATH=${CMAKE_PREFIX_PATH}:/opt/ros/humble /usr/bin/cmake --build /home/ryokozuka/ros2_ws/src/build/person_msgs -- -j8 -l8
[7.493s] Invoking command in '/home/ryokozuka/ros2_ws/src/build/person_msgs': CMAKE_PREFIX_PATH=${CMAKE_PREFIX_PATH}:/opt/ros/humble /usr/bin/cmake --install /home/ryokozuka/ros2_ws/src/build/person_msgs
[7.498s] -- Install configuration: ""
[7.499s] -- Installing: /home/ryokozuka/ros2_ws/src/install/person_msgs/share/ament_index/resource_index/rosidl_interfaces/person_msgs
[7.499s] -- Installing: /home/ryokozuka/ros2_ws/src/install/person_msgs/include/person_msgs/person_msgs
[7.499s] -- Installing: /home/ryokozuka/ros2_ws/src/install/person_msgs/include/person_msgs/person_msgs/srv
[7.499s] -- Installing: /home/ryokozuka/ros2_ws/src/install/person_msgs/include/person_msgs/person_msgs/srv/query.h
[7.499s] -- Installing: /home/ryokozuka/ros2_ws/src/install/person_msgs/include/person_msgs/person_msgs/srv/detail
[7.500s] -- Installing: /home/ryokozuka/ros2_ws/src/install/person_msgs/include/person_msgs/person_msgs/srv/detail/query__functions.c
[7.500s] -- Installing: /home/ryokozuka/ros2_ws/src/install/person_msgs/include/person_msgs/person_msgs/srv/detail/query__type_support.h
[7.500s] -- Installing: /home/ryokozuka/ros2_ws/src/install/person_msgs/include/person_msgs/person_msgs/srv/detail/query__functions.h
[7.501s] -- Installing: /home/ryokozuka/ros2_ws/src/install/person_msgs/include/person_msgs/person_msgs/srv/detail/query__struct.h
[7.501s] -- Installing: /home/ryokozuka/ros2_ws/src/install/person_msgs/include/person_msgs/person_msgs/msg
[7.501s] -- Installing: /home/ryokozuka/ros2_ws/src/install/person_msgs/include/person_msgs/person_msgs/msg/person.h
[7.501s] -- Installing: /home/ryokozuka/ros2_ws/src/install/person_msgs/include/person_msgs/person_msgs/msg/rosidl_generator_c__visibility_control.h
[7.501s] -- Installing: /home/ryokozuka/ros2_ws/src/install/person_msgs/include/person_msgs/person_msgs/msg/detail
[7.501s] -- Installing: /home/ryokozuka/ros2_ws/src/install/person_msgs/include/person_msgs/person_msgs/msg/detail/person__functions.c
[7.501s] -- Installing: /home/ryokozuka/ros2_ws/src/install/person_msgs/include/person_msgs/person_msgs/msg/detail/person__type_support.h
[7.502s] -- Installing: /home/ryokozuka/ros2_ws/src/install/person_msgs/include/person_msgs/person_msgs/msg/detail/person__functions.h
[7.502s] -- Installing: /home/ryokozuka/ros2_ws/src/install/person_msgs/include/person_msgs/person_msgs/msg/detail/person__struct.h
[7.502s] -- Installing: /home/ryokozuka/ros2_ws/src/install/person_msgs/share/person_msgs/environment/library_path.sh
[7.502s] -- Installing: /home/ryokozuka/ros2_ws/src/install/person_msgs/share/person_msgs/environment/library_path.dsv
[7.502s] -- Installing: /home/ryokozuka/ros2_ws/src/install/person_msgs/lib/libperson_msgs__rosidl_generator_c.so
[7.502s] -- Set runtime path of "/home/ryokozuka/ros2_ws/src/install/person_msgs/lib/libperson_msgs__rosidl_generator_c.so" to ""
[7.502s] -- Up-to-date: /home/ryokozuka/ros2_ws/src/install/person_msgs/include/person_msgs/person_msgs
[7.503s] -- Up-to-date: /home/ryokozuka/ros2_ws/src/install/person_msgs/include/person_msgs/person_msgs/srv
[7.503s] -- Up-to-date: /home/ryokozuka/ros2_ws/src/install/person_msgs/include/person_msgs/person_msgs/srv/detail
[7.503s] -- Installing: /home/ryokozuka/ros2_ws/src/install/person_msgs/include/person_msgs/person_msgs/srv/detail/query__rosidl_typesupport_fastrtps_c.h
[7.503s] -- Up-to-date: /home/ryokozuka/ros2_ws/src/install/person_msgs/include/person_msgs/person_msgs/msg
[7.503s] -- Installing: /home/ryokozuka/ros2_ws/src/install/person_msgs/include/person_msgs/person_msgs/msg/rosidl_typesupport_fastrtps_c__visibility_control.h
[7.503s] -- Up-to-date: /home/ryokozuka/ros2_ws/src/install/person_msgs/include/person_msgs/person_msgs/msg/detail
[7.503s] -- Installing: /home/ryokozuka/ros2_ws/src/install/person_msgs/include/person_msgs/person_msgs/msg/detail/person__rosidl_typesupport_fastrtps_c.h
[7.503s] -- Installing: /home/ryokozuka/ros2_ws/src/install/person_msgs/lib/libperson_msgs__rosidl_typesupport_fastrtps_c.so
[7.504s] -- Set runtime path of "/home/ryokozuka/ros2_ws/src/install/person_msgs/lib/libperson_msgs__rosidl_typesupport_fastrtps_c.so" to ""
[7.504s] -- Up-to-date: /home/ryokozuka/ros2_ws/src/install/person_msgs/include/person_msgs/person_msgs
[7.504s] -- Up-to-date: /home/ryokozuka/ros2_ws/src/install/person_msgs/include/person_msgs/person_msgs/srv
[7.504s] -- Up-to-date: /home/ryokozuka/ros2_ws/src/install/person_msgs/include/person_msgs/person_msgs/srv/detail
[7.504s] -- Installing: /home/ryokozuka/ros2_ws/src/install/person_msgs/include/person_msgs/person_msgs/srv/detail/query__type_support.c
[7.504s] -- Installing: /home/ryokozuka/ros2_ws/src/install/person_msgs/include/person_msgs/person_msgs/srv/detail/query__rosidl_typesupport_introspection_c.h
[7.504s] -- Up-to-date: /home/ryokozuka/ros2_ws/src/install/person_msgs/include/person_msgs/person_msgs/msg
[7.505s] -- Installing: /home/ryokozuka/ros2_ws/src/install/person_msgs/include/person_msgs/person_msgs/msg/rosidl_typesupport_introspection_c__visibility_control.h
[7.505s] -- Up-to-date: /home/ryokozuka/ros2_ws/src/install/person_msgs/include/person_msgs/person_msgs/msg/detail
[7.505s] -- Installing: /home/ryokozuka/ros2_ws/src/install/person_msgs/include/person_msgs/person_msgs/msg/detail/person__type_support.c
[7.506s] -- Installing: /home/ryokozuka/ros2_ws/src/install/person_msgs/include/person_msgs/person_msgs/msg/detail/person__rosidl_typesupport_introspection_c.h
[7.506s] -- Installing: /home/ryokozuka/ros2_ws/src/install/person_msgs/lib/libperson_msgs__rosidl_typesupport_introspection_c.so
[7.506s] -- Set runtime path of "/home/ryokozuka/ros2_ws/src/install/person_msgs/lib/libperson_msgs__rosidl_typesupport_introspection_c.so" to ""
[7.506s] -- Installing: /home/ryokozuka/ros2_ws/src/install/person_msgs/lib/libperson_msgs__rosidl_typesupport_c.so
[7.506s] -- Set runtime path of "/home/ryokozuka/ros2_ws/src/install/person_msgs/lib/libperson_msgs__rosidl_typesupport_c.so" to ""
[7.506s] -- Up-to-date: /home/ryokozuka/ros2_ws/src/install/person_msgs/include/person_msgs/person_msgs
[7.506s] -- Up-to-date: /home/ryokozuka/ros2_ws/src/install/person_msgs/include/person_msgs/person_msgs/srv
[7.506s] -- Installing: /home/ryokozuka/ros2_ws/src/install/person_msgs/include/person_msgs/person_msgs/srv/query.hpp
[7.506s] -- Up-to-date: /home/ryokozuka/ros2_ws/src/install/person_msgs/include/person_msgs/person_msgs/srv/detail
[7.506s] -- Installing: /home/ryokozuka/ros2_ws/src/install/person_msgs/include/person_msgs/person_msgs/srv/detail/query__builder.hpp
[7.506s] -- Installing: /home/ryokozuka/ros2_ws/src/install/person_msgs/include/person_msgs/person_msgs/srv/detail/query__struct.hpp
[7.507s] -- Installing: /home/ryokozuka/ros2_ws/src/install/person_msgs/include/person_msgs/person_msgs/srv/detail/query__traits.hpp
[7.507s] -- Up-to-date: /home/ryokozuka/ros2_ws/src/install/person_msgs/include/person_msgs/person_msgs/msg
[7.507s] -- Installing: /home/ryokozuka/ros2_ws/src/install/person_msgs/include/person_msgs/person_msgs/msg/person.hpp
[7.507s] -- Up-to-date: /home/ryokozuka/ros2_ws/src/install/person_msgs/include/person_msgs/person_msgs/msg/detail
[7.508s] -- Installing: /home/ryokozuka/ros2_ws/src/install/person_msgs/include/person_msgs/person_msgs/msg/detail/person__builder.hpp
[7.508s] -- Installing: /home/ryokozuka/ros2_ws/src/install/person_msgs/include/person_msgs/person_msgs/msg/detail/person__traits.hpp
[7.508s] -- Installing: /home/ryokozuka/ros2_ws/src/install/person_msgs/include/person_msgs/person_msgs/msg/detail/person__struct.hpp
[7.508s] -- Up-to-date: /home/ryokozuka/ros2_ws/src/install/person_msgs/include/person_msgs/person_msgs
[7.508s] -- Up-to-date: /home/ryokozuka/ros2_ws/src/install/person_msgs/include/person_msgs/person_msgs/srv
[7.508s] -- Up-to-date: /home/ryokozuka/ros2_ws/src/install/person_msgs/include/person_msgs/person_msgs/srv/detail
[7.508s] -- Installing: /home/ryokozuka/ros2_ws/src/install/person_msgs/include/person_msgs/person_msgs/srv/detail/dds_fastrtps
[7.508s] -- Installing: /home/ryokozuka/ros2_ws/src/install/person_msgs/include/person_msgs/person_msgs/srv/detail/query__rosidl_typesupport_fastrtps_cpp.hpp
[7.508s] -- Up-to-date: /home/ryokozuka/ros2_ws/src/install/person_msgs/include/person_msgs/person_msgs/msg
[7.509s] -- Installing: /home/ryokozuka/ros2_ws/src/install/person_msgs/include/person_msgs/person_msgs/msg/rosidl_typesupport_fastrtps_cpp__visibility_control.h
[7.509s] -- Up-to-date: /home/ryokozuka/ros2_ws/src/install/person_msgs/include/person_msgs/person_msgs/msg/detail
[7.509s] -- Installing: /home/ryokozuka/ros2_ws/src/install/person_msgs/include/person_msgs/person_msgs/msg/detail/dds_fastrtps
[7.509s] -- Installing: /home/ryokozuka/ros2_ws/src/install/person_msgs/include/person_msgs/person_msgs/msg/detail/person__rosidl_typesupport_fastrtps_cpp.hpp
[7.509s] -- Installing: /home/ryokozuka/ros2_ws/src/install/person_msgs/lib/libperson_msgs__rosidl_typesupport_fastrtps_cpp.so
[7.509s] -- Set runtime path of "/home/ryokozuka/ros2_ws/src/install/person_msgs/lib/libperson_msgs__rosidl_typesupport_fastrtps_cpp.so" to ""
[7.509s] -- Up-to-date: /home/ryokozuka/ros2_ws/src/install/person_msgs/include/person_msgs/person_msgs
[7.509s] -- Up-to-date: /home/ryokozuka/ros2_ws/src/install/person_msgs/include/person_msgs/person_msgs/srv
[7.509s] -- Up-to-date: /home/ryokozuka/ros2_ws/src/install/person_msgs/include/person_msgs/person_msgs/srv/detail
[7.509s] -- Installing: /home/ryokozuka/ros2_ws/src/install/person_msgs/include/person_msgs/person_msgs/srv/detail/query__type_support.cpp
[7.510s] -- Installing: /home/ryokozuka/ros2_ws/src/install/person_msgs/include/person_msgs/person_msgs/srv/detail/query__rosidl_typesupport_introspection_cpp.hpp
[7.510s] -- Up-to-date: /home/ryokozuka/ros2_ws/src/install/person_msgs/include/person_msgs/person_msgs/msg
[7.510s] -- Up-to-date: /home/ryokozuka/ros2_ws/src/install/person_msgs/include/person_msgs/person_msgs/msg/detail
[7.510s] -- Installing: /home/ryokozuka/ros2_ws/src/install/person_msgs/include/person_msgs/person_msgs/msg/detail/person__rosidl_typesupport_introspection_cpp.hpp
[7.510s] -- Installing: /home/ryokozuka/ros2_ws/src/install/person_msgs/include/person_msgs/person_msgs/msg/detail/person__type_support.cpp
[7.510s] -- Installing: /home/ryokozuka/ros2_ws/src/install/person_msgs/lib/libperson_msgs__rosidl_typesupport_introspection_cpp.so
[7.510s] -- Set runtime path of "/home/ryokozuka/ros2_ws/src/install/person_msgs/lib/libperson_msgs__rosidl_typesupport_introspection_cpp.so" to ""
[7.510s] -- Installing: /home/ryokozuka/ros2_ws/src/install/person_msgs/lib/libperson_msgs__rosidl_typesupport_cpp.so
[7.511s] -- Set runtime path of "/home/ryokozuka/ros2_ws/src/install/person_msgs/lib/libperson_msgs__rosidl_typesupport_cpp.so" to ""
[7.511s] -- Installing: /home/ryokozuka/ros2_ws/src/install/person_msgs/share/person_msgs/environment/pythonpath.sh
[7.511s] -- Installing: /home/ryokozuka/ros2_ws/src/install/person_msgs/share/person_msgs/environment/pythonpath.dsv
[7.511s] -- Installing: /home/ryokozuka/ros2_ws/src/install/person_msgs/local/lib/python3.10/dist-packages/person_msgs-0.0.0-py3.10.egg-info
[7.511s] -- Installing: /home/ryokozuka/ros2_ws/src/install/person_msgs/local/lib/python3.10/dist-packages/person_msgs-0.0.0-py3.10.egg-info/top_level.txt
[7.511s] -- Installing: /home/ryokozuka/ros2_ws/src/install/person_msgs/local/lib/python3.10/dist-packages/person_msgs-0.0.0-py3.10.egg-info/dependency_links.txt
[7.511s] -- Installing: /home/ryokozuka/ros2_ws/src/install/person_msgs/local/lib/python3.10/dist-packages/person_msgs-0.0.0-py3.10.egg-info/SOURCES.txt
[7.511s] -- Installing: /home/ryokozuka/ros2_ws/src/install/person_msgs/local/lib/python3.10/dist-packages/person_msgs-0.0.0-py3.10.egg-info/PKG-INFO
[7.511s] -- Installing: /home/ryokozuka/ros2_ws/src/install/person_msgs/local/lib/python3.10/dist-packages/person_msgs
[7.511s] -- Installing: /home/ryokozuka/ros2_ws/src/install/person_msgs/local/lib/python3.10/dist-packages/person_msgs/srv
[7.511s] -- Installing: /home/ryokozuka/ros2_ws/src/install/person_msgs/local/lib/python3.10/dist-packages/person_msgs/srv/_query_s.c
[7.511s] -- Installing: /home/ryokozuka/ros2_ws/src/install/person_msgs/local/lib/python3.10/dist-packages/person_msgs/srv/_query.py
[7.512s] -- Installing: /home/ryokozuka/ros2_ws/src/install/person_msgs/local/lib/python3.10/dist-packages/person_msgs/srv/__init__.py
[7.512s] -- Installing: /home/ryokozuka/ros2_ws/src/install/person_msgs/local/lib/python3.10/dist-packages/person_msgs/libperson_msgs__rosidl_generator_py.so
[7.512s] -- Installing: /home/ryokozuka/ros2_ws/src/install/person_msgs/local/lib/python3.10/dist-packages/person_msgs/_person_msgs_s.ep.rosidl_typesupport_introspection_c.c
[7.512s] -- Installing: /home/ryokozuka/ros2_ws/src/install/person_msgs/local/lib/python3.10/dist-packages/person_msgs/_person_msgs_s.ep.rosidl_typesupport_c.c
[7.512s] -- Installing: /home/ryokozuka/ros2_ws/src/install/person_msgs/local/lib/python3.10/dist-packages/person_msgs/person_msgs_s__rosidl_typesupport_fastrtps_c.cpython-310-x86_64-linux-gnu.so
[7.512s] -- Installing: /home/ryokozuka/ros2_ws/src/install/person_msgs/local/lib/python3.10/dist-packages/person_msgs/msg
[7.512s] -- Installing: /home/ryokozuka/ros2_ws/src/install/person_msgs/local/lib/python3.10/dist-packages/person_msgs/msg/_person.py
[7.512s] -- Installing: /home/ryokozuka/ros2_ws/src/install/person_msgs/local/lib/python3.10/dist-packages/person_msgs/msg/_person_s.c
[7.512s] -- Installing: /home/ryokozuka/ros2_ws/src/install/person_msgs/local/lib/python3.10/dist-packages/person_msgs/msg/__init__.py
[7.513s] -- Installing: /home/ryokozuka/ros2_ws/src/install/person_msgs/local/lib/python3.10/dist-packages/person_msgs/person_msgs_s__rosidl_typesupport_introspection_c.cpython-310-x86_64-linux-gnu.so
[7.513s] -- Installing: /home/ryokozuka/ros2_ws/src/install/person_msgs/local/lib/python3.10/dist-packages/person_msgs/person_msgs_s__rosidl_typesupport_c.cpython-310-x86_64-linux-gnu.so
[7.513s] -- Installing: /home/ryokozuka/ros2_ws/src/install/person_msgs/local/lib/python3.10/dist-packages/person_msgs/_person_msgs_s.ep.rosidl_typesupport_fastrtps_c.c
[7.513s] -- Installing: /home/ryokozuka/ros2_ws/src/install/person_msgs/local/lib/python3.10/dist-packages/person_msgs/__init__.py
[7.548s] Listing '/home/ryokozuka/ros2_ws/src/install/person_msgs/local/lib/python3.10/dist-packages/person_msgs'...
[7.549s] Compiling '/home/ryokozuka/ros2_ws/src/install/person_msgs/local/lib/python3.10/dist-packages/person_msgs/__init__.py'...
[7.549s] Listing '/home/ryokozuka/ros2_ws/src/install/person_msgs/local/lib/python3.10/dist-packages/person_msgs/msg'...
[7.549s] Compiling '/home/ryokozuka/ros2_ws/src/install/person_msgs/local/lib/python3.10/dist-packages/person_msgs/msg/__init__.py'...
[7.549s] Compiling '/home/ryokozuka/ros2_ws/src/install/person_msgs/local/lib/python3.10/dist-packages/person_msgs/msg/_person.py'...
[7.549s] Listing '/home/ryokozuka/ros2_ws/src/install/person_msgs/local/lib/python3.10/dist-packages/person_msgs/srv'...
[7.549s] Compiling '/home/ryokozuka/ros2_ws/src/install/person_msgs/local/lib/python3.10/dist-packages/person_msgs/srv/__init__.py'...
[7.549s] Compiling '/home/ryokozuka/ros2_ws/src/install/person_msgs/local/lib/python3.10/dist-packages/person_msgs/srv/_query.py'...
[7.553s] -- Installing: /home/ryokozuka/ros2_ws/src/install/person_msgs/local/lib/python3.10/dist-packages/person_msgs/person_msgs_s__rosidl_typesupport_fastrtps_c.cpython-310-x86_64-linux-gnu.so
[7.553s] -- Set runtime path of "/home/ryokozuka/ros2_ws/src/install/person_msgs/local/lib/python3.10/dist-packages/person_msgs/person_msgs_s__rosidl_typesupport_fastrtps_c.cpython-310-x86_64-linux-gnu.so" to ""
[7.553s] -- Installing: /home/ryokozuka/ros2_ws/src/install/person_msgs/local/lib/python3.10/dist-packages/person_msgs/person_msgs_s__rosidl_typesupport_introspection_c.cpython-310-x86_64-linux-gnu.so
[7.554s] -- Set runtime path of "/home/ryokozuka/ros2_ws/src/install/person_msgs/local/lib/python3.10/dist-packages/person_msgs/person_msgs_s__rosidl_typesupport_introspection_c.cpython-310-x86_64-linux-gnu.so" to ""
[7.554s] -- Installing: /home/ryokozuka/ros2_ws/src/install/person_msgs/local/lib/python3.10/dist-packages/person_msgs/person_msgs_s__rosidl_typesupport_c.cpython-310-x86_64-linux-gnu.so
[7.554s] -- Set runtime path of "/home/ryokozuka/ros2_ws/src/install/person_msgs/local/lib/python3.10/dist-packages/person_msgs/person_msgs_s__rosidl_typesupport_c.cpython-310-x86_64-linux-gnu.so" to ""
[7.554s] -- Installing: /home/ryokozuka/ros2_ws/src/install/person_msgs/lib/libperson_msgs__rosidl_generator_py.so
[7.554s] -- Set runtime path of "/home/ryokozuka/ros2_ws/src/install/person_msgs/lib/libperson_msgs__rosidl_generator_py.so" to ""
[7.554s] -- Installing: /home/ryokozuka/ros2_ws/src/install/person_msgs/share/person_msgs/msg/Person.idl
[7.555s] -- Installing: /home/ryokozuka/ros2_ws/src/install/person_msgs/share/person_msgs/srv/Query.idl
[7.555s] -- Installing: /home/ryokozuka/ros2_ws/src/install/person_msgs/share/person_msgs/msg/Person.msg
[7.555s] -- Installing: /home/ryokozuka/ros2_ws/src/install/person_msgs/share/person_msgs/srv/Query.srv
[7.555s] -- Installing: /home/ryokozuka/ros2_ws/src/install/person_msgs/share/person_msgs/srv/Query_Request.msg
[7.555s] -- Installing: /home/ryokozuka/ros2_ws/src/install/person_msgs/share/person_msgs/srv/Query_Response.msg
[7.555s] -- Installing: /home/ryokozuka/ros2_ws/src/install/person_msgs/share/ament_index/resource_index/package_run_dependencies/person_msgs
[7.555s] -- Installing: /home/ryokozuka/ros2_ws/src/install/person_msgs/share/ament_index/resource_index/parent_prefix_path/person_msgs
[7.556s] -- Installing: /home/ryokozuka/ros2_ws/src/install/person_msgs/share/person_msgs/environment/ament_prefix_path.sh
[7.556s] -- Installing: /home/ryokozuka/ros2_ws/src/install/person_msgs/share/person_msgs/environment/ament_prefix_path.dsv
[7.556s] -- Installing: /home/ryokozuka/ros2_ws/src/install/person_msgs/share/person_msgs/environment/path.sh
[7.556s] -- Installing: /home/ryokozuka/ros2_ws/src/install/person_msgs/share/person_msgs/environment/path.dsv
[7.556s] -- Installing: /home/ryokozuka/ros2_ws/src/install/person_msgs/share/person_msgs/local_setup.bash
[7.557s] -- Installing: /home/ryokozuka/ros2_ws/src/install/person_msgs/share/person_msgs/local_setup.sh
[7.557s] -- Installing: /home/ryokozuka/ros2_ws/src/install/person_msgs/share/person_msgs/local_setup.zsh
[7.557s] -- Installing: /home/ryokozuka/ros2_ws/src/install/person_msgs/share/person_msgs/local_setup.dsv
[7.557s] -- Installing: /home/ryokozuka/ros2_ws/src/install/person_msgs/share/person_msgs/package.dsv
[7.557s] -- Installing: /home/ryokozuka/ros2_ws/src/install/person_msgs/share/ament_index/resource_index/packages/person_msgs
[7.557s] -- Installing: /home/ryokozuka/ros2_ws/src/install/person_msgs/share/person_msgs/cmake/export_person_msgs__rosidl_generator_cExport.cmake
[7.557s] -- Installing: /home/ryokozuka/ros2_ws/src/install/person_msgs/share/person_msgs/cmake/export_person_msgs__rosidl_generator_cExport-noconfig.cmake
[7.557s] -- Installing: /home/ryokozuka/ros2_ws/src/install/person_msgs/share/person_msgs/cmake/export_person_msgs__rosidl_typesupport_fastrtps_cExport.cmake
[7.558s] -- Installing: /home/ryokozuka/ros2_ws/src/install/person_msgs/share/person_msgs/cmake/export_person_msgs__rosidl_typesupport_fastrtps_cExport-noconfig.cmake
[7.558s] -- Installing: /home/ryokozuka/ros2_ws/src/install/person_msgs/share/person_msgs/cmake/person_msgs__rosidl_typesupport_introspection_cExport.cmake
[7.558s] -- Installing: /home/ryokozuka/ros2_ws/src/install/person_msgs/share/person_msgs/cmake/person_msgs__rosidl_typesupport_introspection_cExport-noconfig.cmake
[7.558s] -- Installing: /home/ryokozuka/ros2_ws/src/install/person_msgs/share/person_msgs/cmake/person_msgs__rosidl_typesupport_cExport.cmake
[7.558s] -- Installing: /home/ryokozuka/ros2_ws/src/install/person_msgs/share/person_msgs/cmake/person_msgs__rosidl_typesupport_cExport-noconfig.cmake
[7.558s] -- Installing: /home/ryokozuka/ros2_ws/src/install/person_msgs/share/person_msgs/cmake/export_person_msgs__rosidl_generator_cppExport.cmake
[7.558s] -- Installing: /home/ryokozuka/ros2_ws/src/install/person_msgs/share/person_msgs/cmake/export_person_msgs__rosidl_typesupport_fastrtps_cppExport.cmake
[7.559s] -- Installing: /home/ryokozuka/ros2_ws/src/install/person_msgs/share/person_msgs/cmake/export_person_msgs__rosidl_typesupport_fastrtps_cppExport-noconfig.cmake
[7.559s] -- Installing: /home/ryokozuka/ros2_ws/src/install/person_msgs/share/person_msgs/cmake/person_msgs__rosidl_typesupport_introspection_cppExport.cmake
[7.559s] -- Installing: /home/ryokozuka/ros2_ws/src/install/person_msgs/share/person_msgs/cmake/person_msgs__rosidl_typesupport_introspection_cppExport-noconfig.cmake
[7.559s] -- Installing: /home/ryokozuka/ros2_ws/src/install/person_msgs/share/person_msgs/cmake/person_msgs__rosidl_typesupport_cppExport.cmake
[7.559s] -- Installing: /home/ryokozuka/ros2_ws/src/install/person_msgs/share/person_msgs/cmake/person_msgs__rosidl_typesupport_cppExport-noconfig.cmake
[7.559s] -- Installing: /home/ryokozuka/ros2_ws/src/install/person_msgs/share/person_msgs/cmake/export_person_msgs__rosidl_generator_pyExport.cmake
[7.559s] -- Installing: /home/ryokozuka/ros2_ws/src/install/person_msgs/share/person_msgs/cmake/export_person_msgs__rosidl_generator_pyExport-noconfig.cmake
[7.560s] -- Installing: /home/ryokozuka/ros2_ws/src/install/person_msgs/share/person_msgs/cmake/rosidl_cmake-extras.cmake
[7.560s] -- Installing: /home/ryokozuka/ros2_ws/src/install/person_msgs/share/person_msgs/cmake/ament_cmake_export_include_directories-extras.cmake
[7.560s] -- Installing: /home/ryokozuka/ros2_ws/src/install/person_msgs/share/person_msgs/cmake/ament_cmake_export_libraries-extras.cmake
[7.560s] -- Installing: /home/ryokozuka/ros2_ws/src/install/person_msgs/share/person_msgs/cmake/ament_cmake_export_targets-extras.cmake
[7.560s] -- Installing: /home/ryokozuka/ros2_ws/src/install/person_msgs/share/person_msgs/cmake/rosidl_cmake_export_typesupport_targets-extras.cmake
[7.560s] -- Installing: /home/ryokozuka/ros2_ws/src/install/person_msgs/share/person_msgs/cmake/ament_cmake_export_dependencies-extras.cmake
[7.561s] -- Installing: /home/ryokozuka/ros2_ws/src/install/person_msgs/share/person_msgs/cmake/rosidl_cmake_export_typesupport_libraries-extras.cmake
[7.561s] -- Installing: /home/ryokozuka/ros2_ws/src/install/person_msgs/share/person_msgs/cmake/person_msgsConfig.cmake
[7.561s] -- Installing: /home/ryokozuka/ros2_ws/src/install/person_msgs/share/person_msgs/cmake/person_msgsConfig-version.cmake
[7.561s] -- Installing: /home/ryokozuka/ros2_ws/src/install/person_msgs/share/person_msgs/package.xml
[7.563s] Invoked command in '/home/ryokozuka/ros2_ws/src/build/person_msgs' returned '0': CMAKE_PREFIX_PATH=${CMAKE_PREFIX_PATH}:/opt/ros/humble /usr/bin/cmake --install /home/ryokozuka/ros2_ws/src/build/person_msgs
