[0.592s] Invoking command in '/home/ryokozuka/ros2_ws/src/mypkg': PYTHONPATH=/home/ryokozuka/ros2_ws/build/mypkg/prefix_override:/home/ryokozuka/ros2_ws/install/mypkg/lib/python3.10/site-packages:${PYTHONPATH} /usr/bin/python3 setup.py egg_info --egg-base ../../build/mypkg build --build-base /home/ryokozuka/ros2_ws/build/mypkg/build install --record /home/ryokozuka/ros2_ws/build/mypkg/install.log --single-version-externally-managed
[0.798s] running egg_info
[0.799s] writing ../../build/mypkg/mypkg.egg-info/PKG-INFO
[0.799s] writing dependency_links to ../../build/mypkg/mypkg.egg-info/dependency_links.txt
[0.800s] writing entry points to ../../build/mypkg/mypkg.egg-info/entry_points.txt
[0.800s] writing requirements to ../../build/mypkg/mypkg.egg-info/requires.txt
[0.800s] writing top-level names to ../../build/mypkg/mypkg.egg-info/top_level.txt
[0.802s] reading manifest file '../../build/mypkg/mypkg.egg-info/SOURCES.txt'
[0.803s] writing manifest file '../../build/mypkg/mypkg.egg-info/SOURCES.txt'
[0.803s] running build
[0.803s] running build_py
[0.804s] running install
[0.804s] /usr/lib/python3/dist-packages/setuptools/command/install.py:34: SetuptoolsDeprecationWarning: setup.py install is deprecated. Use build and pip and other standards-based tools.
[0.804s]   warnings.warn(
[0.804s] running install_lib
[0.805s] running install_data
[0.806s] running install_egg_info
[0.807s] removing '/home/ryokozuka/ros2_ws/install/mypkg/lib/python3.10/site-packages/mypkg-0.0.0-py3.10.egg-info' (and everything under it)
[0.807s] Copying ../../build/mypkg/mypkg.egg-info to /home/ryokozuka/ros2_ws/install/mypkg/lib/python3.10/site-packages/mypkg-0.0.0-py3.10.egg-info
[0.808s] running install_scripts
[0.830s] Installing listener script to /home/ryokozuka/ros2_ws/install/mypkg/lib/mypkg
[0.830s] Installing talker script to /home/ryokozuka/ros2_ws/install/mypkg/lib/mypkg
[0.831s] writing list of installed files to '/home/ryokozuka/ros2_ws/build/mypkg/install.log'
[0.856s] Invoked command in '/home/ryokozuka/ros2_ws/src/mypkg' returned '0': PYTHONPATH=/home/ryokozuka/ros2_ws/build/mypkg/prefix_override:/home/ryokozuka/ros2_ws/install/mypkg/lib/python3.10/site-packages:${PYTHONPATH} /usr/bin/python3 setup.py egg_info --egg-base ../../build/mypkg build --build-base /home/ryokozuka/ros2_ws/build/mypkg/build install --record /home/ryokozuka/ros2_ws/build/mypkg/install.log --single-version-externally-managed
