[0.627s] Invoking command in '/home/ryokozuka/ros2_ws/src/mypkg': PYTHONPATH=/home/ryokozuka/ros2_ws/build/mypkg/prefix_override:/home/ryokozuka/ros2_ws/install/mypkg/lib/python3.10/site-packages:${PYTHONPATH} /usr/bin/python3 setup.py egg_info --egg-base ../../build/mypkg build --build-base /home/ryokozuka/ros2_ws/build/mypkg/build install --record /home/ryokozuka/ros2_ws/build/mypkg/install.log --single-version-externally-managed
[0.855s] running egg_info
[0.856s] writing ../../build/mypkg/mypkg.egg-info/PKG-INFO
[0.856s] writing dependency_links to ../../build/mypkg/mypkg.egg-info/dependency_links.txt
[0.857s] writing entry points to ../../build/mypkg/mypkg.egg-info/entry_points.txt
[0.857s] writing requirements to ../../build/mypkg/mypkg.egg-info/requires.txt
[0.857s] writing top-level names to ../../build/mypkg/mypkg.egg-info/top_level.txt
[0.859s] reading manifest file '../../build/mypkg/mypkg.egg-info/SOURCES.txt'
[0.860s] writing manifest file '../../build/mypkg/mypkg.egg-info/SOURCES.txt'
[0.860s] running build
[0.860s] running build_py
[0.861s] copying mypkg/talker.py -> /home/ryokozuka/ros2_ws/build/mypkg/build/lib/mypkg
[0.861s] running install
[0.861s] /usr/lib/python3/dist-packages/setuptools/command/install.py:34: SetuptoolsDeprecationWarning: setup.py install is deprecated. Use build and pip and other standards-based tools.
[0.861s]   warnings.warn(
[0.862s] running install_lib
[0.862s] copying /home/ryokozuka/ros2_ws/build/mypkg/build/lib/mypkg/talker.py -> /home/ryokozuka/ros2_ws/install/mypkg/lib/python3.10/site-packages/mypkg
[0.863s] byte-compiling /home/ryokozuka/ros2_ws/install/mypkg/lib/python3.10/site-packages/mypkg/talker.py to talker.cpython-310.pyc
[0.866s] running install_data
[0.868s] running install_egg_info
[0.871s] removing '/home/ryokozuka/ros2_ws/install/mypkg/lib/python3.10/site-packages/mypkg-0.0.0-py3.10.egg-info' (and everything under it)
[0.871s] Copying ../../build/mypkg/mypkg.egg-info to /home/ryokozuka/ros2_ws/install/mypkg/lib/python3.10/site-packages/mypkg-0.0.0-py3.10.egg-info
[0.872s] running install_scripts
[0.891s] Installing listener script to /home/ryokozuka/ros2_ws/install/mypkg/lib/mypkg
[0.893s] Installing talker script to /home/ryokozuka/ros2_ws/install/mypkg/lib/mypkg
[0.893s] writing list of installed files to '/home/ryokozuka/ros2_ws/build/mypkg/install.log'
[0.934s] Invoked command in '/home/ryokozuka/ros2_ws/src/mypkg' returned '0': PYTHONPATH=/home/ryokozuka/ros2_ws/build/mypkg/prefix_override:/home/ryokozuka/ros2_ws/install/mypkg/lib/python3.10/site-packages:${PYTHONPATH} /usr/bin/python3 setup.py egg_info --egg-base ../../build/mypkg build --build-base /home/ryokozuka/ros2_ws/build/mypkg/build install --record /home/ryokozuka/ros2_ws/build/mypkg/install.log --single-version-externally-managed
