[0.805s] DEBUG:colcon:Command line arguments: ['/usr/bin/colcon', 'build']
[0.805s] DEBUG:colcon:Parsed command line arguments: Namespace(log_base=None, log_level=None, verb_name='build', build_base='build', install_base='install', merge_install=False, symlink_install=False, test_result_base=None, continue_on_error=False, executor='parallel', parallel_workers=8, event_handlers=None, ignore_user_meta=False, metas=['./colcon.meta'], base_paths=['.'], packages_ignore=None, packages_ignore_regex=None, paths=None, packages_up_to=None, packages_up_to_regex=None, packages_above=None, packages_above_and_dependencies=None, packages_above_depth=None, packages_select_by_dep=None, packages_skip_by_dep=None, packages_skip_up_to=None, packages_select_build_failed=False, packages_skip_build_finished=False, packages_select_test_failures=False, packages_skip_test_passed=False, packages_select=None, packages_skip=None, packages_select_regex=None, packages_skip_regex=None, packages_start=None, packages_end=None, allow_overriding=[], cmake_args=None, cmake_target=None, cmake_target_skip_unavailable=False, cmake_clean_cache=False, cmake_clean_first=False, cmake_force_configure=False, ament_cmake_args=None, catkin_cmake_args=None, catkin_skip_building_tests=False, verb_parser=<colcon_defaults.argument_parser.defaults.DefaultArgumentsDecorator object at 0x7f68387fd3c0>, verb_extension=<colcon_core.verb.build.BuildVerb object at 0x7f6838ae9930>, main=<bound method BuildVerb.main of <colcon_core.verb.build.BuildVerb object at 0x7f6838ae9930>>)
[0.836s] Level 1:colcon.colcon_core.package_discovery:discover_packages(colcon_meta) check parameters
[0.836s] Level 1:colcon.colcon_core.package_discovery:discover_packages(recursive) check parameters
[0.836s] Level 1:colcon.colcon_core.package_discovery:discover_packages(ignore) check parameters
[0.836s] Level 1:colcon.colcon_core.package_discovery:discover_packages(path) check parameters
[0.837s] Level 1:colcon.colcon_core.package_discovery:discover_packages(colcon_meta) discover
[0.837s] Level 1:colcon.colcon_core.package_discovery:discover_packages(recursive) discover
[0.837s] INFO:colcon.colcon_core.package_discovery:Crawling recursively for packages in '/home/ryokozuka/ros2_ws'
[0.837s] Level 1:colcon.colcon_core.package_identification:_identify(.) by extensions ['ignore', 'ignore_ament_install']
[0.837s] Level 1:colcon.colcon_core.package_identification:_identify(.) by extension 'ignore'
[0.837s] Level 1:colcon.colcon_core.package_identification:_identify(.) by extension 'ignore_ament_install'
[0.837s] Level 1:colcon.colcon_core.package_identification:_identify(.) by extensions ['colcon_pkg']
[0.837s] Level 1:colcon.colcon_core.package_identification:_identify(.) by extension 'colcon_pkg'
[0.837s] Level 1:colcon.colcon_core.package_identification:_identify(.) by extensions ['colcon_meta']
[0.837s] Level 1:colcon.colcon_core.package_identification:_identify(.) by extension 'colcon_meta'
[0.837s] Level 1:colcon.colcon_core.package_identification:_identify(.) by extensions ['ros']
[0.837s] Level 1:colcon.colcon_core.package_identification:_identify(.) by extension 'ros'
[0.846s] Level 1:colcon.colcon_core.package_identification:_identify(.) by extensions ['cmake', 'python']
[0.846s] Level 1:colcon.colcon_core.package_identification:_identify(.) by extension 'cmake'
[0.846s] Level 1:colcon.colcon_core.package_identification:_identify(.) by extension 'python'
[0.846s] Level 1:colcon.colcon_core.package_identification:_identify(.) by extensions ['python_setup_py']
[0.846s] Level 1:colcon.colcon_core.package_identification:_identify(.) by extension 'python_setup_py'
[0.846s] Level 1:colcon.colcon_core.package_identification:_identify(build) by extensions ['ignore', 'ignore_ament_install']
[0.846s] Level 1:colcon.colcon_core.package_identification:_identify(build) by extension 'ignore'
[0.846s] Level 1:colcon.colcon_core.package_identification:_identify(build) ignored
[0.846s] Level 1:colcon.colcon_core.package_identification:_identify(install) by extensions ['ignore', 'ignore_ament_install']
[0.846s] Level 1:colcon.colcon_core.package_identification:_identify(install) by extension 'ignore'
[0.846s] Level 1:colcon.colcon_core.package_identification:_identify(install) ignored
[0.846s] Level 1:colcon.colcon_core.package_identification:_identify(log) by extensions ['ignore', 'ignore_ament_install']
[0.846s] Level 1:colcon.colcon_core.package_identification:_identify(log) by extension 'ignore'
[0.846s] Level 1:colcon.colcon_core.package_identification:_identify(log) ignored
[0.846s] Level 1:colcon.colcon_core.package_identification:_identify(src) by extensions ['ignore', 'ignore_ament_install']
[0.847s] Level 1:colcon.colcon_core.package_identification:_identify(src) by extension 'ignore'
[0.847s] Level 1:colcon.colcon_core.package_identification:_identify(src) by extension 'ignore_ament_install'
[0.847s] Level 1:colcon.colcon_core.package_identification:_identify(src) by extensions ['colcon_pkg']
[0.847s] Level 1:colcon.colcon_core.package_identification:_identify(src) by extension 'colcon_pkg'
[0.847s] Level 1:colcon.colcon_core.package_identification:_identify(src) by extensions ['colcon_meta']
[0.847s] Level 1:colcon.colcon_core.package_identification:_identify(src) by extension 'colcon_meta'
[0.847s] Level 1:colcon.colcon_core.package_identification:_identify(src) by extensions ['ros']
[0.847s] Level 1:colcon.colcon_core.package_identification:_identify(src) by extension 'ros'
[0.847s] Level 1:colcon.colcon_core.package_identification:_identify(src) by extensions ['cmake', 'python']
[0.847s] Level 1:colcon.colcon_core.package_identification:_identify(src) by extension 'cmake'
[0.847s] Level 1:colcon.colcon_core.package_identification:_identify(src) by extension 'python'
[0.847s] Level 1:colcon.colcon_core.package_identification:_identify(src) by extensions ['python_setup_py']
[0.847s] Level 1:colcon.colcon_core.package_identification:_identify(src) by extension 'python_setup_py'
[0.847s] Level 1:colcon.colcon_core.package_identification:_identify(src/build) by extensions ['ignore', 'ignore_ament_install']
[0.847s] Level 1:colcon.colcon_core.package_identification:_identify(src/build) by extension 'ignore'
[0.847s] Level 1:colcon.colcon_core.package_identification:_identify(src/build) ignored
[0.847s] Level 1:colcon.colcon_core.package_identification:_identify(src/install) by extensions ['ignore', 'ignore_ament_install']
[0.847s] Level 1:colcon.colcon_core.package_identification:_identify(src/install) by extension 'ignore'
[0.847s] Level 1:colcon.colcon_core.package_identification:_identify(src/install) ignored
[0.847s] Level 1:colcon.colcon_core.package_identification:_identify(src/log) by extensions ['ignore', 'ignore_ament_install']
[0.847s] Level 1:colcon.colcon_core.package_identification:_identify(src/log) by extension 'ignore'
[0.847s] Level 1:colcon.colcon_core.package_identification:_identify(src/log) ignored
[0.847s] Level 1:colcon.colcon_core.package_identification:_identify(src/mypkg) by extensions ['ignore', 'ignore_ament_install']
[0.847s] Level 1:colcon.colcon_core.package_identification:_identify(src/mypkg) by extension 'ignore'
[0.848s] Level 1:colcon.colcon_core.package_identification:_identify(src/mypkg) by extension 'ignore_ament_install'
[0.848s] Level 1:colcon.colcon_core.package_identification:_identify(src/mypkg) by extensions ['colcon_pkg']
[0.848s] Level 1:colcon.colcon_core.package_identification:_identify(src/mypkg) by extension 'colcon_pkg'
[0.848s] Level 1:colcon.colcon_core.package_identification:_identify(src/mypkg) by extensions ['colcon_meta']
[0.848s] Level 1:colcon.colcon_core.package_identification:_identify(src/mypkg) by extension 'colcon_meta'
[0.848s] Level 1:colcon.colcon_core.package_identification:_identify(src/mypkg) by extensions ['ros']
[0.848s] Level 1:colcon.colcon_core.package_identification:_identify(src/mypkg) by extension 'ros'
[0.849s] DEBUG:colcon.colcon_core.package_identification:Failed to parse potential ROS package manifest in'src/mypkg': Error(s) in package 'src/mypkg/package.xml':
The manifest contains invalid XML:
mismatched tag: line 12, column 27
[0.849s] Level 1:colcon.colcon_core.package_identification:_identify(src/mypkg) by extensions ['cmake', 'python']
[0.849s] Level 1:colcon.colcon_core.package_identification:_identify(src/mypkg) by extension 'cmake'
[0.849s] Level 1:colcon.colcon_core.package_identification:_identify(src/mypkg) by extension 'python'
[0.849s] DEBUG:colcon.colcon_core.package_identification:Python package in 'src/mypkg' passes arguments to the setup() function which requires a different identification extension than 'python'
[0.849s] Level 1:colcon.colcon_core.package_identification:_identify(src/mypkg) by extensions ['python_setup_py']
[0.849s] Level 1:colcon.colcon_core.package_identification:_identify(src/mypkg) by extension 'python_setup_py'
[1.040s] DEBUG:colcon.colcon_core.package_identification:Package 'src/mypkg' with type 'python' and name 'mypkg'
[1.040s] Level 1:colcon.colcon_core.package_identification:_identify(src/person_msgs) by extensions ['ignore', 'ignore_ament_install']
[1.041s] Level 1:colcon.colcon_core.package_identification:_identify(src/person_msgs) by extension 'ignore'
[1.041s] Level 1:colcon.colcon_core.package_identification:_identify(src/person_msgs) by extension 'ignore_ament_install'
[1.041s] Level 1:colcon.colcon_core.package_identification:_identify(src/person_msgs) by extensions ['colcon_pkg']
[1.041s] Level 1:colcon.colcon_core.package_identification:_identify(src/person_msgs) by extension 'colcon_pkg'
[1.041s] Level 1:colcon.colcon_core.package_identification:_identify(src/person_msgs) by extensions ['colcon_meta']
[1.041s] Level 1:colcon.colcon_core.package_identification:_identify(src/person_msgs) by extension 'colcon_meta'
[1.041s] Level 1:colcon.colcon_core.package_identification:_identify(src/person_msgs) by extensions ['ros']
[1.041s] Level 1:colcon.colcon_core.package_identification:_identify(src/person_msgs) by extension 'ros'
[1.043s] DEBUG:colcon.colcon_core.package_identification:Package 'src/person_msgs' with type 'ros.ament_cmake' and name 'person_msgs'
[1.043s] Level 1:colcon.colcon_core.package_discovery:discover_packages(recursive) using defaults
[1.043s] Level 1:colcon.colcon_core.package_discovery:discover_packages(ignore) discover
[1.043s] Level 1:colcon.colcon_core.package_discovery:discover_packages(ignore) using defaults
[1.043s] Level 1:colcon.colcon_core.package_discovery:discover_packages(path) discover
[1.043s] Level 1:colcon.colcon_core.package_discovery:discover_packages(path) using defaults
[1.109s] Level 1:colcon.colcon_core.package_discovery:discover_packages(prefix_path) check parameters
[1.109s] Level 1:colcon.colcon_core.package_discovery:discover_packages(prefix_path) discover
[1.139s] DEBUG:colcon.colcon_installed_package_information.package_discovery:Found 2 installed packages in /home/ryokozuka/ros2_ws/install
[1.149s] DEBUG:colcon.colcon_installed_package_information.package_discovery:Found 270 installed packages in /opt/ros/humble
[1.150s] Level 1:colcon.colcon_core.package_discovery:discover_packages(prefix_path) using defaults
[1.222s] Level 5:colcon.colcon_core.verb:set package 'mypkg' build argument 'cmake_args' from command line to 'None'
[1.222s] Level 5:colcon.colcon_core.verb:set package 'mypkg' build argument 'cmake_target' from command line to 'None'
[1.222s] Level 5:colcon.colcon_core.verb:set package 'mypkg' build argument 'cmake_target_skip_unavailable' from command line to 'False'
[1.222s] Level 5:colcon.colcon_core.verb:set package 'mypkg' build argument 'cmake_clean_cache' from command line to 'False'
[1.222s] Level 5:colcon.colcon_core.verb:set package 'mypkg' build argument 'cmake_clean_first' from command line to 'False'
[1.222s] Level 5:colcon.colcon_core.verb:set package 'mypkg' build argument 'cmake_force_configure' from command line to 'False'
[1.222s] Level 5:colcon.colcon_core.verb:set package 'mypkg' build argument 'ament_cmake_args' from command line to 'None'
[1.222s] Level 5:colcon.colcon_core.verb:set package 'mypkg' build argument 'catkin_cmake_args' from command line to 'None'
[1.222s] Level 5:colcon.colcon_core.verb:set package 'mypkg' build argument 'catkin_skip_building_tests' from command line to 'False'
[1.222s] DEBUG:colcon.colcon_core.verb:Building package 'mypkg' with the following arguments: {'ament_cmake_args': None, 'build_base': '/home/ryokozuka/ros2_ws/build/mypkg', 'catkin_cmake_args': None, 'catkin_skip_building_tests': False, 'cmake_args': None, 'cmake_clean_cache': False, 'cmake_clean_first': False, 'cmake_force_configure': False, 'cmake_target': None, 'cmake_target_skip_unavailable': False, 'install_base': '/home/ryokozuka/ros2_ws/install/mypkg', 'merge_install': False, 'path': '/home/ryokozuka/ros2_ws/src/mypkg', 'symlink_install': False, 'test_result_base': None}
[1.231s] Level 5:colcon.colcon_core.verb:set package 'person_msgs' build argument 'cmake_args' from command line to 'None'
[1.231s] Level 5:colcon.colcon_core.verb:set package 'person_msgs' build argument 'cmake_target' from command line to 'None'
[1.231s] Level 5:colcon.colcon_core.verb:set package 'person_msgs' build argument 'cmake_target_skip_unavailable' from command line to 'False'
[1.231s] Level 5:colcon.colcon_core.verb:set package 'person_msgs' build argument 'cmake_clean_cache' from command line to 'False'
[1.231s] Level 5:colcon.colcon_core.verb:set package 'person_msgs' build argument 'cmake_clean_first' from command line to 'False'
[1.231s] Level 5:colcon.colcon_core.verb:set package 'person_msgs' build argument 'cmake_force_configure' from command line to 'False'
[1.231s] Level 5:colcon.colcon_core.verb:set package 'person_msgs' build argument 'ament_cmake_args' from command line to 'None'
[1.231s] Level 5:colcon.colcon_core.verb:set package 'person_msgs' build argument 'catkin_cmake_args' from command line to 'None'
[1.231s] Level 5:colcon.colcon_core.verb:set package 'person_msgs' build argument 'catkin_skip_building_tests' from command line to 'False'
[1.231s] DEBUG:colcon.colcon_core.verb:Building package 'person_msgs' with the following arguments: {'ament_cmake_args': None, 'build_base': '/home/ryokozuka/ros2_ws/build/person_msgs', 'catkin_cmake_args': None, 'catkin_skip_building_tests': False, 'cmake_args': None, 'cmake_clean_cache': False, 'cmake_clean_first': False, 'cmake_force_configure': False, 'cmake_target': None, 'cmake_target_skip_unavailable': False, 'install_base': '/home/ryokozuka/ros2_ws/install/person_msgs', 'merge_install': False, 'path': '/home/ryokozuka/ros2_ws/src/person_msgs', 'symlink_install': False, 'test_result_base': None}
[1.240s] INFO:colcon.colcon_core.executor:Executing jobs using 'parallel' executor
[1.250s] DEBUG:colcon.colcon_parallel_executor.executor.parallel:run_until_complete
[1.250s] INFO:colcon.colcon_core.task.python.build:Building Python package in '/home/ryokozuka/ros2_ws/src/mypkg'
[1.262s] INFO:colcon.colcon_core.plugin_system:Skipping extension 'colcon_core.shell.bat': Not used on non-Windows systems
[1.262s] INFO:colcon.colcon_core.shell:Skip shell extension 'powershell' for command environment: Not usable outside of PowerShell
[1.262s] DEBUG:colcon.colcon_core.shell:Skip shell extension 'dsv' for command environment
[1.299s] INFO:colcon.colcon_ros.task.ament_cmake.build:Building ROS package in '/home/ryokozuka/ros2_ws/src/person_msgs' with build type 'ament_cmake'
[1.300s] INFO:colcon.colcon_cmake.task.cmake.build:Building CMake package in '/home/ryokozuka/ros2_ws/src/person_msgs'
[1.312s] INFO:colcon.colcon_core.shell:Skip shell extension 'powershell' for command environment: Not usable outside of PowerShell
[1.312s] DEBUG:colcon.colcon_core.shell:Skip shell extension 'dsv' for command environment
[1.575s] DEBUG:colcon.colcon_core.event_handler.log_command:Invoking command in '/home/ryokozuka/ros2_ws/build/person_msgs': CMAKE_PREFIX_PATH=${CMAKE_PREFIX_PATH}:/opt/ros/humble /usr/bin/cmake --build /home/ryokozuka/ros2_ws/build/person_msgs -- -j8 -l8
[1.909s] DEBUG:colcon.colcon_core.event_handler.log_command:Invoking command in '/home/ryokozuka/ros2_ws/src/mypkg': PYTHONPATH=/home/ryokozuka/ros2_ws/build/mypkg/prefix_override:/home/ryokozuka/ros2_ws/install/mypkg/lib/python3.10/site-packages:${PYTHONPATH} /usr/bin/python3 setup.py egg_info --egg-base ../../build/mypkg build --build-base /home/ryokozuka/ros2_ws/build/mypkg/build install --record /home/ryokozuka/ros2_ws/build/mypkg/install.log --single-version-externally-managed
[1.914s] DEBUG:colcon.colcon_core.event_handler.log_command:Invoked command in '/home/ryokozuka/ros2_ws/build/person_msgs' returned '0': CMAKE_PREFIX_PATH=${CMAKE_PREFIX_PATH}:/opt/ros/humble /usr/bin/cmake --build /home/ryokozuka/ros2_ws/build/person_msgs -- -j8 -l8
[1.976s] DEBUG:colcon.colcon_core.event_handler.log_command:Invoking command in '/home/ryokozuka/ros2_ws/build/person_msgs': CMAKE_PREFIX_PATH=${CMAKE_PREFIX_PATH}:/opt/ros/humble /usr/bin/cmake --install /home/ryokozuka/ros2_ws/build/person_msgs
[2.029s] Level 1:colcon.colcon_core.environment:create_environment_scripts_only(person_msgs)
[2.030s] DEBUG:colcon.colcon_core.event_handler.log_command:Invoked command in '/home/ryokozuka/ros2_ws/build/person_msgs' returned '0': CMAKE_PREFIX_PATH=${CMAKE_PREFIX_PATH}:/opt/ros/humble /usr/bin/cmake --install /home/ryokozuka/ros2_ws/build/person_msgs
[2.040s] Level 1:colcon.colcon_core.environment:checking '/home/ryokozuka/ros2_ws/install/person_msgs' for CMake module files
[2.041s] Level 1:colcon.colcon_core.environment:checking '/home/ryokozuka/ros2_ws/install/person_msgs' for CMake config files
[2.041s] Level 1:colcon.colcon_core.shell:create_environment_hook('person_msgs', 'cmake_prefix_path')
[2.053s] INFO:colcon.colcon_core.shell:Creating environment hook '/home/ryokozuka/ros2_ws/install/person_msgs/share/person_msgs/hook/cmake_prefix_path.ps1'
[2.054s] INFO:colcon.colcon_core.shell:Creating environment descriptor '/home/ryokozuka/ros2_ws/install/person_msgs/share/person_msgs/hook/cmake_prefix_path.dsv'
[2.055s] INFO:colcon.colcon_core.shell:Creating environment hook '/home/ryokozuka/ros2_ws/install/person_msgs/share/person_msgs/hook/cmake_prefix_path.sh'
[2.055s] Level 1:colcon.colcon_core.environment:checking '/home/ryokozuka/ros2_ws/install/person_msgs/lib'
[2.055s] Level 1:colcon.colcon_core.shell:create_environment_hook('person_msgs', 'ld_library_path_lib')
[2.071s] INFO:colcon.colcon_core.shell:Creating environment hook '/home/ryokozuka/ros2_ws/install/person_msgs/share/person_msgs/hook/ld_library_path_lib.ps1'
[2.071s] INFO:colcon.colcon_core.shell:Creating environment descriptor '/home/ryokozuka/ros2_ws/install/person_msgs/share/person_msgs/hook/ld_library_path_lib.dsv'
[2.072s] INFO:colcon.colcon_core.shell:Creating environment hook '/home/ryokozuka/ros2_ws/install/person_msgs/share/person_msgs/hook/ld_library_path_lib.sh'
[2.072s] Level 1:colcon.colcon_core.environment:checking '/home/ryokozuka/ros2_ws/install/person_msgs/bin'
[2.072s] Level 1:colcon.colcon_core.environment:checking '/home/ryokozuka/ros2_ws/install/person_msgs/lib/pkgconfig/person_msgs.pc'
[2.073s] Level 1:colcon.colcon_core.environment:checking '/home/ryokozuka/ros2_ws/install/person_msgs/lib/python3.10/site-packages'
[2.073s] Level 1:colcon.colcon_core.environment:checking '/home/ryokozuka/ros2_ws/install/person_msgs/bin'
[2.082s] INFO:colcon.colcon_core.shell:Creating package script '/home/ryokozuka/ros2_ws/install/person_msgs/share/person_msgs/package.ps1'
[2.083s] INFO:colcon.colcon_core.shell:Creating package descriptor '/home/ryokozuka/ros2_ws/install/person_msgs/share/person_msgs/package.dsv'
[2.083s] INFO:colcon.colcon_core.shell:Creating package script '/home/ryokozuka/ros2_ws/install/person_msgs/share/person_msgs/package.sh'
[2.084s] INFO:colcon.colcon_core.shell:Creating package script '/home/ryokozuka/ros2_ws/install/person_msgs/share/person_msgs/package.bash'
[2.084s] INFO:colcon.colcon_core.shell:Creating package script '/home/ryokozuka/ros2_ws/install/person_msgs/share/person_msgs/package.zsh'
[2.085s] Level 1:colcon.colcon_core.environment:create_file_with_runtime_dependencies(/home/ryokozuka/ros2_ws/install/person_msgs/share/colcon-core/packages/person_msgs)
[2.159s] Level 1:colcon.colcon_core.environment:create_environment_scripts_only(person_msgs)
[2.171s] Level 1:colcon.colcon_core.environment:checking '/home/ryokozuka/ros2_ws/install/person_msgs' for CMake module files
[2.171s] Level 1:colcon.colcon_core.environment:checking '/home/ryokozuka/ros2_ws/install/person_msgs' for CMake config files
[2.172s] Level 1:colcon.colcon_core.shell:create_environment_hook('person_msgs', 'cmake_prefix_path')
[2.188s] INFO:colcon.colcon_core.shell:Creating environment hook '/home/ryokozuka/ros2_ws/install/person_msgs/share/person_msgs/hook/cmake_prefix_path.ps1'
[2.189s] INFO:colcon.colcon_core.shell:Creating environment descriptor '/home/ryokozuka/ros2_ws/install/person_msgs/share/person_msgs/hook/cmake_prefix_path.dsv'
[2.189s] INFO:colcon.colcon_core.shell:Creating environment hook '/home/ryokozuka/ros2_ws/install/person_msgs/share/person_msgs/hook/cmake_prefix_path.sh'
[2.190s] Level 1:colcon.colcon_core.environment:checking '/home/ryokozuka/ros2_ws/install/person_msgs/lib'
[2.190s] Level 1:colcon.colcon_core.shell:create_environment_hook('person_msgs', 'ld_library_path_lib')
[2.201s] INFO:colcon.colcon_core.shell:Creating environment hook '/home/ryokozuka/ros2_ws/install/person_msgs/share/person_msgs/hook/ld_library_path_lib.ps1'
[2.201s] INFO:colcon.colcon_core.shell:Creating environment descriptor '/home/ryokozuka/ros2_ws/install/person_msgs/share/person_msgs/hook/ld_library_path_lib.dsv'
[2.201s] INFO:colcon.colcon_core.shell:Creating environment hook '/home/ryokozuka/ros2_ws/install/person_msgs/share/person_msgs/hook/ld_library_path_lib.sh'
[2.201s] Level 1:colcon.colcon_core.environment:checking '/home/ryokozuka/ros2_ws/install/person_msgs/bin'
[2.202s] Level 1:colcon.colcon_core.environment:checking '/home/ryokozuka/ros2_ws/install/person_msgs/lib/pkgconfig/person_msgs.pc'
[2.202s] Level 1:colcon.colcon_core.environment:checking '/home/ryokozuka/ros2_ws/install/person_msgs/lib/python3.10/site-packages'
[2.202s] Level 1:colcon.colcon_core.environment:checking '/home/ryokozuka/ros2_ws/install/person_msgs/bin'
[2.212s] INFO:colcon.colcon_core.shell:Creating package script '/home/ryokozuka/ros2_ws/install/person_msgs/share/person_msgs/package.ps1'
[2.212s] INFO:colcon.colcon_core.shell:Creating package descriptor '/home/ryokozuka/ros2_ws/install/person_msgs/share/person_msgs/package.dsv'
[2.213s] INFO:colcon.colcon_core.shell:Creating package script '/home/ryokozuka/ros2_ws/install/person_msgs/share/person_msgs/package.sh'
[2.214s] INFO:colcon.colcon_core.shell:Creating package script '/home/ryokozuka/ros2_ws/install/person_msgs/share/person_msgs/package.bash'
[2.214s] INFO:colcon.colcon_core.shell:Creating package script '/home/ryokozuka/ros2_ws/install/person_msgs/share/person_msgs/package.zsh'
[2.215s] Level 1:colcon.colcon_core.environment:create_file_with_runtime_dependencies(/home/ryokozuka/ros2_ws/install/person_msgs/share/colcon-core/packages/person_msgs)
[2.217s] DEBUG:colcon.colcon_core.event_handler.log_command:Invoked command in '/home/ryokozuka/ros2_ws/src/mypkg' returned '0': PYTHONPATH=/home/ryokozuka/ros2_ws/build/mypkg/prefix_override:/home/ryokozuka/ros2_ws/install/mypkg/lib/python3.10/site-packages:${PYTHONPATH} /usr/bin/python3 setup.py egg_info --egg-base ../../build/mypkg build --build-base /home/ryokozuka/ros2_ws/build/mypkg/build install --record /home/ryokozuka/ros2_ws/build/mypkg/install.log --single-version-externally-managed
[2.226s] Level 1:colcon.colcon_core.environment:checking '/home/ryokozuka/ros2_ws/install/mypkg' for CMake module files
[2.226s] Level 1:colcon.colcon_core.environment:checking '/home/ryokozuka/ros2_ws/install/mypkg' for CMake config files
[2.227s] Level 1:colcon.colcon_core.environment:checking '/home/ryokozuka/ros2_ws/install/mypkg/lib'
[2.227s] Level 1:colcon.colcon_core.environment:checking '/home/ryokozuka/ros2_ws/install/mypkg/bin'
[2.227s] Level 1:colcon.colcon_core.environment:checking '/home/ryokozuka/ros2_ws/install/mypkg/lib/pkgconfig/mypkg.pc'
[2.227s] Level 1:colcon.colcon_core.environment:checking '/home/ryokozuka/ros2_ws/install/mypkg/lib/python3.10/site-packages'
[2.227s] Level 1:colcon.colcon_core.shell:create_environment_hook('mypkg', 'pythonpath')
[2.239s] INFO:colcon.colcon_core.shell:Creating environment hook '/home/ryokozuka/ros2_ws/install/mypkg/share/mypkg/hook/pythonpath.ps1'
[2.240s] INFO:colcon.colcon_core.shell:Creating environment descriptor '/home/ryokozuka/ros2_ws/install/mypkg/share/mypkg/hook/pythonpath.dsv'
[2.240s] INFO:colcon.colcon_core.shell:Creating environment hook '/home/ryokozuka/ros2_ws/install/mypkg/share/mypkg/hook/pythonpath.sh'
[2.240s] Level 1:colcon.colcon_core.environment:checking '/home/ryokozuka/ros2_ws/install/mypkg/bin'
[2.240s] Level 1:colcon.colcon_core.environment:create_environment_scripts_only(mypkg)
[2.252s] INFO:colcon.colcon_core.shell:Creating package script '/home/ryokozuka/ros2_ws/install/mypkg/share/mypkg/package.ps1'
[2.253s] INFO:colcon.colcon_core.shell:Creating package descriptor '/home/ryokozuka/ros2_ws/install/mypkg/share/mypkg/package.dsv'
[2.253s] INFO:colcon.colcon_core.shell:Creating package script '/home/ryokozuka/ros2_ws/install/mypkg/share/mypkg/package.sh'
[2.254s] INFO:colcon.colcon_core.shell:Creating package script '/home/ryokozuka/ros2_ws/install/mypkg/share/mypkg/package.bash'
[2.254s] INFO:colcon.colcon_core.shell:Creating package script '/home/ryokozuka/ros2_ws/install/mypkg/share/mypkg/package.zsh'
[2.254s] Level 1:colcon.colcon_core.environment:create_file_with_runtime_dependencies(/home/ryokozuka/ros2_ws/install/mypkg/share/colcon-core/packages/mypkg)
[2.254s] DEBUG:colcon.colcon_parallel_executor.executor.parallel:closing loop
[2.255s] DEBUG:colcon.colcon_parallel_executor.executor.parallel:loop closed
[2.255s] DEBUG:colcon.colcon_parallel_executor.executor.parallel:run_until_complete finished with '0'
[2.255s] DEBUG:colcon.colcon_core.event_reactor:joining thread
[2.300s] INFO:colcon.colcon_core.plugin_system:Skipping extension 'colcon_notification.desktop_notification.notify_send': Could not find 'notify-send'
[2.300s] INFO:colcon.colcon_core.plugin_system:Skipping extension 'colcon_notification.desktop_notification.terminal_notifier': Not used on non-Darwin systems
[2.300s] INFO:colcon.colcon_core.plugin_system:Skipping extension 'colcon_notification.desktop_notification.win32': Not used on non-Windows systems
[2.300s] INFO:colcon.colcon_notification.desktop_notification:Sending desktop notification using 'notify2'
[2.305s] DEBUG:colcon.colcon_notification.desktop_notification.notify2:Failed to initialize notify2: org.freedesktop.DBus.Error.ServiceUnknown: The name org.freedesktop.Notifications was not provided by any .service files
[2.305s] DEBUG:colcon.colcon_core.event_reactor:joined thread
[2.315s] INFO:colcon.colcon_core.shell:Creating prefix script '/home/ryokozuka/ros2_ws/install/local_setup.ps1'
[2.316s] INFO:colcon.colcon_core.shell:Creating prefix util module '/home/ryokozuka/ros2_ws/install/_local_setup_util_ps1.py'
[2.317s] INFO:colcon.colcon_core.shell:Creating prefix chain script '/home/ryokozuka/ros2_ws/install/setup.ps1'
[2.328s] INFO:colcon.colcon_core.shell:Creating prefix script '/home/ryokozuka/ros2_ws/install/local_setup.sh'
[2.329s] INFO:colcon.colcon_core.shell:Creating prefix util module '/home/ryokozuka/ros2_ws/install/_local_setup_util_sh.py'
[2.329s] INFO:colcon.colcon_core.shell:Creating prefix chain script '/home/ryokozuka/ros2_ws/install/setup.sh'
[2.351s] INFO:colcon.colcon_core.shell:Creating prefix script '/home/ryokozuka/ros2_ws/install/local_setup.bash'
[2.352s] INFO:colcon.colcon_core.shell:Creating prefix chain script '/home/ryokozuka/ros2_ws/install/setup.bash'
[2.370s] INFO:colcon.colcon_core.shell:Creating prefix script '/home/ryokozuka/ros2_ws/install/local_setup.zsh'
[2.370s] INFO:colcon.colcon_core.shell:Creating prefix chain script '/home/ryokozuka/ros2_ws/install/setup.zsh'
