[0.756s] Invoking command in '/home/ryokozuka/ros2_ws/src/mypkg': PYTHONPATH=/home/ryokozuka/ros2_ws/build/mypkg/prefix_override:/home/ryokozuka/ros2_ws/install/mypkg/lib/python3.10/site-packages:${PYTHONPATH} /usr/bin/python3 setup.py egg_info --egg-base ../../build/mypkg build --build-base /home/ryokozuka/ros2_ws/build/mypkg/build install --record /home/ryokozuka/ros2_ws/build/mypkg/install.log --single-version-externally-managed
[0.967s] running egg_info
[0.968s] writing ../../build/mypkg/mypkg.egg-info/PKG-INFO
[0.969s] writing dependency_links to ../../build/mypkg/mypkg.egg-info/dependency_links.txt
[0.969s] writing entry points to ../../build/mypkg/mypkg.egg-info/entry_points.txt
[0.970s] writing requirements to ../../build/mypkg/mypkg.egg-info/requires.txt
[0.970s] writing top-level names to ../../build/mypkg/mypkg.egg-info/top_level.txt
[0.971s] reading manifest file '../../build/mypkg/mypkg.egg-info/SOURCES.txt'
[0.972s] writing manifest file '../../build/mypkg/mypkg.egg-info/SOURCES.txt'
[0.972s] running build
[0.972s] running build_py
[0.972s] running install
[0.972s] running install_lib
[0.973s] running install_data
[0.973s] running install_egg_info
[0.974s] removing '/home/ryokozuka/ros2_ws/install/mypkg/lib/python3.10/site-packages/mypkg-0.0.0-py3.10.egg-info' (and everything under it)
[0.976s] Copying ../../build/mypkg/mypkg.egg-info to /home/ryokozuka/ros2_ws/install/mypkg/lib/python3.10/site-packages/mypkg-0.0.0-py3.10.egg-info
[0.976s] running install_scripts
[0.993s] Installing listener script to /home/ryokozuka/ros2_ws/install/mypkg/lib/mypkg
[0.994s] Installing talker script to /home/ryokozuka/ros2_ws/install/mypkg/lib/mypkg
[0.994s] writing list of installed files to '/home/ryokozuka/ros2_ws/build/mypkg/install.log'
[1.021s] Invoked command in '/home/ryokozuka/ros2_ws/src/mypkg' returned '0': PYTHONPATH=/home/ryokozuka/ros2_ws/build/mypkg/prefix_override:/home/ryokozuka/ros2_ws/install/mypkg/lib/python3.10/site-packages:${PYTHONPATH} /usr/bin/python3 setup.py egg_info --egg-base ../../build/mypkg build --build-base /home/ryokozuka/ros2_ws/build/mypkg/build install --record /home/ryokozuka/ros2_ws/build/mypkg/install.log --single-version-externally-managed
