[0.618s] Invoking command in '/home/ryokozuka/ros2_ws/src/mypkg': PYTHONPATH=/home/ryokozuka/ros2_ws/build/mypkg/prefix_override:/home/ryokozuka/ros2_ws/install/mypkg/lib/python3.10/site-packages:${PYTHONPATH} /usr/bin/python3 setup.py egg_info --egg-base ../../build/mypkg build --build-base /home/ryokozuka/ros2_ws/build/mypkg/build install --record /home/ryokozuka/ros2_ws/build/mypkg/install.log --single-version-externally-managed
[0.801s] running egg_info
[0.802s] writing ../../build/mypkg/mypkg.egg-info/PKG-INFO
[0.802s] writing dependency_links to ../../build/mypkg/mypkg.egg-info/dependency_links.txt
[0.803s] writing entry points to ../../build/mypkg/mypkg.egg-info/entry_points.txt
[0.803s] writing requirements to ../../build/mypkg/mypkg.egg-info/requires.txt
[0.803s] writing top-level names to ../../build/mypkg/mypkg.egg-info/top_level.txt
[0.804s] reading manifest file '../../build/mypkg/mypkg.egg-info/SOURCES.txt'
[0.805s] writing manifest file '../../build/mypkg/mypkg.egg-info/SOURCES.txt'
[0.805s] running build
[0.805s] running build_py
[0.806s] running install
[0.806s] /usr/lib/python3/dist-packages/setuptools/command/install.py:34: SetuptoolsDeprecationWarning: setup.py install is deprecated. Use build and pip and other standards-based tools.
[0.806s]   warnings.warn(
[0.806s] running install_lib
[0.808s] running install_data
[0.808s] running install_egg_info
[0.810s] removing '/home/ryokozuka/ros2_ws/install/mypkg/lib/python3.10/site-packages/mypkg-0.0.0-py3.10.egg-info' (and everything under it)
[0.811s] Copying ../../build/mypkg/mypkg.egg-info to /home/ryokozuka/ros2_ws/install/mypkg/lib/python3.10/site-packages/mypkg-0.0.0-py3.10.egg-info
[0.811s] running install_scripts
[0.842s] Installing listener script to /home/ryokozuka/ros2_ws/install/mypkg/lib/mypkg
[0.842s] Installing talker script to /home/ryokozuka/ros2_ws/install/mypkg/lib/mypkg
[0.842s] writing list of installed files to '/home/ryokozuka/ros2_ws/build/mypkg/install.log'
