[0.723s] Invoking command in '/home/ryokozuka/ros2_ws/src/mypkg': PYTHONPATH=/home/ryokozuka/ros2_ws/src/build/mypkg/prefix_override:/home/ryokozuka/ros2_ws/src/install/mypkg/lib/python3.10/site-packages:${PYTHONPATH} /usr/bin/python3 setup.py egg_info --egg-base ../build/mypkg build --build-base /home/ryokozuka/ros2_ws/src/build/mypkg/build install --record /home/ryokozuka/ros2_ws/src/build/mypkg/install.log --single-version-externally-managed
[0.967s] running egg_info
[0.967s] writing ../build/mypkg/mypkg.egg-info/PKG-INFO
[0.968s] writing dependency_links to ../build/mypkg/mypkg.egg-info/dependency_links.txt
[0.968s] writing entry points to ../build/mypkg/mypkg.egg-info/entry_points.txt
[0.968s] writing requirements to ../build/mypkg/mypkg.egg-info/requires.txt
[0.968s] writing top-level names to ../build/mypkg/mypkg.egg-info/top_level.txt
[0.970s] reading manifest file '../build/mypkg/mypkg.egg-info/SOURCES.txt'
[0.972s] writing manifest file '../build/mypkg/mypkg.egg-info/SOURCES.txt'
[0.972s] running build
[0.972s] running build_py
[0.972s] copying mypkg/talker.py -> /home/ryokozuka/ros2_ws/src/build/mypkg/build/lib/mypkg
[0.973s] copying mypkg/listener.py -> /home/ryokozuka/ros2_ws/src/build/mypkg/build/lib/mypkg
[0.974s] running install
[0.974s] /usr/lib/python3/dist-packages/setuptools/command/install.py:34: SetuptoolsDeprecationWarning: setup.py install is deprecated. Use build and pip and other standards-based tools.
[0.974s]   warnings.warn(
[0.975s] running install_lib
[0.977s] copying /home/ryokozuka/ros2_ws/src/build/mypkg/build/lib/mypkg/talker.py -> /home/ryokozuka/ros2_ws/src/install/mypkg/lib/python3.10/site-packages/mypkg
[0.977s] copying /home/ryokozuka/ros2_ws/src/build/mypkg/build/lib/mypkg/listener.py -> /home/ryokozuka/ros2_ws/src/install/mypkg/lib/python3.10/site-packages/mypkg
[0.977s] byte-compiling /home/ryokozuka/ros2_ws/src/install/mypkg/lib/python3.10/site-packages/mypkg/talker.py to talker.cpython-310.pyc
[0.978s] byte-compiling /home/ryokozuka/ros2_ws/src/install/mypkg/lib/python3.10/site-packages/mypkg/listener.py to listener.cpython-310.pyc
[0.978s] running install_data
[0.979s] copying package.xml -> /home/ryokozuka/ros2_ws/src/install/mypkg/share/mypkg
[0.980s] copying launch/talk_listen.launch.py -> /home/ryokozuka/ros2_ws/src/install/mypkg/share/mypkg
[0.980s] running install_egg_info
[0.983s] removing '/home/ryokozuka/ros2_ws/src/install/mypkg/lib/python3.10/site-packages/mypkg-0.0.0-py3.10.egg-info' (and everything under it)
[0.984s] Copying ../build/mypkg/mypkg.egg-info to /home/ryokozuka/ros2_ws/src/install/mypkg/lib/python3.10/site-packages/mypkg-0.0.0-py3.10.egg-info
[0.987s] running install_scripts
[1.006s] Installing listener script to /home/ryokozuka/ros2_ws/src/install/mypkg/lib/mypkg
[1.006s] Installing talker script to /home/ryokozuka/ros2_ws/src/install/mypkg/lib/mypkg
[1.006s] writing list of installed files to '/home/ryokozuka/ros2_ws/src/build/mypkg/install.log'
[1.029s] Invoked command in '/home/ryokozuka/ros2_ws/src/mypkg' returned '0': PYTHONPATH=/home/ryokozuka/ros2_ws/src/build/mypkg/prefix_override:/home/ryokozuka/ros2_ws/src/install/mypkg/lib/python3.10/site-packages:${PYTHONPATH} /usr/bin/python3 setup.py egg_info --egg-base ../build/mypkg build --build-base /home/ryokozuka/ros2_ws/src/build/mypkg/build install --record /home/ryokozuka/ros2_ws/src/build/mypkg/install.log --single-version-externally-managed
