[0.574s] Invoking command in '/home/ryokozuka/ros2_ws/src/mypkg': PYTHONPATH=/home/ryokozuka/ros2_ws/build/mypkg/prefix_override:/home/ryokozuka/ros2_ws/install/mypkg/lib/python3.10/site-packages:${PYTHONPATH} /usr/bin/python3 setup.py egg_info --egg-base ../../build/mypkg build --build-base /home/ryokozuka/ros2_ws/build/mypkg/build install --record /home/ryokozuka/ros2_ws/build/mypkg/install.log --single-version-externally-managed
[0.763s] running egg_info
[0.764s] writing ../../build/mypkg/mypkg.egg-info/PKG-INFO
[0.765s] writing dependency_links to ../../build/mypkg/mypkg.egg-info/dependency_links.txt
[0.765s] writing entry points to ../../build/mypkg/mypkg.egg-info/entry_points.txt
[0.765s] writing requirements to ../../build/mypkg/mypkg.egg-info/requires.txt
[0.765s] writing top-level names to ../../build/mypkg/mypkg.egg-info/top_level.txt
[0.766s] reading manifest file '../../build/mypkg/mypkg.egg-info/SOURCES.txt'
[0.767s] writing manifest file '../../build/mypkg/mypkg.egg-info/SOURCES.txt'
[0.767s] running build
[0.768s] running build_py
[0.768s] running install
[0.768s] /usr/lib/python3/dist-packages/setuptools/command/install.py:34: SetuptoolsDeprecationWarning: setup.py install is deprecated. Use build and pip and other standards-based tools.
[0.768s]   warnings.warn(
[0.768s] running install_lib
[0.769s] byte-compiling /home/ryokozuka/ros2_ws/install/mypkg/lib/python3.10/site-packages/mypkg/listener.py to listener.cpython-310.pyc
[0.770s]   File "/home/ryokozuka/ros2_ws/install/mypkg/lib/python3.10/site-packages/mypkg/listener.py", line 11
[0.770s]     pub = node.create_subscription(Int 16, "countup", cb, 10)
[0.770s]                                    ^^^^^^
[0.770s] SyntaxError: invalid syntax. Perhaps you forgot a comma?
[0.770s] 
[0.770s] running install_data
[0.771s] running install_egg_info
[0.772s] removing '/home/ryokozuka/ros2_ws/install/mypkg/lib/python3.10/site-packages/mypkg-0.0.0-py3.10.egg-info' (and everything under it)
[0.772s] Copying ../../build/mypkg/mypkg.egg-info to /home/ryokozuka/ros2_ws/install/mypkg/lib/python3.10/site-packages/mypkg-0.0.0-py3.10.egg-info
[0.772s] running install_scripts
[0.788s] Installing listener script to /home/ryokozuka/ros2_ws/install/mypkg/lib/mypkg
[0.789s] Installing talker script to /home/ryokozuka/ros2_ws/install/mypkg/lib/mypkg
[0.789s] writing list of installed files to '/home/ryokozuka/ros2_ws/build/mypkg/install.log'
[0.817s] Invoked command in '/home/ryokozuka/ros2_ws/src/mypkg' returned '0': PYTHONPATH=/home/ryokozuka/ros2_ws/build/mypkg/prefix_override:/home/ryokozuka/ros2_ws/install/mypkg/lib/python3.10/site-packages:${PYTHONPATH} /usr/bin/python3 setup.py egg_info --egg-base ../../build/mypkg build --build-base /home/ryokozuka/ros2_ws/build/mypkg/build install --record /home/ryokozuka/ros2_ws/build/mypkg/install.log --single-version-externally-managed
