[0.644s] Invoking command in '/home/ryokozuka/ros2_ws/src/mypkg': PYTHONPATH=/home/ryokozuka/ros2_ws/build/mypkg/prefix_override:/home/ryokozuka/ros2_ws/install/mypkg/lib/python3.10/site-packages:${PYTHONPATH} /usr/bin/python3 setup.py egg_info --egg-base ../../build/mypkg build --build-base /home/ryokozuka/ros2_ws/build/mypkg/build install --record /home/ryokozuka/ros2_ws/build/mypkg/install.log --single-version-externally-managed
[0.853s] running egg_info
[0.854s] writing ../../build/mypkg/mypkg.egg-info/PKG-INFO
[0.854s] writing dependency_links to ../../build/mypkg/mypkg.egg-info/dependency_links.txt
[0.855s] writing entry points to ../../build/mypkg/mypkg.egg-info/entry_points.txt
[0.855s] writing requirements to ../../build/mypkg/mypkg.egg-info/requires.txt
[0.855s] writing top-level names to ../../build/mypkg/mypkg.egg-info/top_level.txt
[0.857s] reading manifest file '../../build/mypkg/mypkg.egg-info/SOURCES.txt'
[0.858s] writing manifest file '../../build/mypkg/mypkg.egg-info/SOURCES.txt'
[0.858s] running build
[0.858s] running build_py
[0.859s] running install
[0.859s] /usr/lib/python3/dist-packages/setuptools/command/install.py:34: SetuptoolsDeprecationWarning: setup.py install is deprecated. Use build and pip and other standards-based tools.
[0.859s]   warnings.warn(
[0.859s] running install_lib
[0.861s] running install_data
[0.861s] running install_egg_info
[0.863s] removing '/home/ryokozuka/ros2_ws/install/mypkg/lib/python3.10/site-packages/mypkg-0.0.0-py3.10.egg-info' (and everything under it)
[0.863s] Copying ../../build/mypkg/mypkg.egg-info to /home/ryokozuka/ros2_ws/install/mypkg/lib/python3.10/site-packages/mypkg-0.0.0-py3.10.egg-info
[0.864s] running install_scripts
[0.886s] Installing listener script to /home/ryokozuka/ros2_ws/install/mypkg/lib/mypkg
[0.886s] Installing talker script to /home/ryokozuka/ros2_ws/install/mypkg/lib/mypkg
[0.888s] writing list of installed files to '/home/ryokozuka/ros2_ws/build/mypkg/install.log'
[0.943s] Invoked command in '/home/ryokozuka/ros2_ws/src/mypkg' returned '0': PYTHONPATH=/home/ryokozuka/ros2_ws/build/mypkg/prefix_override:/home/ryokozuka/ros2_ws/install/mypkg/lib/python3.10/site-packages:${PYTHONPATH} /usr/bin/python3 setup.py egg_info --egg-base ../../build/mypkg build --build-base /home/ryokozuka/ros2_ws/build/mypkg/build install --record /home/ryokozuka/ros2_ws/build/mypkg/install.log --single-version-externally-managed
