[0.578s] Invoking command in '/home/ryokozuka/ros2_ws/src/mypkg': PYTHONPATH=/home/ryokozuka/ros2_ws/src/build/mypkg/prefix_override:/home/ryokozuka/ros2_ws/src/install/mypkg/lib/python3.10/site-packages:${PYTHONPATH} /usr/bin/python3 setup.py egg_info --egg-base ../build/mypkg build --build-base /home/ryokozuka/ros2_ws/src/build/mypkg/build install --record /home/ryokozuka/ros2_ws/src/build/mypkg/install.log --single-version-externally-managed
[0.782s] running egg_info
[0.783s] creating ../build/mypkg/mypkg.egg-info
[0.783s] writing ../build/mypkg/mypkg.egg-info/PKG-INFO
[0.783s] writing dependency_links to ../build/mypkg/mypkg.egg-info/dependency_links.txt
[0.784s] writing entry points to ../build/mypkg/mypkg.egg-info/entry_points.txt
[0.784s] writing requirements to ../build/mypkg/mypkg.egg-info/requires.txt
[0.784s] writing top-level names to ../build/mypkg/mypkg.egg-info/top_level.txt
[0.784s] writing manifest file '../build/mypkg/mypkg.egg-info/SOURCES.txt'
[0.785s] reading manifest file '../build/mypkg/mypkg.egg-info/SOURCES.txt'
[0.786s] writing manifest file '../build/mypkg/mypkg.egg-info/SOURCES.txt'
[0.786s] running build
[0.786s] running build_py
[0.786s] creating /home/ryokozuka/ros2_ws/src/build/mypkg/build
[0.786s] creating /home/ryokozuka/ros2_ws/src/build/mypkg/build/lib
[0.787s] creating /home/ryokozuka/ros2_ws/src/build/mypkg/build/lib/mypkg
[0.787s] copying mypkg/talker.py -> /home/ryokozuka/ros2_ws/src/build/mypkg/build/lib/mypkg
[0.787s] copying mypkg/__init__.py -> /home/ryokozuka/ros2_ws/src/build/mypkg/build/lib/mypkg
[0.787s] running install
[0.787s] /usr/lib/python3/dist-packages/setuptools/command/install.py:34: SetuptoolsDeprecationWarning: setup.py install is deprecated. Use build and pip and other standards-based tools.
[0.787s]   warnings.warn(
[0.788s] running install_lib
[0.788s] creating /home/ryokozuka/ros2_ws/src/install/mypkg/lib/python3.10/site-packages/mypkg
[0.788s] copying /home/ryokozuka/ros2_ws/src/build/mypkg/build/lib/mypkg/talker.py -> /home/ryokozuka/ros2_ws/src/install/mypkg/lib/python3.10/site-packages/mypkg
[0.788s] copying /home/ryokozuka/ros2_ws/src/build/mypkg/build/lib/mypkg/__init__.py -> /home/ryokozuka/ros2_ws/src/install/mypkg/lib/python3.10/site-packages/mypkg
[0.788s] byte-compiling /home/ryokozuka/ros2_ws/src/install/mypkg/lib/python3.10/site-packages/mypkg/talker.py to talker.cpython-310.pyc
[0.788s] byte-compiling /home/ryokozuka/ros2_ws/src/install/mypkg/lib/python3.10/site-packages/mypkg/__init__.py to __init__.cpython-310.pyc
[0.789s] running install_data
[0.789s] creating /home/ryokozuka/ros2_ws/src/install/mypkg/share/ament_index
[0.789s] creating /home/ryokozuka/ros2_ws/src/install/mypkg/share/ament_index/resource_index
[0.789s] creating /home/ryokozuka/ros2_ws/src/install/mypkg/share/ament_index/resource_index/packages
[0.790s] copying resource/mypkg -> /home/ryokozuka/ros2_ws/src/install/mypkg/share/ament_index/resource_index/packages
[0.790s] copying package.xml -> /home/ryokozuka/ros2_ws/src/install/mypkg/share/mypkg
[0.790s] running install_egg_info
[0.791s] Copying ../build/mypkg/mypkg.egg-info to /home/ryokozuka/ros2_ws/src/install/mypkg/lib/python3.10/site-packages/mypkg-0.0.0-py3.10.egg-info
[0.791s] running install_scripts
[0.809s] Installing talker script to /home/ryokozuka/ros2_ws/src/install/mypkg/lib/mypkg
[0.810s] writing list of installed files to '/home/ryokozuka/ros2_ws/src/build/mypkg/install.log'
[0.831s] Invoked command in '/home/ryokozuka/ros2_ws/src/mypkg' returned '0': PYTHONPATH=/home/ryokozuka/ros2_ws/src/build/mypkg/prefix_override:/home/ryokozuka/ros2_ws/src/install/mypkg/lib/python3.10/site-packages:${PYTHONPATH} /usr/bin/python3 setup.py egg_info --egg-base ../build/mypkg build --build-base /home/ryokozuka/ros2_ws/src/build/mypkg/build install --record /home/ryokozuka/ros2_ws/src/build/mypkg/install.log --single-version-externally-managed
