[0.267s] Invoking command in '/home/ryokozuka/ros2_ws/build/person_msgs': /usr/bin/cmake /home/ryokozuka/ros2_ws/src/person_msgs -DCMAKE_INSTALL_PREFIX=/home/ryokozuka/ros2_ws/install/person_msgs
[0.281s] -- Found ament_cmake: 1.3.6 (/opt/ros/humble/share/ament_cmake/cmake)
[0.418s] -- Found rosidl_default_generators: 1.2.0 (/opt/ros/humble/share/rosidl_default_generators/cmake)
[0.421s] -- Using all available rosidl_typesupport_c: rosidl_typesupport_fastrtps_c;rosidl_typesupport_introspection_c
[0.425s] -- Found rosidl_adapter: 3.1.5 (/opt/ros/humble/share/rosidl_adapter/cmake)
[0.551s] -- Using all available rosidl_typesupport_cpp: rosidl_typesupport_fastrtps_cpp;rosidl_typesupport_introspection_cpp
[0.721s] Error parsing '/home/ryokozuka/ros2_ws/src/person_msgs/package.xml':
[0.767s] Traceback (most recent call last):
[0.767s]   File "/opt/ros/humble/share/ament_cmake_core/cmake/core/package_xml_2_cmake.py", line 150, in <module>
[0.767s]     main()
[0.767s]   File "/opt/ros/humble/share/ament_cmake_core/cmake/core/package_xml_2_cmake.py", line 53, in main
[0.767s]     raise e
[0.767s]   File "/opt/ros/humble/share/ament_cmake_core/cmake/core/package_xml_2_cmake.py", line 49, in main
[0.767s]     package = parse_package_string(
[0.767s]   File "/usr/lib/python3/dist-packages/catkin_pkg/package.py", line 786, in parse_package_string
[0.768s]     raise InvalidPackage('Error(s):%s' % (''.join(['\n- %s' % e for e in errors])), filename)
[0.768s] catkin_pkg.package.InvalidPackage: Error(s) in package '/home/ryokozuka/ros2_ws/src/person_msgs/package.xml':
[0.768s] Error(s):
[0.768s] - The manifest of package "person_msgs" (with format version 3) must not contain the following tags: menber_of_group
[0.786s] [31mCMake Error at /opt/ros/humble/share/ament_cmake_core/cmake/core/ament_package_xml.cmake:95 (message):
[0.786s]   execute_process(/usr/bin/python3.10
[0.786s]   /opt/ros/humble/share/ament_cmake_core/cmake/core/package_xml_2_cmake.py
[0.786s]   /home/ryokozuka/ros2_ws/src/person_msgs/package.xml
[0.786s]   /home/ryokozuka/ros2_ws/build/person_msgs/ament_cmake_core/package.cmake)
[0.787s]   returned error code 1
[0.787s] Call Stack (most recent call first):
[0.787s]   /opt/ros/humble/share/ament_cmake_core/cmake/core/ament_package_xml.cmake:49 (_ament_package_xml)
[0.787s]   /opt/ros/humble/share/rosidl_cmake/cmake/rosidl_generate_interfaces.cmake:226 (ament_package_xml)
[0.787s]   CMakeLists.txt:12 (rosidl_generate_interfaces)
[0.787s] 
[0.788s] [0m
[0.788s] -- Configuring incomplete, errors occurred!
[0.788s] See also "/home/ryokozuka/ros2_ws/build/person_msgs/CMakeFiles/CMakeOutput.log".
[0.794s] Invoked command in '/home/ryokozuka/ros2_ws/build/person_msgs' returned '1': /usr/bin/cmake /home/ryokozuka/ros2_ws/src/person_msgs -DCMAKE_INSTALL_PREFIX=/home/ryokozuka/ros2_ws/install/person_msgs
