[0.580s] Invoking command in '/home/ryokozuka/ros2_ws/src/mypkg': PYTHONPATH=/home/ryokozuka/ros2_ws/build/mypkg/prefix_override:/home/ryokozuka/ros2_ws/install/mypkg/lib/python3.10/site-packages:${PYTHONPATH} /usr/bin/python3 setup.py egg_info --egg-base ../../build/mypkg build --build-base /home/ryokozuka/ros2_ws/build/mypkg/build install --record /home/ryokozuka/ros2_ws/build/mypkg/install.log --single-version-externally-managed
[0.778s] running egg_info
[0.779s] writing ../../build/mypkg/mypkg.egg-info/PKG-INFO
[0.779s] writing dependency_links to ../../build/mypkg/mypkg.egg-info/dependency_links.txt
[0.779s] writing entry points to ../../build/mypkg/mypkg.egg-info/entry_points.txt
[0.780s] writing requirements to ../../build/mypkg/mypkg.egg-info/requires.txt
[0.780s] writing top-level names to ../../build/mypkg/mypkg.egg-info/top_level.txt
[0.781s] reading manifest file '../../build/mypkg/mypkg.egg-info/SOURCES.txt'
[0.782s] writing manifest file '../../build/mypkg/mypkg.egg-info/SOURCES.txt'
[0.782s] running build
[0.782s] running build_py
[0.782s] copying mypkg/listener.py -> /home/ryokozuka/ros2_ws/build/mypkg/build/lib/mypkg
[0.783s] running install
[0.783s] /usr/lib/python3/dist-packages/setuptools/command/install.py:34: SetuptoolsDeprecationWarning: setup.py install is deprecated. Use build and pip and other standards-based tools.
[0.783s]   warnings.warn(
[0.783s] running install_lib
[0.784s] copying /home/ryokozuka/ros2_ws/build/mypkg/build/lib/mypkg/listener.py -> /home/ryokozuka/ros2_ws/install/mypkg/lib/python3.10/site-packages/mypkg
[0.784s] byte-compiling /home/ryokozuka/ros2_ws/install/mypkg/lib/python3.10/site-packages/mypkg/listener.py to listener.cpython-310.pyc
[0.784s]   File "/home/ryokozuka/ros2_ws/install/mypkg/lib/python3.10/site-packages/mypkg/listener.py", line 11
[0.784s]     pub = node.create_subscription(Int 16, "countup", cb, 10)
[0.785s]                                    ^^^^^^
[0.785s] SyntaxError: invalid syntax. Perhaps you forgot a comma?
[0.785s] 
[0.785s] running install_data
[0.785s] running install_egg_info
[0.786s] removing '/home/ryokozuka/ros2_ws/install/mypkg/lib/python3.10/site-packages/mypkg-0.0.0-py3.10.egg-info' (and everything under it)
[0.787s] Copying ../../build/mypkg/mypkg.egg-info to /home/ryokozuka/ros2_ws/install/mypkg/lib/python3.10/site-packages/mypkg-0.0.0-py3.10.egg-info
[0.787s] running install_scripts
[0.804s] Installing listener script to /home/ryokozuka/ros2_ws/install/mypkg/lib/mypkg
[0.805s] Installing talker script to /home/ryokozuka/ros2_ws/install/mypkg/lib/mypkg
[0.805s] writing list of installed files to '/home/ryokozuka/ros2_ws/build/mypkg/install.log'
[0.828s] Invoked command in '/home/ryokozuka/ros2_ws/src/mypkg' returned '0': PYTHONPATH=/home/ryokozuka/ros2_ws/build/mypkg/prefix_override:/home/ryokozuka/ros2_ws/install/mypkg/lib/python3.10/site-packages:${PYTHONPATH} /usr/bin/python3 setup.py egg_info --egg-base ../../build/mypkg build --build-base /home/ryokozuka/ros2_ws/build/mypkg/build install --record /home/ryokozuka/ros2_ws/build/mypkg/install.log --single-version-externally-managed
